{"C:\\Users\\1marc\\Desktop\\uni\\Tercero\\Server\\ServerPractice\\src\\app.js": {"path":"C:\\Users\\1marc\\Desktop\\uni\\Tercero\\Server\\ServerPractice\\src\\app.js","statementMap":{"0":{"start":{"line":14,"column":12},"end":{"line":14,"column":21}},"1":{"start":{"line":17,"column":0},"end":{"line":17,"column":18}},"2":{"start":{"line":20,"column":0},"end":{"line":27,"column":1}},"3":{"start":{"line":21,"column":18},"end":{"line":25,"column":4}},"4":{"start":{"line":26,"column":2},"end":{"line":26,"column":27}},"5":{"start":{"line":30,"column":0},"end":{"line":30,"column":41}},"6":{"start":{"line":31,"column":0},"end":{"line":31,"column":63}},"7":{"start":{"line":34,"column":0},"end":{"line":41,"column":3}},"8":{"start":{"line":35,"column":2},"end":{"line":39,"column":3}},"9":{"start":{"line":36,"column":4},"end":{"line":38,"column":7}},"10":{"start":{"line":40,"column":2},"end":{"line":40,"column":9}},"11":{"start":{"line":44,"column":0},"end":{"line":44,"column":47}},"12":{"start":{"line":47,"column":0},"end":{"line":51,"column":4}},"13":{"start":{"line":54,"column":0},"end":{"line":54,"column":33}},"14":{"start":{"line":55,"column":0},"end":{"line":55,"column":37}},"15":{"start":{"line":56,"column":0},"end":{"line":56,"column":39}},"16":{"start":{"line":57,"column":0},"end":{"line":57,"column":49}},"17":{"start":{"line":60,"column":0},"end":{"line":62,"column":3}},"18":{"start":{"line":61,"column":2},"end":{"line":61,"column":82}},"19":{"start":{"line":65,"column":0},"end":{"line":65,"column":22}}},"fnMap":{"0":{"name":"(anonymous_0)","decl":{"start":{"line":34,"column":8},"end":{"line":34,"column":9}},"loc":{"start":{"line":34,"column":28},"end":{"line":41,"column":1}},"line":34},"1":{"name":"(anonymous_1)","decl":{"start":{"line":60,"column":19},"end":{"line":60,"column":20}},"loc":{"start":{"line":60,"column":39},"end":{"line":62,"column":1}},"line":60}},"branchMap":{"0":{"loc":{"start":{"line":20,"column":0},"end":{"line":27,"column":1}},"type":"if","locations":[{"start":{"line":20,"column":0},"end":{"line":27,"column":1}},{"start":{},"end":{}}],"line":20},"1":{"loc":{"start":{"line":35,"column":2},"end":{"line":39,"column":3}},"type":"if","locations":[{"start":{"line":35,"column":2},"end":{"line":39,"column":3}},{"start":{},"end":{}}],"line":35}},"s":{"0":4,"1":4,"2":4,"3":0,"4":0,"5":4,"6":4,"7":4,"8":356,"9":312,"10":356,"11":4,"12":4,"13":4,"14":4,"15":4,"16":4,"17":4,"18":0,"19":4},"f":{"0":356,"1":0},"b":{"0":[0,4],"1":[312,44]},"inputSourceMap":null,"_coverageSchema":"1a1c01bbd47fc00a2c39e90264f33305004495a9","hash":"27f67441ac96b0b89cca138c032c7c3f7c05f132"}
,"C:\\Users\\1marc\\Desktop\\uni\\Tercero\\Server\\ServerPractice\\src\\controllers\\client.controller.js": {"path":"C:\\Users\\1marc\\Desktop\\uni\\Tercero\\Server\\ServerPractice\\src\\controllers\\client.controller.js","statementMap":{"0":{"start":{"line":5,"column":19},"end":{"line":14,"column":1}},"1":{"start":{"line":6,"column":16},"end":{"line":6,"column":27}},"2":{"start":{"line":7,"column":2},"end":{"line":7,"column":33}},"3":{"start":{"line":9,"column":2},"end":{"line":11,"column":3}},"4":{"start":{"line":10,"column":4},"end":{"line":10,"column":55}},"5":{"start":{"line":13,"column":2},"end":{"line":13,"column":15}},"6":{"start":{"line":16,"column":28},"end":{"line":44,"column":1}},"7":{"start":{"line":17,"column":2},"end":{"line":43,"column":3}},"8":{"start":{"line":18,"column":49},"end":{"line":18,"column":57}},"9":{"start":{"line":20,"column":4},"end":{"line":22,"column":5}},"10":{"start":{"line":21,"column":6},"end":{"line":21,"column":77}},"11":{"start":{"line":24,"column":27},"end":{"line":24,"column":83}},"12":{"start":{"line":25,"column":4},"end":{"line":27,"column":5}},"13":{"start":{"line":26,"column":6},"end":{"line":26,"column":90}},"14":{"start":{"line":29,"column":19},"end":{"line":37,"column":6}},"15":{"start":{"line":39,"column":4},"end":{"line":39,"column":58}},"16":{"start":{"line":40,"column":4},"end":{"line":40,"column":33}},"17":{"start":{"line":42,"column":4},"end":{"line":42,"column":16}},"18":{"start":{"line":46,"column":26},"end":{"line":75,"column":1}},"19":{"start":{"line":47,"column":2},"end":{"line":74,"column":3}},"20":{"start":{"line":48,"column":4},"end":{"line":50,"column":5}},"21":{"start":{"line":49,"column":6},"end":{"line":49,"column":77}},"22":{"start":{"line":52,"column":17},"end":{"line":52,"column":63}},"23":{"start":{"line":53,"column":18},"end":{"line":53,"column":66}},"24":{"start":{"line":54,"column":17},"end":{"line":54,"column":35}},"25":{"start":{"line":55,"column":23},"end":{"line":55,"column":45}},"26":{"start":{"line":56,"column":17},"end":{"line":56,"column":86}},"27":{"start":{"line":58,"column":18},"end":{"line":58,"column":65}},"28":{"start":{"line":59,"column":34},"end":{"line":62,"column":6}},"29":{"start":{"line":63,"column":23},"end":{"line":63,"column":52}},"30":{"start":{"line":65,"column":4},"end":{"line":71,"column":7}},"31":{"start":{"line":73,"column":4},"end":{"line":73,"column":16}},"32":{"start":{"line":77,"column":34},"end":{"line":106,"column":1}},"33":{"start":{"line":78,"column":2},"end":{"line":105,"column":3}},"34":{"start":{"line":79,"column":4},"end":{"line":81,"column":5}},"35":{"start":{"line":80,"column":6},"end":{"line":80,"column":77}},"36":{"start":{"line":83,"column":17},"end":{"line":83,"column":63}},"37":{"start":{"line":84,"column":18},"end":{"line":84,"column":66}},"38":{"start":{"line":85,"column":17},"end":{"line":85,"column":35}},"39":{"start":{"line":86,"column":23},"end":{"line":86,"column":45}},"40":{"start":{"line":87,"column":17},"end":{"line":87,"column":86}},"41":{"start":{"line":89,"column":18},"end":{"line":89,"column":64}},"42":{"start":{"line":90,"column":34},"end":{"line":93,"column":6}},"43":{"start":{"line":94,"column":23},"end":{"line":94,"column":52}},"44":{"start":{"line":96,"column":4},"end":{"line":102,"column":7}},"45":{"start":{"line":104,"column":4},"end":{"line":104,"column":16}},"46":{"start":{"line":108,"column":25},"end":{"line":128,"column":1}},"47":{"start":{"line":109,"column":2},"end":{"line":127,"column":3}},"48":{"start":{"line":110,"column":4},"end":{"line":112,"column":5}},"49":{"start":{"line":111,"column":6},"end":{"line":111,"column":77}},"50":{"start":{"line":114,"column":19},"end":{"line":118,"column":6}},"51":{"start":{"line":120,"column":4},"end":{"line":122,"column":5}},"52":{"start":{"line":121,"column":6},"end":{"line":121,"column":50}},"53":{"start":{"line":124,"column":4},"end":{"line":124,"column":33}},"54":{"start":{"line":126,"column":4},"end":{"line":126,"column":16}},"55":{"start":{"line":130,"column":28},"end":{"line":165,"column":1}},"56":{"start":{"line":131,"column":2},"end":{"line":164,"column":3}},"57":{"start":{"line":132,"column":4},"end":{"line":134,"column":5}},"58":{"start":{"line":133,"column":6},"end":{"line":133,"column":77}},"59":{"start":{"line":136,"column":27},"end":{"line":140,"column":6}},"60":{"start":{"line":141,"column":4},"end":{"line":143,"column":5}},"61":{"start":{"line":142,"column":6},"end":{"line":142,"column":90}},"62":{"start":{"line":145,"column":19},"end":{"line":155,"column":5}},"63":{"start":{"line":157,"column":4},"end":{"line":159,"column":5}},"64":{"start":{"line":158,"column":6},"end":{"line":158,"column":50}},"65":{"start":{"line":161,"column":4},"end":{"line":161,"column":33}},"66":{"start":{"line":163,"column":4},"end":{"line":163,"column":16}},"67":{"start":{"line":167,"column":29},"end":{"line":187,"column":1}},"68":{"start":{"line":168,"column":2},"end":{"line":186,"column":3}},"69":{"start":{"line":169,"column":4},"end":{"line":171,"column":5}},"70":{"start":{"line":170,"column":6},"end":{"line":170,"column":77}},"71":{"start":{"line":173,"column":19},"end":{"line":177,"column":5}},"72":{"start":{"line":179,"column":4},"end":{"line":181,"column":5}},"73":{"start":{"line":180,"column":6},"end":{"line":180,"column":59}},"74":{"start":{"line":183,"column":4},"end":{"line":183,"column":33}},"75":{"start":{"line":185,"column":4},"end":{"line":185,"column":16}},"76":{"start":{"line":189,"column":28},"end":{"line":216,"column":1}},"77":{"start":{"line":190,"column":2},"end":{"line":215,"column":3}},"78":{"start":{"line":191,"column":4},"end":{"line":193,"column":5}},"79":{"start":{"line":192,"column":6},"end":{"line":192,"column":77}},"80":{"start":{"line":195,"column":19},"end":{"line":195,"column":44}},"81":{"start":{"line":198,"column":4},"end":{"line":206,"column":5}},"82":{"start":{"line":199,"column":6},"end":{"line":203,"column":8}},"83":{"start":{"line":205,"column":6},"end":{"line":205,"column":96}},"84":{"start":{"line":208,"column":4},"end":{"line":210,"column":5}},"85":{"start":{"line":209,"column":6},"end":{"line":209,"column":50}},"86":{"start":{"line":212,"column":4},"end":{"line":212,"column":27}},"87":{"start":{"line":214,"column":4},"end":{"line":214,"column":16}}},"fnMap":{"0":{"name":"(anonymous_0)","decl":{"start":{"line":5,"column":19},"end":{"line":5,"column":20}},"loc":{"start":{"line":5,"column":68},"end":{"line":14,"column":1}},"line":5},"1":{"name":"(anonymous_1)","decl":{"start":{"line":16,"column":28},"end":{"line":16,"column":29}},"loc":{"start":{"line":16,"column":54},"end":{"line":44,"column":1}},"line":16},"2":{"name":"(anonymous_2)","decl":{"start":{"line":46,"column":26},"end":{"line":46,"column":27}},"loc":{"start":{"line":46,"column":52},"end":{"line":75,"column":1}},"line":46},"3":{"name":"(anonymous_3)","decl":{"start":{"line":77,"column":34},"end":{"line":77,"column":35}},"loc":{"start":{"line":77,"column":60},"end":{"line":106,"column":1}},"line":77},"4":{"name":"(anonymous_4)","decl":{"start":{"line":108,"column":25},"end":{"line":108,"column":26}},"loc":{"start":{"line":108,"column":51},"end":{"line":128,"column":1}},"line":108},"5":{"name":"(anonymous_5)","decl":{"start":{"line":130,"column":28},"end":{"line":130,"column":29}},"loc":{"start":{"line":130,"column":54},"end":{"line":165,"column":1}},"line":130},"6":{"name":"(anonymous_6)","decl":{"start":{"line":167,"column":29},"end":{"line":167,"column":30}},"loc":{"start":{"line":167,"column":55},"end":{"line":187,"column":1}},"line":167},"7":{"name":"(anonymous_7)","decl":{"start":{"line":189,"column":28},"end":{"line":189,"column":29}},"loc":{"start":{"line":189,"column":54},"end":{"line":216,"column":1}},"line":189}},"branchMap":{"0":{"loc":{"start":{"line":5,"column":29},"end":{"line":5,"column":51}},"type":"default-arg","locations":[{"start":{"line":5,"column":46},"end":{"line":5,"column":51}}],"line":5},"1":{"loc":{"start":{"line":9,"column":2},"end":{"line":11,"column":3}},"type":"if","locations":[{"start":{"line":9,"column":2},"end":{"line":11,"column":3}},{"start":{},"end":{}}],"line":9},"2":{"loc":{"start":{"line":20,"column":4},"end":{"line":22,"column":5}},"type":"if","locations":[{"start":{"line":20,"column":4},"end":{"line":22,"column":5}},{"start":{},"end":{}}],"line":20},"3":{"loc":{"start":{"line":20,"column":8},"end":{"line":20,"column":38}},"type":"binary-expr","locations":[{"start":{"line":20,"column":8},"end":{"line":20,"column":17}},{"start":{"line":20,"column":21},"end":{"line":20,"column":38}}],"line":20},"4":{"loc":{"start":{"line":25,"column":4},"end":{"line":27,"column":5}},"type":"if","locations":[{"start":{"line":25,"column":4},"end":{"line":27,"column":5}},{"start":{},"end":{}}],"line":25},"5":{"loc":{"start":{"line":48,"column":4},"end":{"line":50,"column":5}},"type":"if","locations":[{"start":{"line":48,"column":4},"end":{"line":50,"column":5}},{"start":{},"end":{}}],"line":48},"6":{"loc":{"start":{"line":48,"column":8},"end":{"line":48,"column":38}},"type":"binary-expr","locations":[{"start":{"line":48,"column":8},"end":{"line":48,"column":17}},{"start":{"line":48,"column":21},"end":{"line":48,"column":38}}],"line":48},"7":{"loc":{"start":{"line":52,"column":26},"end":{"line":52,"column":59}},"type":"binary-expr","locations":[{"start":{"line":52,"column":26},"end":{"line":52,"column":54}},{"start":{"line":52,"column":58},"end":{"line":52,"column":59}}],"line":52},"8":{"loc":{"start":{"line":53,"column":27},"end":{"line":53,"column":62}},"type":"binary-expr","locations":[{"start":{"line":53,"column":27},"end":{"line":53,"column":56}},{"start":{"line":53,"column":60},"end":{"line":53,"column":62}}],"line":53},"9":{"loc":{"start":{"line":55,"column":23},"end":{"line":55,"column":45}},"type":"binary-expr","locations":[{"start":{"line":55,"column":23},"end":{"line":55,"column":37}},{"start":{"line":55,"column":41},"end":{"line":55,"column":45}}],"line":55},"10":{"loc":{"start":{"line":56,"column":17},"end":{"line":56,"column":86}},"type":"cond-expr","locations":[{"start":{"line":56,"column":50},"end":{"line":56,"column":66}},{"start":{"line":56,"column":69},"end":{"line":56,"column":86}}],"line":56},"11":{"loc":{"start":{"line":79,"column":4},"end":{"line":81,"column":5}},"type":"if","locations":[{"start":{"line":79,"column":4},"end":{"line":81,"column":5}},{"start":{},"end":{}}],"line":79},"12":{"loc":{"start":{"line":79,"column":8},"end":{"line":79,"column":38}},"type":"binary-expr","locations":[{"start":{"line":79,"column":8},"end":{"line":79,"column":17}},{"start":{"line":79,"column":21},"end":{"line":79,"column":38}}],"line":79},"13":{"loc":{"start":{"line":83,"column":26},"end":{"line":83,"column":59}},"type":"binary-expr","locations":[{"start":{"line":83,"column":26},"end":{"line":83,"column":54}},{"start":{"line":83,"column":58},"end":{"line":83,"column":59}}],"line":83},"14":{"loc":{"start":{"line":84,"column":27},"end":{"line":84,"column":62}},"type":"binary-expr","locations":[{"start":{"line":84,"column":27},"end":{"line":84,"column":56}},{"start":{"line":84,"column":60},"end":{"line":84,"column":62}}],"line":84},"15":{"loc":{"start":{"line":86,"column":23},"end":{"line":86,"column":45}},"type":"binary-expr","locations":[{"start":{"line":86,"column":23},"end":{"line":86,"column":37}},{"start":{"line":86,"column":41},"end":{"line":86,"column":45}}],"line":86},"16":{"loc":{"start":{"line":87,"column":17},"end":{"line":87,"column":86}},"type":"cond-expr","locations":[{"start":{"line":87,"column":50},"end":{"line":87,"column":66}},{"start":{"line":87,"column":69},"end":{"line":87,"column":86}}],"line":87},"17":{"loc":{"start":{"line":110,"column":4},"end":{"line":112,"column":5}},"type":"if","locations":[{"start":{"line":110,"column":4},"end":{"line":112,"column":5}},{"start":{},"end":{}}],"line":110},"18":{"loc":{"start":{"line":110,"column":8},"end":{"line":110,"column":38}},"type":"binary-expr","locations":[{"start":{"line":110,"column":8},"end":{"line":110,"column":17}},{"start":{"line":110,"column":21},"end":{"line":110,"column":38}}],"line":110},"19":{"loc":{"start":{"line":120,"column":4},"end":{"line":122,"column":5}},"type":"if","locations":[{"start":{"line":120,"column":4},"end":{"line":122,"column":5}},{"start":{},"end":{}}],"line":120},"20":{"loc":{"start":{"line":132,"column":4},"end":{"line":134,"column":5}},"type":"if","locations":[{"start":{"line":132,"column":4},"end":{"line":134,"column":5}},{"start":{},"end":{}}],"line":132},"21":{"loc":{"start":{"line":132,"column":8},"end":{"line":132,"column":38}},"type":"binary-expr","locations":[{"start":{"line":132,"column":8},"end":{"line":132,"column":17}},{"start":{"line":132,"column":21},"end":{"line":132,"column":38}}],"line":132},"22":{"loc":{"start":{"line":141,"column":4},"end":{"line":143,"column":5}},"type":"if","locations":[{"start":{"line":141,"column":4},"end":{"line":143,"column":5}},{"start":{},"end":{}}],"line":141},"23":{"loc":{"start":{"line":157,"column":4},"end":{"line":159,"column":5}},"type":"if","locations":[{"start":{"line":157,"column":4},"end":{"line":159,"column":5}},{"start":{},"end":{}}],"line":157},"24":{"loc":{"start":{"line":169,"column":4},"end":{"line":171,"column":5}},"type":"if","locations":[{"start":{"line":169,"column":4},"end":{"line":171,"column":5}},{"start":{},"end":{}}],"line":169},"25":{"loc":{"start":{"line":169,"column":8},"end":{"line":169,"column":38}},"type":"binary-expr","locations":[{"start":{"line":169,"column":8},"end":{"line":169,"column":17}},{"start":{"line":169,"column":21},"end":{"line":169,"column":38}}],"line":169},"26":{"loc":{"start":{"line":179,"column":4},"end":{"line":181,"column":5}},"type":"if","locations":[{"start":{"line":179,"column":4},"end":{"line":181,"column":5}},{"start":{},"end":{}}],"line":179},"27":{"loc":{"start":{"line":191,"column":4},"end":{"line":193,"column":5}},"type":"if","locations":[{"start":{"line":191,"column":4},"end":{"line":193,"column":5}},{"start":{},"end":{}}],"line":191},"28":{"loc":{"start":{"line":191,"column":8},"end":{"line":191,"column":38}},"type":"binary-expr","locations":[{"start":{"line":191,"column":8},"end":{"line":191,"column":17}},{"start":{"line":191,"column":21},"end":{"line":191,"column":38}}],"line":191},"29":{"loc":{"start":{"line":198,"column":4},"end":{"line":206,"column":5}},"type":"if","locations":[{"start":{"line":198,"column":4},"end":{"line":206,"column":5}},{"start":{"line":204,"column":11},"end":{"line":206,"column":5}}],"line":198},"30":{"loc":{"start":{"line":208,"column":4},"end":{"line":210,"column":5}},"type":"if","locations":[{"start":{"line":208,"column":4},"end":{"line":210,"column":5}},{"start":{},"end":{}}],"line":208}},"s":{"0":4,"1":6,"2":6,"3":6,"4":0,"5":6,"6":4,"7":55,"8":55,"9":55,"10":0,"11":55,"12":55,"13":1,"14":54,"15":54,"16":54,"17":1,"18":4,"19":4,"20":4,"21":0,"22":4,"23":4,"24":4,"25":4,"26":4,"27":4,"28":4,"29":4,"30":4,"31":0,"32":4,"33":2,"34":2,"35":0,"36":2,"37":2,"38":2,"39":2,"40":2,"41":2,"42":2,"43":2,"44":2,"45":0,"46":4,"47":2,"48":2,"49":0,"50":2,"51":2,"52":1,"53":1,"54":1,"55":4,"56":1,"57":1,"58":0,"59":1,"60":1,"61":0,"62":1,"63":1,"64":0,"65":1,"66":0,"67":4,"68":1,"69":1,"70":0,"71":1,"72":1,"73":0,"74":1,"75":0,"76":4,"77":4,"78":4,"79":0,"80":4,"81":4,"82":3,"83":1,"84":4,"85":0,"86":4,"87":0},"f":{"0":6,"1":55,"2":4,"3":2,"4":2,"5":1,"6":1,"7":4},"b":{"0":[0],"1":[0,6],"2":[0,55],"3":[55,55],"4":[1,54],"5":[0,4],"6":[4,4],"7":[4,3],"8":[4,3],"9":[4,4],"10":[0,4],"11":[0,2],"12":[2,2],"13":[2,2],"14":[2,2],"15":[2,2],"16":[0,2],"17":[0,2],"18":[2,2],"19":[1,1],"20":[0,1],"21":[1,1],"22":[0,1],"23":[0,1],"24":[0,1],"25":[1,1],"26":[0,1],"27":[0,4],"28":[4,4],"29":[3,1],"30":[0,4]},"inputSourceMap":null,"_coverageSchema":"1a1c01bbd47fc00a2c39e90264f33305004495a9","hash":"492a78bc0e71a034a990c6aa7738f0b9071fda1c"}
,"C:\\Users\\1marc\\Desktop\\uni\\Tercero\\Server\\ServerPractice\\src\\controllers\\deliverynote.controller.js": {"path":"C:\\Users\\1marc\\Desktop\\uni\\Tercero\\Server\\ServerPractice\\src\\controllers\\deliverynote.controller.js","statementMap":{"0":{"start":{"line":9,"column":18},"end":{"line":14,"column":1}},"1":{"start":{"line":10,"column":2},"end":{"line":10,"column":37}},"2":{"start":{"line":10,"column":18},"end":{"line":10,"column":37}},"3":{"start":{"line":11,"column":2},"end":{"line":11,"column":70}},"4":{"start":{"line":11,"column":34},"end":{"line":11,"column":70}},"5":{"start":{"line":12,"column":2},"end":{"line":12,"column":69}},"6":{"start":{"line":12,"column":33},"end":{"line":12,"column":69}},"7":{"start":{"line":13,"column":2},"end":{"line":13,"column":28}},"8":{"start":{"line":16,"column":34},"end":{"line":56,"column":1}},"9":{"start":{"line":17,"column":2},"end":{"line":55,"column":3}},"10":{"start":{"line":18,"column":4},"end":{"line":20,"column":5}},"11":{"start":{"line":19,"column":6},"end":{"line":19,"column":77}},"12":{"start":{"line":22,"column":105},"end":{"line":22,"column":113}},"13":{"start":{"line":24,"column":36},"end":{"line":27,"column":6}},"14":{"start":{"line":29,"column":4},"end":{"line":31,"column":5}},"15":{"start":{"line":30,"column":6},"end":{"line":30,"column":66}},"16":{"start":{"line":32,"column":4},"end":{"line":34,"column":5}},"17":{"start":{"line":33,"column":6},"end":{"line":33,"column":67}},"18":{"start":{"line":36,"column":25},"end":{"line":49,"column":6}},"19":{"start":{"line":51,"column":4},"end":{"line":51,"column":70}},"20":{"start":{"line":52,"column":4},"end":{"line":52,"column":39}},"21":{"start":{"line":54,"column":4},"end":{"line":54,"column":16}},"22":{"start":{"line":58,"column":32},"end":{"line":107,"column":1}},"23":{"start":{"line":59,"column":2},"end":{"line":106,"column":3}},"24":{"start":{"line":60,"column":4},"end":{"line":62,"column":5}},"25":{"start":{"line":61,"column":6},"end":{"line":61,"column":77}},"26":{"start":{"line":64,"column":17},"end":{"line":64,"column":63}},"27":{"start":{"line":65,"column":18},"end":{"line":65,"column":66}},"28":{"start":{"line":66,"column":17},"end":{"line":66,"column":35}},"29":{"start":{"line":67,"column":26},"end":{"line":67,"column":56}},"30":{"start":{"line":68,"column":25},"end":{"line":68,"column":54}},"31":{"start":{"line":69,"column":25},"end":{"line":69,"column":54}},"32":{"start":{"line":70,"column":25},"end":{"line":70,"column":97}},"33":{"start":{"line":71,"column":17},"end":{"line":71,"column":60}},"34":{"start":{"line":72,"column":17},"end":{"line":72,"column":70}},"35":{"start":{"line":73,"column":15},"end":{"line":73,"column":64}},"36":{"start":{"line":75,"column":18},"end":{"line":75,"column":63}},"37":{"start":{"line":76,"column":4},"end":{"line":76,"column":53}},"38":{"start":{"line":76,"column":23},"end":{"line":76,"column":53}},"39":{"start":{"line":77,"column":4},"end":{"line":77,"column":50}},"40":{"start":{"line":77,"column":22},"end":{"line":77,"column":50}},"41":{"start":{"line":78,"column":4},"end":{"line":78,"column":50}},"42":{"start":{"line":78,"column":22},"end":{"line":78,"column":50}},"43":{"start":{"line":79,"column":4},"end":{"line":79,"column":64}},"44":{"start":{"line":79,"column":36},"end":{"line":79,"column":64}},"45":{"start":{"line":80,"column":4},"end":{"line":84,"column":5}},"46":{"start":{"line":81,"column":6},"end":{"line":81,"column":26}},"47":{"start":{"line":82,"column":6},"end":{"line":82,"column":76}},"48":{"start":{"line":82,"column":49},"end":{"line":82,"column":76}},"49":{"start":{"line":83,"column":6},"end":{"line":83,"column":70}},"50":{"start":{"line":83,"column":45},"end":{"line":83,"column":70}},"51":{"start":{"line":86,"column":40},"end":{"line":93,"column":6}},"52":{"start":{"line":95,"column":23},"end":{"line":95,"column":52}},"53":{"start":{"line":97,"column":4},"end":{"line":103,"column":7}},"54":{"start":{"line":105,"column":4},"end":{"line":105,"column":16}},"55":{"start":{"line":109,"column":31},"end":{"line":129,"column":1}},"56":{"start":{"line":110,"column":2},"end":{"line":128,"column":3}},"57":{"start":{"line":111,"column":4},"end":{"line":113,"column":5}},"58":{"start":{"line":112,"column":6},"end":{"line":112,"column":77}},"59":{"start":{"line":115,"column":25},"end":{"line":119,"column":38}},"60":{"start":{"line":121,"column":4},"end":{"line":123,"column":5}},"61":{"start":{"line":122,"column":6},"end":{"line":122,"column":57}},"62":{"start":{"line":125,"column":4},"end":{"line":125,"column":39}},"63":{"start":{"line":127,"column":4},"end":{"line":127,"column":16}},"64":{"start":{"line":131,"column":39},"end":{"line":161,"column":1}},"65":{"start":{"line":132,"column":2},"end":{"line":160,"column":3}},"66":{"start":{"line":133,"column":4},"end":{"line":135,"column":5}},"67":{"start":{"line":134,"column":6},"end":{"line":134,"column":77}},"68":{"start":{"line":137,"column":25},"end":{"line":141,"column":38}},"69":{"start":{"line":143,"column":4},"end":{"line":145,"column":5}},"70":{"start":{"line":144,"column":6},"end":{"line":144,"column":57}},"71":{"start":{"line":147,"column":4},"end":{"line":150,"column":5}},"72":{"start":{"line":148,"column":6},"end":{"line":148,"column":61}},"73":{"start":{"line":149,"column":6},"end":{"line":149,"column":32}},"74":{"start":{"line":152,"column":4},"end":{"line":152,"column":53}},"75":{"start":{"line":153,"column":4},"end":{"line":153,"column":104}},"76":{"start":{"line":155,"column":19},"end":{"line":155,"column":60}},"77":{"start":{"line":156,"column":4},"end":{"line":156,"column":43}},"78":{"start":{"line":156,"column":32},"end":{"line":156,"column":41}},"79":{"start":{"line":157,"column":4},"end":{"line":157,"column":21}},"80":{"start":{"line":159,"column":4},"end":{"line":159,"column":16}},"81":{"start":{"line":163,"column":32},"end":{"line":216,"column":1}},"82":{"start":{"line":164,"column":2},"end":{"line":215,"column":3}},"83":{"start":{"line":166,"column":4},"end":{"line":168,"column":5}},"84":{"start":{"line":167,"column":6},"end":{"line":167,"column":77}},"85":{"start":{"line":171,"column":25},"end":{"line":175,"column":38}},"86":{"start":{"line":177,"column":4},"end":{"line":179,"column":5}},"87":{"start":{"line":178,"column":6},"end":{"line":178,"column":57}},"88":{"start":{"line":182,"column":4},"end":{"line":184,"column":5}},"89":{"start":{"line":183,"column":6},"end":{"line":183,"column":65}},"90":{"start":{"line":187,"column":30},"end":{"line":187,"column":38}},"91":{"start":{"line":190,"column":24},"end":{"line":190,"column":61}},"92":{"start":{"line":192,"column":4},"end":{"line":194,"column":5}},"93":{"start":{"line":193,"column":6},"end":{"line":193,"column":98}},"94":{"start":{"line":197,"column":4},"end":{"line":197,"column":47}},"95":{"start":{"line":198,"column":4},"end":{"line":198,"column":31}},"96":{"start":{"line":199,"column":4},"end":{"line":199,"column":39}},"97":{"start":{"line":203,"column":4},"end":{"line":203,"column":59}},"98":{"start":{"line":206,"column":4},"end":{"line":206,"column":30}},"99":{"start":{"line":208,"column":4},"end":{"line":208,"column":73}},"100":{"start":{"line":211,"column":4},"end":{"line":211,"column":39}},"101":{"start":{"line":214,"column":4},"end":{"line":214,"column":16}},"102":{"start":{"line":218,"column":34},"end":{"line":248,"column":1}},"103":{"start":{"line":219,"column":2},"end":{"line":247,"column":3}},"104":{"start":{"line":220,"column":4},"end":{"line":222,"column":5}},"105":{"start":{"line":221,"column":6},"end":{"line":221,"column":77}},"106":{"start":{"line":224,"column":19},"end":{"line":224,"column":45}},"107":{"start":{"line":225,"column":18},"end":{"line":225,"column":83}},"108":{"start":{"line":227,"column":25},"end":{"line":227,"column":58}},"109":{"start":{"line":229,"column":4},"end":{"line":231,"column":5}},"110":{"start":{"line":230,"column":6},"end":{"line":230,"column":57}},"111":{"start":{"line":233,"column":4},"end":{"line":235,"column":5}},"112":{"start":{"line":234,"column":6},"end":{"line":234,"column":73}},"113":{"start":{"line":237,"column":4},"end":{"line":242,"column":5}},"114":{"start":{"line":238,"column":6},"end":{"line":238,"column":34}},"115":{"start":{"line":239,"column":6},"end":{"line":239,"column":32}},"116":{"start":{"line":241,"column":6},"end":{"line":241,"column":37}},"117":{"start":{"line":244,"column":4},"end":{"line":244,"column":27}},"118":{"start":{"line":246,"column":4},"end":{"line":246,"column":16}}},"fnMap":{"0":{"name":"(anonymous_0)","decl":{"start":{"line":9,"column":18},"end":{"line":9,"column":19}},"loc":{"start":{"line":9,"column":46},"end":{"line":14,"column":1}},"line":9},"1":{"name":"(anonymous_1)","decl":{"start":{"line":16,"column":34},"end":{"line":16,"column":35}},"loc":{"start":{"line":16,"column":60},"end":{"line":56,"column":1}},"line":16},"2":{"name":"(anonymous_2)","decl":{"start":{"line":58,"column":32},"end":{"line":58,"column":33}},"loc":{"start":{"line":58,"column":58},"end":{"line":107,"column":1}},"line":58},"3":{"name":"(anonymous_3)","decl":{"start":{"line":109,"column":31},"end":{"line":109,"column":32}},"loc":{"start":{"line":109,"column":57},"end":{"line":129,"column":1}},"line":109},"4":{"name":"(anonymous_4)","decl":{"start":{"line":131,"column":39},"end":{"line":131,"column":40}},"loc":{"start":{"line":131,"column":65},"end":{"line":161,"column":1}},"line":131},"5":{"name":"(anonymous_5)","decl":{"start":{"line":156,"column":23},"end":{"line":156,"column":24}},"loc":{"start":{"line":156,"column":32},"end":{"line":156,"column":41}},"line":156},"6":{"name":"(anonymous_6)","decl":{"start":{"line":163,"column":32},"end":{"line":163,"column":33}},"loc":{"start":{"line":163,"column":58},"end":{"line":216,"column":1}},"line":163},"7":{"name":"(anonymous_7)","decl":{"start":{"line":218,"column":34},"end":{"line":218,"column":35}},"loc":{"start":{"line":218,"column":60},"end":{"line":248,"column":1}},"line":218}},"branchMap":{"0":{"loc":{"start":{"line":10,"column":2},"end":{"line":10,"column":37}},"type":"if","locations":[{"start":{"line":10,"column":2},"end":{"line":10,"column":37}},{"start":{},"end":{}}],"line":10},"1":{"loc":{"start":{"line":11,"column":2},"end":{"line":11,"column":70}},"type":"if","locations":[{"start":{"line":11,"column":2},"end":{"line":11,"column":70}},{"start":{},"end":{}}],"line":11},"2":{"loc":{"start":{"line":12,"column":2},"end":{"line":12,"column":69}},"type":"if","locations":[{"start":{"line":12,"column":2},"end":{"line":12,"column":69}},{"start":{},"end":{}}],"line":12},"3":{"loc":{"start":{"line":18,"column":4},"end":{"line":20,"column":5}},"type":"if","locations":[{"start":{"line":18,"column":4},"end":{"line":20,"column":5}},{"start":{},"end":{}}],"line":18},"4":{"loc":{"start":{"line":18,"column":8},"end":{"line":18,"column":38}},"type":"binary-expr","locations":[{"start":{"line":18,"column":8},"end":{"line":18,"column":17}},{"start":{"line":18,"column":21},"end":{"line":18,"column":38}}],"line":18},"5":{"loc":{"start":{"line":29,"column":4},"end":{"line":31,"column":5}},"type":"if","locations":[{"start":{"line":29,"column":4},"end":{"line":31,"column":5}},{"start":{},"end":{}}],"line":29},"6":{"loc":{"start":{"line":32,"column":4},"end":{"line":34,"column":5}},"type":"if","locations":[{"start":{"line":32,"column":4},"end":{"line":34,"column":5}},{"start":{},"end":{}}],"line":32},"7":{"loc":{"start":{"line":60,"column":4},"end":{"line":62,"column":5}},"type":"if","locations":[{"start":{"line":60,"column":4},"end":{"line":62,"column":5}},{"start":{},"end":{}}],"line":60},"8":{"loc":{"start":{"line":60,"column":8},"end":{"line":60,"column":38}},"type":"binary-expr","locations":[{"start":{"line":60,"column":8},"end":{"line":60,"column":17}},{"start":{"line":60,"column":21},"end":{"line":60,"column":38}}],"line":60},"9":{"loc":{"start":{"line":64,"column":26},"end":{"line":64,"column":59}},"type":"binary-expr","locations":[{"start":{"line":64,"column":26},"end":{"line":64,"column":54}},{"start":{"line":64,"column":58},"end":{"line":64,"column":59}}],"line":64},"10":{"loc":{"start":{"line":65,"column":27},"end":{"line":65,"column":62}},"type":"binary-expr","locations":[{"start":{"line":65,"column":27},"end":{"line":65,"column":56}},{"start":{"line":65,"column":60},"end":{"line":65,"column":62}}],"line":65},"11":{"loc":{"start":{"line":67,"column":26},"end":{"line":67,"column":56}},"type":"binary-expr","locations":[{"start":{"line":67,"column":26},"end":{"line":67,"column":43}},{"start":{"line":67,"column":47},"end":{"line":67,"column":56}}],"line":67},"12":{"loc":{"start":{"line":68,"column":25},"end":{"line":68,"column":54}},"type":"binary-expr","locations":[{"start":{"line":68,"column":25},"end":{"line":68,"column":41}},{"start":{"line":68,"column":45},"end":{"line":68,"column":54}}],"line":68},"13":{"loc":{"start":{"line":69,"column":25},"end":{"line":69,"column":54}},"type":"binary-expr","locations":[{"start":{"line":69,"column":25},"end":{"line":69,"column":41}},{"start":{"line":69,"column":45},"end":{"line":69,"column":54}}],"line":69},"14":{"loc":{"start":{"line":70,"column":25},"end":{"line":70,"column":97}},"type":"cond-expr","locations":[{"start":{"line":70,"column":58},"end":{"line":70,"column":67}},{"start":{"line":70,"column":70},"end":{"line":70,"column":97}}],"line":70},"15":{"loc":{"start":{"line":72,"column":17},"end":{"line":72,"column":70}},"type":"cond-expr","locations":[{"start":{"line":72,"column":34},"end":{"line":72,"column":58}},{"start":{"line":72,"column":61},"end":{"line":72,"column":70}}],"line":72},"16":{"loc":{"start":{"line":73,"column":15},"end":{"line":73,"column":64}},"type":"cond-expr","locations":[{"start":{"line":73,"column":30},"end":{"line":73,"column":52}},{"start":{"line":73,"column":55},"end":{"line":73,"column":64}}],"line":73},"17":{"loc":{"start":{"line":76,"column":4},"end":{"line":76,"column":53}},"type":"if","locations":[{"start":{"line":76,"column":4},"end":{"line":76,"column":53}},{"start":{},"end":{}}],"line":76},"18":{"loc":{"start":{"line":77,"column":4},"end":{"line":77,"column":50}},"type":"if","locations":[{"start":{"line":77,"column":4},"end":{"line":77,"column":50}},{"start":{},"end":{}}],"line":77},"19":{"loc":{"start":{"line":78,"column":4},"end":{"line":78,"column":50}},"type":"if","locations":[{"start":{"line":78,"column":4},"end":{"line":78,"column":50}},{"start":{},"end":{}}],"line":78},"20":{"loc":{"start":{"line":79,"column":4},"end":{"line":79,"column":64}},"type":"if","locations":[{"start":{"line":79,"column":4},"end":{"line":79,"column":64}},{"start":{},"end":{}}],"line":79},"21":{"loc":{"start":{"line":80,"column":4},"end":{"line":84,"column":5}},"type":"if","locations":[{"start":{"line":80,"column":4},"end":{"line":84,"column":5}},{"start":{},"end":{}}],"line":80},"22":{"loc":{"start":{"line":80,"column":8},"end":{"line":80,"column":18}},"type":"binary-expr","locations":[{"start":{"line":80,"column":8},"end":{"line":80,"column":12}},{"start":{"line":80,"column":16},"end":{"line":80,"column":18}}],"line":80},"23":{"loc":{"start":{"line":82,"column":6},"end":{"line":82,"column":76}},"type":"if","locations":[{"start":{"line":82,"column":6},"end":{"line":82,"column":76}},{"start":{},"end":{}}],"line":82},"24":{"loc":{"start":{"line":82,"column":10},"end":{"line":82,"column":47}},"type":"binary-expr","locations":[{"start":{"line":82,"column":10},"end":{"line":82,"column":14}},{"start":{"line":82,"column":18},"end":{"line":82,"column":47}}],"line":82},"25":{"loc":{"start":{"line":83,"column":6},"end":{"line":83,"column":70}},"type":"if","locations":[{"start":{"line":83,"column":6},"end":{"line":83,"column":70}},{"start":{},"end":{}}],"line":83},"26":{"loc":{"start":{"line":83,"column":10},"end":{"line":83,"column":43}},"type":"binary-expr","locations":[{"start":{"line":83,"column":10},"end":{"line":83,"column":12}},{"start":{"line":83,"column":16},"end":{"line":83,"column":43}}],"line":83},"27":{"loc":{"start":{"line":111,"column":4},"end":{"line":113,"column":5}},"type":"if","locations":[{"start":{"line":111,"column":4},"end":{"line":113,"column":5}},{"start":{},"end":{}}],"line":111},"28":{"loc":{"start":{"line":111,"column":8},"end":{"line":111,"column":38}},"type":"binary-expr","locations":[{"start":{"line":111,"column":8},"end":{"line":111,"column":17}},{"start":{"line":111,"column":21},"end":{"line":111,"column":38}}],"line":111},"29":{"loc":{"start":{"line":121,"column":4},"end":{"line":123,"column":5}},"type":"if","locations":[{"start":{"line":121,"column":4},"end":{"line":123,"column":5}},{"start":{},"end":{}}],"line":121},"30":{"loc":{"start":{"line":133,"column":4},"end":{"line":135,"column":5}},"type":"if","locations":[{"start":{"line":133,"column":4},"end":{"line":135,"column":5}},{"start":{},"end":{}}],"line":133},"31":{"loc":{"start":{"line":133,"column":8},"end":{"line":133,"column":38}},"type":"binary-expr","locations":[{"start":{"line":133,"column":8},"end":{"line":133,"column":17}},{"start":{"line":133,"column":21},"end":{"line":133,"column":38}}],"line":133},"32":{"loc":{"start":{"line":143,"column":4},"end":{"line":145,"column":5}},"type":"if","locations":[{"start":{"line":143,"column":4},"end":{"line":145,"column":5}},{"start":{},"end":{}}],"line":143},"33":{"loc":{"start":{"line":147,"column":4},"end":{"line":150,"column":5}},"type":"if","locations":[{"start":{"line":147,"column":4},"end":{"line":150,"column":5}},{"start":{},"end":{}}],"line":147},"34":{"loc":{"start":{"line":147,"column":8},"end":{"line":147,"column":69}},"type":"binary-expr","locations":[{"start":{"line":147,"column":8},"end":{"line":147,"column":29}},{"start":{"line":147,"column":33},"end":{"line":147,"column":69}}],"line":147},"35":{"loc":{"start":{"line":166,"column":4},"end":{"line":168,"column":5}},"type":"if","locations":[{"start":{"line":166,"column":4},"end":{"line":168,"column":5}},{"start":{},"end":{}}],"line":166},"36":{"loc":{"start":{"line":166,"column":8},"end":{"line":166,"column":38}},"type":"binary-expr","locations":[{"start":{"line":166,"column":8},"end":{"line":166,"column":17}},{"start":{"line":166,"column":21},"end":{"line":166,"column":38}}],"line":166},"37":{"loc":{"start":{"line":177,"column":4},"end":{"line":179,"column":5}},"type":"if","locations":[{"start":{"line":177,"column":4},"end":{"line":179,"column":5}},{"start":{},"end":{}}],"line":177},"38":{"loc":{"start":{"line":182,"column":4},"end":{"line":184,"column":5}},"type":"if","locations":[{"start":{"line":182,"column":4},"end":{"line":184,"column":5}},{"start":{},"end":{}}],"line":182},"39":{"loc":{"start":{"line":192,"column":4},"end":{"line":194,"column":5}},"type":"if","locations":[{"start":{"line":192,"column":4},"end":{"line":194,"column":5}},{"start":{},"end":{}}],"line":192},"40":{"loc":{"start":{"line":192,"column":8},"end":{"line":192,"column":95}},"type":"binary-expr","locations":[{"start":{"line":192,"column":8},"end":{"line":192,"column":22}},{"start":{"line":192,"column":26},"end":{"line":192,"column":59}},{"start":{"line":192,"column":63},"end":{"line":192,"column":95}}],"line":192},"41":{"loc":{"start":{"line":220,"column":4},"end":{"line":222,"column":5}},"type":"if","locations":[{"start":{"line":220,"column":4},"end":{"line":222,"column":5}},{"start":{},"end":{}}],"line":220},"42":{"loc":{"start":{"line":220,"column":8},"end":{"line":220,"column":38}},"type":"binary-expr","locations":[{"start":{"line":220,"column":8},"end":{"line":220,"column":17}},{"start":{"line":220,"column":21},"end":{"line":220,"column":38}}],"line":220},"43":{"loc":{"start":{"line":229,"column":4},"end":{"line":231,"column":5}},"type":"if","locations":[{"start":{"line":229,"column":4},"end":{"line":231,"column":5}},{"start":{},"end":{}}],"line":229},"44":{"loc":{"start":{"line":233,"column":4},"end":{"line":235,"column":5}},"type":"if","locations":[{"start":{"line":233,"column":4},"end":{"line":235,"column":5}},{"start":{},"end":{}}],"line":233},"45":{"loc":{"start":{"line":237,"column":4},"end":{"line":242,"column":5}},"type":"if","locations":[{"start":{"line":237,"column":4},"end":{"line":242,"column":5}},{"start":{"line":240,"column":11},"end":{"line":242,"column":5}}],"line":237}},"s":{"0":4,"1":3,"2":3,"3":0,"4":0,"5":0,"6":0,"7":0,"8":4,"9":21,"10":21,"11":0,"12":21,"13":21,"14":21,"15":1,"16":20,"17":1,"18":19,"19":19,"20":19,"21":2,"22":4,"23":3,"24":3,"25":0,"26":3,"27":3,"28":3,"29":3,"30":3,"31":3,"32":3,"33":3,"34":3,"35":3,"36":3,"37":3,"38":1,"39":3,"40":0,"41":3,"42":0,"43":3,"44":0,"45":3,"46":0,"47":0,"48":0,"49":0,"50":0,"51":3,"52":3,"53":3,"54":0,"55":4,"56":4,"57":4,"58":0,"59":4,"60":4,"61":3,"62":1,"63":3,"64":4,"65":2,"66":2,"67":0,"68":2,"69":2,"70":1,"71":1,"72":0,"73":0,"74":1,"75":1,"76":1,"77":1,"78":0,"79":1,"80":1,"81":4,"82":5,"83":5,"84":0,"85":5,"86":5,"87":0,"88":5,"89":0,"90":5,"91":5,"92":5,"93":1,"94":4,"95":4,"96":4,"97":4,"98":4,"99":4,"100":4,"101":1,"102":4,"103":3,"104":3,"105":0,"106":3,"107":3,"108":3,"109":3,"110":0,"111":3,"112":1,"113":2,"114":2,"115":2,"116":0,"117":2,"118":1},"f":{"0":3,"1":21,"2":3,"3":4,"4":2,"5":0,"6":5,"7":3},"b":{"0":[3,0],"1":[0,0],"2":[0,0],"3":[0,21],"4":[21,21],"5":[1,20],"6":[1,19],"7":[0,3],"8":[3,3],"9":[3,2],"10":[3,2],"11":[3,2],"12":[3,3],"13":[3,3],"14":[3,0],"15":[0,3],"16":[0,3],"17":[1,2],"18":[0,3],"19":[0,3],"20":[0,3],"21":[0,3],"22":[3,3],"23":[0,0],"24":[0,0],"25":[0,0],"26":[0,0],"27":[0,4],"28":[4,4],"29":[3,1],"30":[0,2],"31":[2,2],"32":[1,1],"33":[0,1],"34":[1,1],"35":[0,5],"36":[5,5],"37":[0,5],"38":[0,5],"39":[1,4],"40":[5,5,5],"41":[0,3],"42":[3,3],"43":[0,3],"44":[1,2],"45":[2,0]},"inputSourceMap":null,"_coverageSchema":"1a1c01bbd47fc00a2c39e90264f33305004495a9","hash":"f9d162b37224136164febd8e680c32e4621d6a32"}
,"C:\\Users\\1marc\\Desktop\\uni\\Tercero\\Server\\ServerPractice\\src\\controllers\\project.controller.js": {"path":"C:\\Users\\1marc\\Desktop\\uni\\Tercero\\Server\\ServerPractice\\src\\controllers\\project.controller.js","statementMap":{"0":{"start":{"line":6,"column":19},"end":{"line":22,"column":1}},"1":{"start":{"line":7,"column":18},"end":{"line":7,"column":54}},"2":{"start":{"line":9,"column":4},"end":{"line":11,"column":5}},"3":{"start":{"line":10,"column":8},"end":{"line":10,"column":59}},"4":{"start":{"line":13,"column":4},"end":{"line":15,"column":5}},"5":{"start":{"line":14,"column":8},"end":{"line":14,"column":36}},"6":{"start":{"line":17,"column":4},"end":{"line":19,"column":5}},"7":{"start":{"line":18,"column":8},"end":{"line":18,"column":36}},"8":{"start":{"line":21,"column":4},"end":{"line":21,"column":17}},"9":{"start":{"line":24,"column":18},"end":{"line":29,"column":1}},"10":{"start":{"line":25,"column":4},"end":{"line":25,"column":45}},"11":{"start":{"line":25,"column":20},"end":{"line":25,"column":45}},"12":{"start":{"line":26,"column":4},"end":{"line":26,"column":72}},"13":{"start":{"line":26,"column":36},"end":{"line":26,"column":72}},"14":{"start":{"line":27,"column":4},"end":{"line":27,"column":71}},"15":{"start":{"line":27,"column":35},"end":{"line":27,"column":71}},"16":{"start":{"line":28,"column":4},"end":{"line":28,"column":30}},"17":{"start":{"line":31,"column":29},"end":{"line":64,"column":1}},"18":{"start":{"line":32,"column":4},"end":{"line":63,"column":5}},"19":{"start":{"line":33,"column":62},"end":{"line":33,"column":70}},"20":{"start":{"line":35,"column":8},"end":{"line":37,"column":9}},"21":{"start":{"line":36,"column":12},"end":{"line":36,"column":83}},"22":{"start":{"line":39,"column":29},"end":{"line":39,"column":93}},"23":{"start":{"line":40,"column":8},"end":{"line":42,"column":9}},"24":{"start":{"line":41,"column":12},"end":{"line":41,"column":72}},"25":{"start":{"line":44,"column":32},"end":{"line":44,"column":97}},"26":{"start":{"line":45,"column":8},"end":{"line":47,"column":9}},"27":{"start":{"line":46,"column":12},"end":{"line":46,"column":95}},"28":{"start":{"line":49,"column":24},"end":{"line":57,"column":10}},"29":{"start":{"line":59,"column":8},"end":{"line":59,"column":64}},"30":{"start":{"line":60,"column":8},"end":{"line":60,"column":38}},"31":{"start":{"line":62,"column":8},"end":{"line":62,"column":20}},"32":{"start":{"line":66,"column":27},"end":{"line":97,"column":1}},"33":{"start":{"line":67,"column":4},"end":{"line":96,"column":5}},"34":{"start":{"line":68,"column":8},"end":{"line":70,"column":9}},"35":{"start":{"line":69,"column":12},"end":{"line":69,"column":83}},"36":{"start":{"line":72,"column":21},"end":{"line":72,"column":67}},"37":{"start":{"line":73,"column":22},"end":{"line":73,"column":70}},"38":{"start":{"line":74,"column":21},"end":{"line":74,"column":39}},"39":{"start":{"line":75,"column":27},"end":{"line":75,"column":49}},"40":{"start":{"line":76,"column":29},"end":{"line":76,"column":53}},"41":{"start":{"line":77,"column":29},"end":{"line":77,"column":101}},"42":{"start":{"line":78,"column":21},"end":{"line":78,"column":46}},"43":{"start":{"line":80,"column":22},"end":{"line":80,"column":97}},"44":{"start":{"line":81,"column":39},"end":{"line":84,"column":10}},"45":{"start":{"line":85,"column":27},"end":{"line":85,"column":56}},"46":{"start":{"line":87,"column":8},"end":{"line":93,"column":11}},"47":{"start":{"line":95,"column":8},"end":{"line":95,"column":20}},"48":{"start":{"line":99,"column":35},"end":{"line":129,"column":1}},"49":{"start":{"line":100,"column":4},"end":{"line":128,"column":5}},"50":{"start":{"line":101,"column":8},"end":{"line":103,"column":9}},"51":{"start":{"line":102,"column":12},"end":{"line":102,"column":83}},"52":{"start":{"line":105,"column":21},"end":{"line":105,"column":67}},"53":{"start":{"line":106,"column":22},"end":{"line":106,"column":70}},"54":{"start":{"line":107,"column":21},"end":{"line":107,"column":39}},"55":{"start":{"line":108,"column":27},"end":{"line":108,"column":49}},"56":{"start":{"line":109,"column":29},"end":{"line":109,"column":53}},"57":{"start":{"line":110,"column":21},"end":{"line":110,"column":46}},"58":{"start":{"line":112,"column":22},"end":{"line":112,"column":82}},"59":{"start":{"line":113,"column":39},"end":{"line":116,"column":10}},"60":{"start":{"line":117,"column":27},"end":{"line":117,"column":56}},"61":{"start":{"line":119,"column":8},"end":{"line":125,"column":11}},"62":{"start":{"line":127,"column":8},"end":{"line":127,"column":20}},"63":{"start":{"line":131,"column":26},"end":{"line":146,"column":1}},"64":{"start":{"line":132,"column":4},"end":{"line":145,"column":5}},"65":{"start":{"line":133,"column":8},"end":{"line":135,"column":9}},"66":{"start":{"line":134,"column":12},"end":{"line":134,"column":83}},"67":{"start":{"line":137,"column":24},"end":{"line":137,"column":112}},"68":{"start":{"line":138,"column":8},"end":{"line":140,"column":9}},"69":{"start":{"line":139,"column":12},"end":{"line":139,"column":57}},"70":{"start":{"line":142,"column":8},"end":{"line":142,"column":38}},"71":{"start":{"line":144,"column":8},"end":{"line":144,"column":20}},"72":{"start":{"line":148,"column":29},"end":{"line":186,"column":1}},"73":{"start":{"line":149,"column":4},"end":{"line":185,"column":5}},"74":{"start":{"line":150,"column":8},"end":{"line":152,"column":9}},"75":{"start":{"line":151,"column":12},"end":{"line":151,"column":83}},"76":{"start":{"line":154,"column":8},"end":{"line":159,"column":9}},"77":{"start":{"line":155,"column":33},"end":{"line":155,"column":106}},"78":{"start":{"line":156,"column":12},"end":{"line":158,"column":13}},"79":{"start":{"line":157,"column":16},"end":{"line":157,"column":76}},"80":{"start":{"line":161,"column":8},"end":{"line":170,"column":9}},"81":{"start":{"line":162,"column":36},"end":{"line":166,"column":14}},"82":{"start":{"line":167,"column":12},"end":{"line":169,"column":13}},"83":{"start":{"line":168,"column":16},"end":{"line":168,"column":99}},"84":{"start":{"line":172,"column":24},"end":{"line":176,"column":9}},"85":{"start":{"line":178,"column":8},"end":{"line":180,"column":9}},"86":{"start":{"line":179,"column":12},"end":{"line":179,"column":57}},"87":{"start":{"line":182,"column":8},"end":{"line":182,"column":38}},"88":{"start":{"line":184,"column":8},"end":{"line":184,"column":20}},"89":{"start":{"line":188,"column":29},"end":{"line":215,"column":1}},"90":{"start":{"line":189,"column":4},"end":{"line":214,"column":5}},"91":{"start":{"line":190,"column":8},"end":{"line":192,"column":9}},"92":{"start":{"line":191,"column":12},"end":{"line":191,"column":83}},"93":{"start":{"line":194,"column":23},"end":{"line":194,"column":48}},"94":{"start":{"line":197,"column":8},"end":{"line":205,"column":9}},"95":{"start":{"line":198,"column":12},"end":{"line":202,"column":14}},"96":{"start":{"line":204,"column":12},"end":{"line":204,"column":104}},"97":{"start":{"line":207,"column":8},"end":{"line":209,"column":9}},"98":{"start":{"line":208,"column":12},"end":{"line":208,"column":57}},"99":{"start":{"line":211,"column":8},"end":{"line":211,"column":31}},"100":{"start":{"line":213,"column":8},"end":{"line":213,"column":20}},"101":{"start":{"line":217,"column":30},"end":{"line":237,"column":1}},"102":{"start":{"line":218,"column":4},"end":{"line":236,"column":5}},"103":{"start":{"line":219,"column":8},"end":{"line":221,"column":9}},"104":{"start":{"line":220,"column":12},"end":{"line":220,"column":83}},"105":{"start":{"line":223,"column":24},"end":{"line":227,"column":9}},"106":{"start":{"line":229,"column":8},"end":{"line":231,"column":9}},"107":{"start":{"line":230,"column":12},"end":{"line":230,"column":72}},"108":{"start":{"line":233,"column":8},"end":{"line":233,"column":38}},"109":{"start":{"line":235,"column":8},"end":{"line":235,"column":20}}},"fnMap":{"0":{"name":"(anonymous_0)","decl":{"start":{"line":6,"column":19},"end":{"line":6,"column":20}},"loc":{"start":{"line":6,"column":96},"end":{"line":22,"column":1}},"line":6},"1":{"name":"(anonymous_1)","decl":{"start":{"line":24,"column":18},"end":{"line":24,"column":19}},"loc":{"start":{"line":24,"column":33},"end":{"line":29,"column":1}},"line":24},"2":{"name":"(anonymous_2)","decl":{"start":{"line":31,"column":29},"end":{"line":31,"column":30}},"loc":{"start":{"line":31,"column":55},"end":{"line":64,"column":1}},"line":31},"3":{"name":"(anonymous_3)","decl":{"start":{"line":66,"column":27},"end":{"line":66,"column":28}},"loc":{"start":{"line":66,"column":53},"end":{"line":97,"column":1}},"line":66},"4":{"name":"(anonymous_4)","decl":{"start":{"line":99,"column":35},"end":{"line":99,"column":36}},"loc":{"start":{"line":99,"column":61},"end":{"line":129,"column":1}},"line":99},"5":{"name":"(anonymous_5)","decl":{"start":{"line":131,"column":26},"end":{"line":131,"column":27}},"loc":{"start":{"line":131,"column":52},"end":{"line":146,"column":1}},"line":131},"6":{"name":"(anonymous_6)","decl":{"start":{"line":148,"column":29},"end":{"line":148,"column":30}},"loc":{"start":{"line":148,"column":55},"end":{"line":186,"column":1}},"line":148},"7":{"name":"(anonymous_7)","decl":{"start":{"line":188,"column":29},"end":{"line":188,"column":30}},"loc":{"start":{"line":188,"column":55},"end":{"line":215,"column":1}},"line":188},"8":{"name":"(anonymous_8)","decl":{"start":{"line":217,"column":30},"end":{"line":217,"column":31}},"loc":{"start":{"line":217,"column":56},"end":{"line":237,"column":1}},"line":217}},"branchMap":{"0":{"loc":{"start":{"line":6,"column":29},"end":{"line":6,"column":51}},"type":"default-arg","locations":[{"start":{"line":6,"column":46},"end":{"line":6,"column":51}}],"line":6},"1":{"loc":{"start":{"line":9,"column":4},"end":{"line":11,"column":5}},"type":"if","locations":[{"start":{"line":9,"column":4},"end":{"line":11,"column":5}},{"start":{},"end":{}}],"line":9},"2":{"loc":{"start":{"line":13,"column":4},"end":{"line":15,"column":5}},"type":"if","locations":[{"start":{"line":13,"column":4},"end":{"line":15,"column":5}},{"start":{},"end":{}}],"line":13},"3":{"loc":{"start":{"line":17,"column":4},"end":{"line":19,"column":5}},"type":"if","locations":[{"start":{"line":17,"column":4},"end":{"line":19,"column":5}},{"start":{},"end":{}}],"line":17},"4":{"loc":{"start":{"line":25,"column":4},"end":{"line":25,"column":45}},"type":"if","locations":[{"start":{"line":25,"column":4},"end":{"line":25,"column":45}},{"start":{},"end":{}}],"line":25},"5":{"loc":{"start":{"line":26,"column":4},"end":{"line":26,"column":72}},"type":"if","locations":[{"start":{"line":26,"column":4},"end":{"line":26,"column":72}},{"start":{},"end":{}}],"line":26},"6":{"loc":{"start":{"line":27,"column":4},"end":{"line":27,"column":71}},"type":"if","locations":[{"start":{"line":27,"column":4},"end":{"line":27,"column":71}},{"start":{},"end":{}}],"line":27},"7":{"loc":{"start":{"line":35,"column":8},"end":{"line":37,"column":9}},"type":"if","locations":[{"start":{"line":35,"column":8},"end":{"line":37,"column":9}},{"start":{},"end":{}}],"line":35},"8":{"loc":{"start":{"line":35,"column":12},"end":{"line":35,"column":42}},"type":"binary-expr","locations":[{"start":{"line":35,"column":12},"end":{"line":35,"column":21}},{"start":{"line":35,"column":25},"end":{"line":35,"column":42}}],"line":35},"9":{"loc":{"start":{"line":40,"column":8},"end":{"line":42,"column":9}},"type":"if","locations":[{"start":{"line":40,"column":8},"end":{"line":42,"column":9}},{"start":{},"end":{}}],"line":40},"10":{"loc":{"start":{"line":45,"column":8},"end":{"line":47,"column":9}},"type":"if","locations":[{"start":{"line":45,"column":8},"end":{"line":47,"column":9}},{"start":{},"end":{}}],"line":45},"11":{"loc":{"start":{"line":68,"column":8},"end":{"line":70,"column":9}},"type":"if","locations":[{"start":{"line":68,"column":8},"end":{"line":70,"column":9}},{"start":{},"end":{}}],"line":68},"12":{"loc":{"start":{"line":68,"column":12},"end":{"line":68,"column":42}},"type":"binary-expr","locations":[{"start":{"line":68,"column":12},"end":{"line":68,"column":21}},{"start":{"line":68,"column":25},"end":{"line":68,"column":42}}],"line":68},"13":{"loc":{"start":{"line":72,"column":30},"end":{"line":72,"column":63}},"type":"binary-expr","locations":[{"start":{"line":72,"column":30},"end":{"line":72,"column":58}},{"start":{"line":72,"column":62},"end":{"line":72,"column":63}}],"line":72},"14":{"loc":{"start":{"line":73,"column":31},"end":{"line":73,"column":66}},"type":"binary-expr","locations":[{"start":{"line":73,"column":31},"end":{"line":73,"column":60}},{"start":{"line":73,"column":64},"end":{"line":73,"column":66}}],"line":73},"15":{"loc":{"start":{"line":75,"column":27},"end":{"line":75,"column":49}},"type":"binary-expr","locations":[{"start":{"line":75,"column":27},"end":{"line":75,"column":41}},{"start":{"line":75,"column":45},"end":{"line":75,"column":49}}],"line":75},"16":{"loc":{"start":{"line":76,"column":29},"end":{"line":76,"column":53}},"type":"binary-expr","locations":[{"start":{"line":76,"column":29},"end":{"line":76,"column":45}},{"start":{"line":76,"column":49},"end":{"line":76,"column":53}}],"line":76},"17":{"loc":{"start":{"line":77,"column":29},"end":{"line":77,"column":101}},"type":"cond-expr","locations":[{"start":{"line":77,"column":62},"end":{"line":77,"column":71}},{"start":{"line":77,"column":74},"end":{"line":77,"column":101}}],"line":77},"18":{"loc":{"start":{"line":101,"column":8},"end":{"line":103,"column":9}},"type":"if","locations":[{"start":{"line":101,"column":8},"end":{"line":103,"column":9}},{"start":{},"end":{}}],"line":101},"19":{"loc":{"start":{"line":101,"column":12},"end":{"line":101,"column":42}},"type":"binary-expr","locations":[{"start":{"line":101,"column":12},"end":{"line":101,"column":21}},{"start":{"line":101,"column":25},"end":{"line":101,"column":42}}],"line":101},"20":{"loc":{"start":{"line":105,"column":30},"end":{"line":105,"column":63}},"type":"binary-expr","locations":[{"start":{"line":105,"column":30},"end":{"line":105,"column":58}},{"start":{"line":105,"column":62},"end":{"line":105,"column":63}}],"line":105},"21":{"loc":{"start":{"line":106,"column":31},"end":{"line":106,"column":66}},"type":"binary-expr","locations":[{"start":{"line":106,"column":31},"end":{"line":106,"column":60}},{"start":{"line":106,"column":64},"end":{"line":106,"column":66}}],"line":106},"22":{"loc":{"start":{"line":108,"column":27},"end":{"line":108,"column":49}},"type":"binary-expr","locations":[{"start":{"line":108,"column":27},"end":{"line":108,"column":41}},{"start":{"line":108,"column":45},"end":{"line":108,"column":49}}],"line":108},"23":{"loc":{"start":{"line":109,"column":29},"end":{"line":109,"column":53}},"type":"binary-expr","locations":[{"start":{"line":109,"column":29},"end":{"line":109,"column":45}},{"start":{"line":109,"column":49},"end":{"line":109,"column":53}}],"line":109},"24":{"loc":{"start":{"line":133,"column":8},"end":{"line":135,"column":9}},"type":"if","locations":[{"start":{"line":133,"column":8},"end":{"line":135,"column":9}},{"start":{},"end":{}}],"line":133},"25":{"loc":{"start":{"line":133,"column":12},"end":{"line":133,"column":42}},"type":"binary-expr","locations":[{"start":{"line":133,"column":12},"end":{"line":133,"column":21}},{"start":{"line":133,"column":25},"end":{"line":133,"column":42}}],"line":133},"26":{"loc":{"start":{"line":138,"column":8},"end":{"line":140,"column":9}},"type":"if","locations":[{"start":{"line":138,"column":8},"end":{"line":140,"column":9}},{"start":{},"end":{}}],"line":138},"27":{"loc":{"start":{"line":150,"column":8},"end":{"line":152,"column":9}},"type":"if","locations":[{"start":{"line":150,"column":8},"end":{"line":152,"column":9}},{"start":{},"end":{}}],"line":150},"28":{"loc":{"start":{"line":150,"column":12},"end":{"line":150,"column":42}},"type":"binary-expr","locations":[{"start":{"line":150,"column":12},"end":{"line":150,"column":21}},{"start":{"line":150,"column":25},"end":{"line":150,"column":42}}],"line":150},"29":{"loc":{"start":{"line":154,"column":8},"end":{"line":159,"column":9}},"type":"if","locations":[{"start":{"line":154,"column":8},"end":{"line":159,"column":9}},{"start":{},"end":{}}],"line":154},"30":{"loc":{"start":{"line":156,"column":12},"end":{"line":158,"column":13}},"type":"if","locations":[{"start":{"line":156,"column":12},"end":{"line":158,"column":13}},{"start":{},"end":{}}],"line":156},"31":{"loc":{"start":{"line":161,"column":8},"end":{"line":170,"column":9}},"type":"if","locations":[{"start":{"line":161,"column":8},"end":{"line":170,"column":9}},{"start":{},"end":{}}],"line":161},"32":{"loc":{"start":{"line":167,"column":12},"end":{"line":169,"column":13}},"type":"if","locations":[{"start":{"line":167,"column":12},"end":{"line":169,"column":13}},{"start":{},"end":{}}],"line":167},"33":{"loc":{"start":{"line":178,"column":8},"end":{"line":180,"column":9}},"type":"if","locations":[{"start":{"line":178,"column":8},"end":{"line":180,"column":9}},{"start":{},"end":{}}],"line":178},"34":{"loc":{"start":{"line":190,"column":8},"end":{"line":192,"column":9}},"type":"if","locations":[{"start":{"line":190,"column":8},"end":{"line":192,"column":9}},{"start":{},"end":{}}],"line":190},"35":{"loc":{"start":{"line":190,"column":12},"end":{"line":190,"column":42}},"type":"binary-expr","locations":[{"start":{"line":190,"column":12},"end":{"line":190,"column":21}},{"start":{"line":190,"column":25},"end":{"line":190,"column":42}}],"line":190},"36":{"loc":{"start":{"line":197,"column":8},"end":{"line":205,"column":9}},"type":"if","locations":[{"start":{"line":197,"column":8},"end":{"line":205,"column":9}},{"start":{"line":203,"column":15},"end":{"line":205,"column":9}}],"line":197},"37":{"loc":{"start":{"line":207,"column":8},"end":{"line":209,"column":9}},"type":"if","locations":[{"start":{"line":207,"column":8},"end":{"line":209,"column":9}},{"start":{},"end":{}}],"line":207},"38":{"loc":{"start":{"line":219,"column":8},"end":{"line":221,"column":9}},"type":"if","locations":[{"start":{"line":219,"column":8},"end":{"line":221,"column":9}},{"start":{},"end":{}}],"line":219},"39":{"loc":{"start":{"line":219,"column":12},"end":{"line":219,"column":42}},"type":"binary-expr","locations":[{"start":{"line":219,"column":12},"end":{"line":219,"column":21}},{"start":{"line":219,"column":25},"end":{"line":219,"column":42}}],"line":219},"40":{"loc":{"start":{"line":229,"column":8},"end":{"line":231,"column":9}},"type":"if","locations":[{"start":{"line":229,"column":8},"end":{"line":231,"column":9}},{"start":{},"end":{}}],"line":229}},"s":{"0":4,"1":7,"2":7,"3":0,"4":7,"5":1,"6":7,"7":0,"8":7,"9":4,"10":7,"11":7,"12":0,"13":0,"14":0,"15":0,"16":0,"17":4,"18":41,"19":41,"20":41,"21":0,"22":41,"23":41,"24":1,"25":40,"26":40,"27":1,"28":39,"29":39,"30":39,"31":2,"32":4,"33":5,"34":5,"35":0,"36":5,"37":5,"38":5,"39":5,"40":5,"41":5,"42":5,"43":5,"44":5,"45":5,"46":5,"47":0,"48":4,"49":2,"50":2,"51":0,"52":2,"53":2,"54":2,"55":2,"56":2,"57":2,"58":2,"59":2,"60":2,"61":2,"62":0,"63":4,"64":2,"65":2,"66":0,"67":2,"68":2,"69":1,"70":1,"71":1,"72":4,"73":1,"74":1,"75":0,"76":1,"77":1,"78":1,"79":0,"80":1,"81":1,"82":1,"83":0,"84":1,"85":1,"86":0,"87":1,"88":0,"89":4,"90":4,"91":4,"92":0,"93":4,"94":4,"95":3,"96":1,"97":4,"98":0,"99":4,"100":0,"101":4,"102":1,"103":1,"104":0,"105":1,"106":1,"107":0,"108":1,"109":0},"f":{"0":7,"1":7,"2":41,"3":5,"4":2,"5":2,"6":1,"7":4,"8":1},"b":{"0":[0],"1":[0,7],"2":[1,6],"3":[0,7],"4":[7,0],"5":[0,0],"6":[0,0],"7":[0,41],"8":[41,41],"9":[1,40],"10":[1,39],"11":[0,5],"12":[5,5],"13":[5,4],"14":[5,4],"15":[5,5],"16":[5,4],"17":[5,0],"18":[0,2],"19":[2,2],"20":[2,2],"21":[2,2],"22":[2,2],"23":[2,2],"24":[0,2],"25":[2,2],"26":[1,1],"27":[0,1],"28":[1,1],"29":[1,0],"30":[0,1],"31":[1,0],"32":[0,1],"33":[0,1],"34":[0,4],"35":[4,4],"36":[3,1],"37":[0,4],"38":[0,1],"39":[1,1],"40":[0,1]},"inputSourceMap":null,"_coverageSchema":"1a1c01bbd47fc00a2c39e90264f33305004495a9","hash":"fe4f1a23993017d170928baaf39c8367f5a8cc05"}
,"C:\\Users\\1marc\\Desktop\\uni\\Tercero\\Server\\ServerPractice\\src\\controllers\\user.controller.js": {"path":"C:\\Users\\1marc\\Desktop\\uni\\Tercero\\Server\\ServerPractice\\src\\controllers\\user.controller.js","statementMap":{"0":{"start":{"line":10,"column":24},"end":{"line":51,"column":1}},"1":{"start":{"line":11,"column":2},"end":{"line":50,"column":3}},"2":{"start":{"line":12,"column":32},"end":{"line":12,"column":40}},"3":{"start":{"line":15,"column":25},"end":{"line":15,"column":54}},"4":{"start":{"line":16,"column":4},"end":{"line":16,"column":77}},"5":{"start":{"line":16,"column":22},"end":{"line":16,"column":77}},"6":{"start":{"line":19,"column":27},"end":{"line":19,"column":58}},"7":{"start":{"line":20,"column":29},"end":{"line":20,"column":83}},"8":{"start":{"line":23,"column":20},"end":{"line":29,"column":6}},"9":{"start":{"line":32,"column":24},"end":{"line":32,"column":109}},"10":{"start":{"line":33,"column":25},"end":{"line":33,"column":124}},"11":{"start":{"line":36,"column":4},"end":{"line":36,"column":48}},"12":{"start":{"line":38,"column":4},"end":{"line":47,"column":7}},"13":{"start":{"line":49,"column":4},"end":{"line":49,"column":16}},"14":{"start":{"line":54,"column":29},"end":{"line":74,"column":1}},"15":{"start":{"line":55,"column":2},"end":{"line":73,"column":34}},"16":{"start":{"line":56,"column":21},"end":{"line":56,"column":29}},"17":{"start":{"line":57,"column":17},"end":{"line":57,"column":49}},"18":{"start":{"line":59,"column":4},"end":{"line":59,"column":85}},"19":{"start":{"line":59,"column":36},"end":{"line":59,"column":85}},"20":{"start":{"line":60,"column":4},"end":{"line":60,"column":84}},"21":{"start":{"line":60,"column":40},"end":{"line":60,"column":84}},"22":{"start":{"line":62,"column":4},"end":{"line":66,"column":5}},"23":{"start":{"line":63,"column":6},"end":{"line":63,"column":37}},"24":{"start":{"line":64,"column":6},"end":{"line":64,"column":24}},"25":{"start":{"line":65,"column":6},"end":{"line":65,"column":88}},"26":{"start":{"line":68,"column":4},"end":{"line":68,"column":29}},"27":{"start":{"line":69,"column":4},"end":{"line":69,"column":22}},"28":{"start":{"line":71,"column":4},"end":{"line":71,"column":43}},"29":{"start":{"line":72,"column":4},"end":{"line":72,"column":56}},"30":{"start":{"line":73,"column":20},"end":{"line":73,"column":32}},"31":{"start":{"line":77,"column":21},"end":{"line":91,"column":1}},"32":{"start":{"line":78,"column":2},"end":{"line":90,"column":34}},"33":{"start":{"line":79,"column":32},"end":{"line":79,"column":40}},"34":{"start":{"line":80,"column":17},"end":{"line":80,"column":66}},"35":{"start":{"line":82,"column":4},"end":{"line":84,"column":5}},"36":{"start":{"line":83,"column":6},"end":{"line":83,"column":55}},"37":{"start":{"line":86,"column":24},"end":{"line":86,"column":106}},"38":{"start":{"line":87,"column":25},"end":{"line":87,"column":121}},"39":{"start":{"line":89,"column":4},"end":{"line":89,"column":62}},"40":{"start":{"line":90,"column":20},"end":{"line":90,"column":32}},"41":{"start":{"line":94,"column":34},"end":{"line":99,"column":1}},"42":{"start":{"line":95,"column":2},"end":{"line":98,"column":34}},"43":{"start":{"line":96,"column":17},"end":{"line":96,"column":118}},"44":{"start":{"line":97,"column":4},"end":{"line":97,"column":31}},"45":{"start":{"line":98,"column":20},"end":{"line":98,"column":32}},"46":{"start":{"line":102,"column":33},"end":{"line":126,"column":1}},"47":{"start":{"line":103,"column":2},"end":{"line":125,"column":34}},"48":{"start":{"line":104,"column":33},"end":{"line":104,"column":41}},"49":{"start":{"line":105,"column":18},"end":{"line":105,"column":48}},"50":{"start":{"line":107,"column":4},"end":{"line":122,"column":5}},"51":{"start":{"line":109,"column":26},"end":{"line":115,"column":45}},"52":{"start":{"line":117,"column":6},"end":{"line":117,"column":50}},"53":{"start":{"line":118,"column":6},"end":{"line":118,"column":89}},"54":{"start":{"line":121,"column":6},"end":{"line":121,"column":89}},"55":{"start":{"line":124,"column":4},"end":{"line":124,"column":34}},"56":{"start":{"line":125,"column":20},"end":{"line":125,"column":32}},"57":{"start":{"line":129,"column":33},"end":{"line":139,"column":1}},"58":{"start":{"line":130,"column":2},"end":{"line":138,"column":34}},"59":{"start":{"line":131,"column":4},"end":{"line":131,"column":67}},"60":{"start":{"line":131,"column":19},"end":{"line":131,"column":67}},"61":{"start":{"line":132,"column":4},"end":{"line":132,"column":78}},"62":{"start":{"line":132,"column":27},"end":{"line":132,"column":78}},"63":{"start":{"line":134,"column":20},"end":{"line":134,"column":51}},"64":{"start":{"line":135,"column":4},"end":{"line":135,"column":73}},"65":{"start":{"line":137,"column":4},"end":{"line":137,"column":44}},"66":{"start":{"line":138,"column":20},"end":{"line":138,"column":32}},"67":{"start":{"line":142,"column":21},"end":{"line":147,"column":1}},"68":{"start":{"line":143,"column":2},"end":{"line":146,"column":34}},"69":{"start":{"line":144,"column":17},"end":{"line":144,"column":69}},"70":{"start":{"line":145,"column":4},"end":{"line":145,"column":31}},"71":{"start":{"line":146,"column":20},"end":{"line":146,"column":32}},"72":{"start":{"line":150,"column":28},"end":{"line":160,"column":1}},"73":{"start":{"line":151,"column":2},"end":{"line":159,"column":67}},"74":{"start":{"line":152,"column":29},"end":{"line":152,"column":37}},"75":{"start":{"line":153,"column":4},"end":{"line":153,"column":73}},"76":{"start":{"line":153,"column":23},"end":{"line":153,"column":73}},"77":{"start":{"line":155,"column":20},"end":{"line":155,"column":70}},"78":{"start":{"line":156,"column":27},"end":{"line":156,"column":111}},"79":{"start":{"line":158,"column":4},"end":{"line":158,"column":58}},"80":{"start":{"line":159,"column":20},"end":{"line":159,"column":65}},"81":{"start":{"line":163,"column":22},"end":{"line":177,"column":1}},"82":{"start":{"line":164,"column":2},"end":{"line":176,"column":3}},"83":{"start":{"line":166,"column":4},"end":{"line":168,"column":7}},"84":{"start":{"line":170,"column":4},"end":{"line":173,"column":7}},"85":{"start":{"line":175,"column":4},"end":{"line":175,"column":16}},"86":{"start":{"line":180,"column":26},"end":{"line":191,"column":1}},"87":{"start":{"line":181,"column":2},"end":{"line":190,"column":34}},"88":{"start":{"line":182,"column":19},"end":{"line":182,"column":44}},"89":{"start":{"line":183,"column":4},"end":{"line":187,"column":5}},"90":{"start":{"line":184,"column":6},"end":{"line":184,"column":67}},"91":{"start":{"line":186,"column":6},"end":{"line":186,"column":48}},"92":{"start":{"line":188,"column":4},"end":{"line":188,"column":49}},"93":{"start":{"line":189,"column":4},"end":{"line":189,"column":27}},"94":{"start":{"line":190,"column":20},"end":{"line":190,"column":32}},"95":{"start":{"line":194,"column":26},"end":{"line":209,"column":1}},"96":{"start":{"line":195,"column":2},"end":{"line":208,"column":34}},"97":{"start":{"line":196,"column":22},"end":{"line":196,"column":30}},"98":{"start":{"line":198,"column":20},"end":{"line":204,"column":6}},"99":{"start":{"line":206,"column":4},"end":{"line":206,"column":45}},"100":{"start":{"line":207,"column":4},"end":{"line":207,"column":34}},"101":{"start":{"line":208,"column":20},"end":{"line":208,"column":32}}},"fnMap":{"0":{"name":"(anonymous_0)","decl":{"start":{"line":10,"column":24},"end":{"line":10,"column":25}},"loc":{"start":{"line":10,"column":50},"end":{"line":51,"column":1}},"line":10},"1":{"name":"(anonymous_1)","decl":{"start":{"line":54,"column":29},"end":{"line":54,"column":30}},"loc":{"start":{"line":54,"column":55},"end":{"line":74,"column":1}},"line":54},"2":{"name":"(anonymous_2)","decl":{"start":{"line":77,"column":21},"end":{"line":77,"column":22}},"loc":{"start":{"line":77,"column":47},"end":{"line":91,"column":1}},"line":77},"3":{"name":"(anonymous_3)","decl":{"start":{"line":94,"column":34},"end":{"line":94,"column":35}},"loc":{"start":{"line":94,"column":60},"end":{"line":99,"column":1}},"line":94},"4":{"name":"(anonymous_4)","decl":{"start":{"line":102,"column":33},"end":{"line":102,"column":34}},"loc":{"start":{"line":102,"column":59},"end":{"line":126,"column":1}},"line":102},"5":{"name":"(anonymous_5)","decl":{"start":{"line":129,"column":33},"end":{"line":129,"column":34}},"loc":{"start":{"line":129,"column":59},"end":{"line":139,"column":1}},"line":129},"6":{"name":"(anonymous_6)","decl":{"start":{"line":142,"column":21},"end":{"line":142,"column":22}},"loc":{"start":{"line":142,"column":47},"end":{"line":147,"column":1}},"line":142},"7":{"name":"(anonymous_7)","decl":{"start":{"line":150,"column":28},"end":{"line":150,"column":29}},"loc":{"start":{"line":150,"column":54},"end":{"line":160,"column":1}},"line":150},"8":{"name":"(anonymous_8)","decl":{"start":{"line":163,"column":22},"end":{"line":163,"column":23}},"loc":{"start":{"line":163,"column":48},"end":{"line":177,"column":1}},"line":163},"9":{"name":"(anonymous_9)","decl":{"start":{"line":180,"column":26},"end":{"line":180,"column":27}},"loc":{"start":{"line":180,"column":52},"end":{"line":191,"column":1}},"line":180},"10":{"name":"(anonymous_10)","decl":{"start":{"line":194,"column":26},"end":{"line":194,"column":27}},"loc":{"start":{"line":194,"column":52},"end":{"line":209,"column":1}},"line":194}},"branchMap":{"0":{"loc":{"start":{"line":16,"column":4},"end":{"line":16,"column":77}},"type":"if","locations":[{"start":{"line":16,"column":4},"end":{"line":16,"column":77}},{"start":{},"end":{}}],"line":16},"1":{"loc":{"start":{"line":59,"column":4},"end":{"line":59,"column":85}},"type":"if","locations":[{"start":{"line":59,"column":4},"end":{"line":59,"column":85}},{"start":{},"end":{}}],"line":59},"2":{"loc":{"start":{"line":60,"column":4},"end":{"line":60,"column":84}},"type":"if","locations":[{"start":{"line":60,"column":4},"end":{"line":60,"column":84}},{"start":{},"end":{}}],"line":60},"3":{"loc":{"start":{"line":62,"column":4},"end":{"line":66,"column":5}},"type":"if","locations":[{"start":{"line":62,"column":4},"end":{"line":66,"column":5}},{"start":{},"end":{}}],"line":62},"4":{"loc":{"start":{"line":82,"column":4},"end":{"line":84,"column":5}},"type":"if","locations":[{"start":{"line":82,"column":4},"end":{"line":84,"column":5}},{"start":{},"end":{}}],"line":82},"5":{"loc":{"start":{"line":82,"column":8},"end":{"line":82,"column":65}},"type":"binary-expr","locations":[{"start":{"line":82,"column":8},"end":{"line":82,"column":13}},{"start":{"line":82,"column":17},"end":{"line":82,"column":65}}],"line":82},"6":{"loc":{"start":{"line":107,"column":4},"end":{"line":122,"column":5}},"type":"if","locations":[{"start":{"line":107,"column":4},"end":{"line":122,"column":5}},{"start":{"line":119,"column":11},"end":{"line":122,"column":5}}],"line":107},"7":{"loc":{"start":{"line":109,"column":26},"end":{"line":115,"column":45}},"type":"cond-expr","locations":[{"start":{"line":109,"column":40},"end":{"line":115,"column":7}},{"start":{"line":115,"column":10},"end":{"line":115,"column":45}}],"line":109},"8":{"loc":{"start":{"line":131,"column":4},"end":{"line":131,"column":67}},"type":"if","locations":[{"start":{"line":131,"column":4},"end":{"line":131,"column":67}},{"start":{},"end":{}}],"line":131},"9":{"loc":{"start":{"line":132,"column":4},"end":{"line":132,"column":78}},"type":"if","locations":[{"start":{"line":132,"column":4},"end":{"line":132,"column":78}},{"start":{},"end":{}}],"line":132},"10":{"loc":{"start":{"line":153,"column":4},"end":{"line":153,"column":73}},"type":"if","locations":[{"start":{"line":153,"column":4},"end":{"line":153,"column":73}},{"start":{},"end":{}}],"line":153},"11":{"loc":{"start":{"line":183,"column":4},"end":{"line":187,"column":5}},"type":"if","locations":[{"start":{"line":183,"column":4},"end":{"line":187,"column":5}},{"start":{"line":185,"column":11},"end":{"line":187,"column":5}}],"line":183}},"s":{"0":4,"1":66,"2":66,"3":66,"4":66,"5":1,"6":65,"7":65,"8":65,"9":65,"10":65,"11":65,"12":65,"13":1,"14":4,"15":2,"16":2,"17":2,"18":2,"19":0,"20":2,"21":0,"22":2,"23":1,"24":1,"25":1,"26":1,"27":1,"28":1,"29":1,"30":1,"31":4,"32":53,"33":53,"34":53,"35":53,"36":1,"37":52,"38":52,"39":52,"40":1,"41":4,"42":1,"43":1,"44":1,"45":0,"46":4,"47":53,"48":53,"49":53,"50":53,"51":52,"52":52,"53":52,"54":1,"55":53,"56":0,"57":4,"58":1,"59":1,"60":1,"61":0,"62":0,"63":0,"64":0,"65":0,"66":1,"67":4,"68":1,"69":1,"70":1,"71":0,"72":4,"73":2,"74":2,"75":2,"76":1,"77":1,"78":1,"79":1,"80":1,"81":4,"82":1,"83":1,"84":1,"85":0,"86":4,"87":2,"88":2,"89":2,"90":1,"91":1,"92":2,"93":2,"94":0,"95":4,"96":1,"97":1,"98":1,"99":1,"100":1,"101":0},"f":{"0":66,"1":2,"2":53,"3":1,"4":53,"5":1,"6":1,"7":2,"8":1,"9":2,"10":1},"b":{"0":[1,65],"1":[0,2],"2":[0,2],"3":[1,1],"4":[1,52],"5":[53,53],"6":[52,1],"7":[0,52],"8":[1,0],"9":[0,0],"10":[1,1],"11":[1,1]},"inputSourceMap":null,"_coverageSchema":"1a1c01bbd47fc00a2c39e90264f33305004495a9","hash":"36841a906850d6f3228ddd28f277d723f55b3639"}
,"C:\\Users\\1marc\\Desktop\\uni\\Tercero\\Server\\ServerPractice\\src\\middleware\\auth.middleware.js": {"path":"C:\\Users\\1marc\\Desktop\\uni\\Tercero\\Server\\ServerPractice\\src\\middleware\\auth.middleware.js","statementMap":{"0":{"start":{"line":6,"column":23},"end":{"line":34,"column":1}},"1":{"start":{"line":7,"column":2},"end":{"line":33,"column":3}},"2":{"start":{"line":10,"column":4},"end":{"line":12,"column":5}},"3":{"start":{"line":11,"column":6},"end":{"line":11,"column":54}},"4":{"start":{"line":14,"column":4},"end":{"line":16,"column":5}},"5":{"start":{"line":15,"column":6},"end":{"line":15,"column":78}},"6":{"start":{"line":19,"column":20},"end":{"line":19,"column":56}},"7":{"start":{"line":22,"column":24},"end":{"line":22,"column":79}},"8":{"start":{"line":24,"column":4},"end":{"line":26,"column":5}},"9":{"start":{"line":25,"column":6},"end":{"line":25,"column":87}},"10":{"start":{"line":29,"column":4},"end":{"line":29,"column":27}},"11":{"start":{"line":30,"column":4},"end":{"line":30,"column":11}},"12":{"start":{"line":32,"column":4},"end":{"line":32,"column":64}}},"fnMap":{"0":{"name":"(anonymous_0)","decl":{"start":{"line":6,"column":23},"end":{"line":6,"column":24}},"loc":{"start":{"line":6,"column":49},"end":{"line":34,"column":1}},"line":6}},"branchMap":{"0":{"loc":{"start":{"line":10,"column":4},"end":{"line":12,"column":5}},"type":"if","locations":[{"start":{"line":10,"column":4},"end":{"line":12,"column":5}},{"start":{},"end":{}}],"line":10},"1":{"loc":{"start":{"line":14,"column":4},"end":{"line":16,"column":5}},"type":"if","locations":[{"start":{"line":14,"column":4},"end":{"line":16,"column":5}},{"start":{},"end":{}}],"line":14},"2":{"loc":{"start":{"line":24,"column":4},"end":{"line":26,"column":5}},"type":"if","locations":[{"start":{"line":24,"column":4},"end":{"line":26,"column":5}},{"start":{},"end":{}}],"line":24}},"s":{"0":5,"1":239,"2":239,"3":234,"4":239,"5":5,"6":234,"7":232,"8":232,"9":0,"10":232,"11":232,"12":2},"f":{"0":239},"b":{"0":[234,5],"1":[5,234],"2":[0,232]},"inputSourceMap":null,"_coverageSchema":"1a1c01bbd47fc00a2c39e90264f33305004495a9","hash":"de616c1e6cbc0bcb9b9cc5e040b9ee6d6765d250"}
,"C:\\Users\\1marc\\Desktop\\uni\\Tercero\\Server\\ServerPractice\\src\\middleware\\error-handler.js": {"path":"C:\\Users\\1marc\\Desktop\\uni\\Tercero\\Server\\ServerPractice\\src\\middleware\\error-handler.js","statementMap":{"0":{"start":{"line":3,"column":28},"end":{"line":21,"column":1}},"1":{"start":{"line":4,"column":2},"end":{"line":4,"column":41}},"2":{"start":{"line":5,"column":2},"end":{"line":5,"column":37}},"3":{"start":{"line":8,"column":2},"end":{"line":8,"column":32}},"4":{"start":{"line":11,"column":2},"end":{"line":13,"column":5}},"5":{"start":{"line":12,"column":4},"end":{"line":12,"column":57}},"6":{"start":{"line":15,"column":2},"end":{"line":20,"column":5}}},"fnMap":{"0":{"name":"(anonymous_0)","decl":{"start":{"line":3,"column":28},"end":{"line":3,"column":29}},"loc":{"start":{"line":3,"column":53},"end":{"line":21,"column":1}},"line":3},"1":{"name":"(anonymous_1)","decl":{"start":{"line":11,"column":27},"end":{"line":11,"column":28}},"loc":{"start":{"line":11,"column":36},"end":{"line":13,"column":3}},"line":11}},"branchMap":{"0":{"loc":{"start":{"line":4,"column":19},"end":{"line":4,"column":40}},"type":"binary-expr","locations":[{"start":{"line":4,"column":19},"end":{"line":4,"column":33}},{"start":{"line":4,"column":37},"end":{"line":4,"column":40}}],"line":4},"1":{"loc":{"start":{"line":5,"column":15},"end":{"line":5,"column":36}},"type":"binary-expr","locations":[{"start":{"line":5,"column":15},"end":{"line":5,"column":25}},{"start":{"line":5,"column":29},"end":{"line":5,"column":36}}],"line":5},"2":{"loc":{"start":{"line":19,"column":8},"end":{"line":19,"column":70}},"type":"binary-expr","locations":[{"start":{"line":19,"column":8},"end":{"line":19,"column":46}},{"start":{"line":19,"column":50},"end":{"line":19,"column":70}}],"line":19}},"s":{"0":5,"1":30,"2":30,"3":30,"4":30,"5":0,"6":30},"f":{"0":30,"1":0},"b":{"0":[30,1],"1":[30,1],"2":[30,0]},"inputSourceMap":null,"_coverageSchema":"1a1c01bbd47fc00a2c39e90264f33305004495a9","hash":"b51b2dc09826d6a40b4bc05d270b30e5dabbdf16"}
,"C:\\Users\\1marc\\Desktop\\uni\\Tercero\\Server\\ServerPractice\\src\\middleware\\role.middleware.js": {"path":"C:\\Users\\1marc\\Desktop\\uni\\Tercero\\Server\\ServerPractice\\src\\middleware\\role.middleware.js","statementMap":{"0":{"start":{"line":3,"column":26},"end":{"line":11,"column":1}},"1":{"start":{"line":4,"column":2},"end":{"line":10,"column":4}},"2":{"start":{"line":6,"column":4},"end":{"line":8,"column":5}},"3":{"start":{"line":7,"column":6},"end":{"line":7,"column":82}},"4":{"start":{"line":9,"column":4},"end":{"line":9,"column":11}}},"fnMap":{"0":{"name":"(anonymous_0)","decl":{"start":{"line":3,"column":26},"end":{"line":3,"column":27}},"loc":{"start":{"line":3,"column":40},"end":{"line":11,"column":1}},"line":3},"1":{"name":"(anonymous_1)","decl":{"start":{"line":4,"column":9},"end":{"line":4,"column":10}},"loc":{"start":{"line":4,"column":29},"end":{"line":10,"column":3}},"line":4}},"branchMap":{"0":{"loc":{"start":{"line":6,"column":4},"end":{"line":8,"column":5}},"type":"if","locations":[{"start":{"line":6,"column":4},"end":{"line":8,"column":5}},{"start":{},"end":{}}],"line":6}},"s":{"0":5,"1":6,"2":3,"3":1,"4":2},"f":{"0":6,"1":3},"b":{"0":[1,2]},"inputSourceMap":null,"_coverageSchema":"1a1c01bbd47fc00a2c39e90264f33305004495a9","hash":"a8c2ff02a78b450014db602215b1b189f3060668"}
[...]
,"C:\\Users\\1marc\\Desktop\\uni\\Tercero\\Server\\ServerPractice\\src\\services\\pdf.service.js": {"path":"C:\\Users\\1marc\\Desktop\\uni\\Tercero\\Server\\ServerPractice\\src\\services\\pdf.service.js","statementMap":{"0":{"start":{"line":5,"column":24},"end":{"line":7,"column":1}},"1":{"start":{"line":6,"column":2},"end":{"line":6,"column":62}},"2":{"start":{"line":9,"column":27},"end":{"line":13,"column":1}},"3":{"start":{"line":10,"column":17},"end":{"line":10,"column":34}},"4":{"start":{"line":11,"column":2},"end":{"line":11,"column":55}},"5":{"start":{"line":12,"column":2},"end":{"line":12,"column":16}},"6":{"start":{"line":15,"column":27},"end":{"line":85,"column":1}},"7":{"start":{"line":16,"column":17},"end":{"line":16,"column":43}},"8":{"start":{"line":17,"column":18},"end":{"line":17,"column":54}},"9":{"start":{"line":18,"column":14},"end":{"line":18,"column":57}},"10":{"start":{"line":19,"column":22},"end":{"line":19,"column":51}},"11":{"start":{"line":21,"column":2},"end":{"line":21,"column":24}},"12":{"start":{"line":23,"column":2},"end":{"line":23,"column":62}},"13":{"start":{"line":24,"column":2},"end":{"line":24,"column":17}},"14":{"start":{"line":26,"column":2},"end":{"line":26,"column":43}},"15":{"start":{"line":27,"column":2},"end":{"line":27,"column":61}},"16":{"start":{"line":28,"column":2},"end":{"line":28,"column":58}},"17":{"start":{"line":29,"column":2},"end":{"line":29,"column":72}},"18":{"start":{"line":30,"column":2},"end":{"line":30,"column":37}},"19":{"start":{"line":31,"column":2},"end":{"line":31,"column":73}},"20":{"start":{"line":32,"column":2},"end":{"line":32,"column":17}},"21":{"start":{"line":34,"column":2},"end":{"line":34,"column":48}},"22":{"start":{"line":35,"column":2},"end":{"line":35,"column":35}},"23":{"start":{"line":36,"column":2},"end":{"line":36,"column":17}},"24":{"start":{"line":38,"column":2},"end":{"line":43,"column":3}},"25":{"start":{"line":39,"column":4},"end":{"line":39,"column":55}},"26":{"start":{"line":40,"column":4},"end":{"line":40,"column":50}},"27":{"start":{"line":41,"column":4},"end":{"line":41,"column":50}},"28":{"start":{"line":42,"column":4},"end":{"line":42,"column":42}},"29":{"start":{"line":45,"column":2},"end":{"line":57,"column":3}},"30":{"start":{"line":46,"column":4},"end":{"line":46,"column":52}},"31":{"start":{"line":47,"column":4},"end":{"line":49,"column":5}},"32":{"start":{"line":48,"column":6},"end":{"line":48,"column":45}},"33":{"start":{"line":50,"column":4},"end":{"line":56,"column":5}},"34":{"start":{"line":51,"column":6},"end":{"line":51,"column":21}},"35":{"start":{"line":52,"column":6},"end":{"line":52,"column":48}},"36":{"start":{"line":53,"column":6},"end":{"line":55,"column":9}},"37":{"start":{"line":54,"column":8},"end":{"line":54,"column":68}},"38":{"start":{"line":59,"column":2},"end":{"line":59,"column":17}},"39":{"start":{"line":60,"column":2},"end":{"line":60,"column":52}},"40":{"start":{"line":61,"column":2},"end":{"line":63,"column":3}},"41":{"start":{"line":62,"column":4},"end":{"line":62,"column":71}},"42":{"start":{"line":65,"column":2},"end":{"line":75,"column":3}},"43":{"start":{"line":66,"column":4},"end":{"line":74,"column":5}},"44":{"start":{"line":67,"column":25},"end":{"line":67,"column":89}},"45":{"start":{"line":68,"column":21},"end":{"line":68,"column":54}},"46":{"start":{"line":69,"column":6},"end":{"line":69,"column":72}},"47":{"start":{"line":70,"column":6},"end":{"line":70,"column":62}},"48":{"start":{"line":72,"column":6},"end":{"line":72,"column":21}},"49":{"start":{"line":73,"column":6},"end":{"line":73,"column":56}},"50":{"start":{"line":77,"column":2},"end":{"line":77,"column":12}},"51":{"start":{"line":79,"column":2},"end":{"line":82,"column":5}},"52":{"start":{"line":80,"column":4},"end":{"line":80,"column":38}},"53":{"start":{"line":81,"column":4},"end":{"line":81,"column":36}},"54":{"start":{"line":84,"column":2},"end":{"line":84,"column":17}}},"fnMap":{"0":{"name":"(anonymous_0)","decl":{"start":{"line":5,"column":24},"end":{"line":5,"column":25}},"loc":{"start":{"line":5,"column":30},"end":{"line":7,"column":1}},"line":5},"1":{"name":"(anonymous_1)","decl":{"start":{"line":9,"column":27},"end":{"line":9,"column":28}},"loc":{"start":{"line":9,"column":39},"end":{"line":13,"column":1}},"line":9},"2":{"name":"(anonymous_2)","decl":{"start":{"line":15,"column":27},"end":{"line":15,"column":28}},"loc":{"start":{"line":15,"column":43},"end":{"line":85,"column":1}},"line":15},"3":{"name":"(anonymous_3)","decl":{"start":{"line":53,"column":27},"end":{"line":53,"column":28}},"loc":{"start":{"line":53,"column":46},"end":{"line":55,"column":7}},"line":53},"4":{"name":"(anonymous_4)","decl":{"start":{"line":79,"column":20},"end":{"line":79,"column":21}},"loc":{"start":{"line":79,"column":41},"end":{"line":82,"column":3}},"line":79}},"branchMap":{"0":{"loc":{"start":{"line":27,"column":23},"end":{"line":27,"column":57}},"type":"binary-expr","locations":[{"start":{"line":27,"column":23},"end":{"line":27,"column":41}},{"start":{"line":27,"column":45},"end":{"line":27,"column":57}}],"line":27},"1":{"loc":{"start":{"line":28,"column":22},"end":{"line":28,"column":54}},"type":"binary-expr","locations":[{"start":{"line":28,"column":22},"end":{"line":28,"column":39}},{"start":{"line":28,"column":43},"end":{"line":28,"column":54}}],"line":28},"2":{"loc":{"start":{"line":29,"column":20},"end":{"line":29,"column":68}},"type":"binary-expr","locations":[{"start":{"line":29,"column":20},"end":{"line":29,"column":36}},{"start":{"line":29,"column":40},"end":{"line":29,"column":55}},{"start":{"line":29,"column":59},"end":{"line":29,"column":68}}],"line":29},"3":{"loc":{"start":{"line":35,"column":11},"end":{"line":35,"column":33}},"type":"binary-expr","locations":[{"start":{"line":35,"column":11},"end":{"line":35,"column":27}},{"start":{"line":35,"column":31},"end":{"line":35,"column":33}}],"line":35},"4":{"loc":{"start":{"line":38,"column":2},"end":{"line":43,"column":3}},"type":"if","locations":[{"start":{"line":38,"column":2},"end":{"line":43,"column":3}},{"start":{},"end":{}}],"line":38},"5":{"loc":{"start":{"line":40,"column":26},"end":{"line":40,"column":46}},"type":"binary-expr","locations":[{"start":{"line":40,"column":26},"end":{"line":40,"column":39}},{"start":{"line":40,"column":43},"end":{"line":40,"column":46}}],"line":40},"6":{"loc":{"start":{"line":41,"column":26},"end":{"line":41,"column":46}},"type":"binary-expr","locations":[{"start":{"line":41,"column":26},"end":{"line":41,"column":39}},{"start":{"line":41,"column":43},"end":{"line":41,"column":46}}],"line":41},"7":{"loc":{"start":{"line":42,"column":22},"end":{"line":42,"column":38}},"type":"binary-expr","locations":[{"start":{"line":42,"column":22},"end":{"line":42,"column":31}},{"start":{"line":42,"column":35},"end":{"line":42,"column":38}}],"line":42},"8":{"loc":{"start":{"line":45,"column":2},"end":{"line":57,"column":3}},"type":"if","locations":[{"start":{"line":45,"column":2},"end":{"line":57,"column":3}},{"start":{},"end":{}}],"line":45},"9":{"loc":{"start":{"line":47,"column":4},"end":{"line":49,"column":5}},"type":"if","locations":[{"start":{"line":47,"column":4},"end":{"line":49,"column":5}},{"start":{},"end":{}}],"line":47},"10":{"loc":{"start":{"line":50,"column":4},"end":{"line":56,"column":5}},"type":"if","locations":[{"start":{"line":50,"column":4},"end":{"line":56,"column":5}},{"start":{},"end":{}}],"line":50},"11":{"loc":{"start":{"line":50,"column":8},"end":{"line":50,"column":62}},"type":"binary-expr","locations":[{"start":{"line":50,"column":8},"end":{"line":50,"column":35}},{"start":{"line":50,"column":39},"end":{"line":50,"column":62}}],"line":50},"12":{"loc":{"start":{"line":60,"column":22},"end":{"line":60,"column":48}},"type":"cond-expr","locations":[{"start":{"line":60,"column":36},"end":{"line":60,"column":41}},{"start":{"line":60,"column":44},"end":{"line":60,"column":48}}],"line":60},"13":{"loc":{"start":{"line":61,"column":2},"end":{"line":63,"column":3}},"type":"if","locations":[{"start":{"line":61,"column":2},"end":{"line":63,"column":3}},{"start":{},"end":{}}],"line":61},"14":{"loc":{"start":{"line":61,"column":6},"end":{"line":61,"column":34}},"type":"binary-expr","locations":[{"start":{"line":61,"column":6},"end":{"line":61,"column":17}},{"start":{"line":61,"column":21},"end":{"line":61,"column":34}}],"line":61},"15":{"loc":{"start":{"line":65,"column":2},"end":{"line":75,"column":3}},"type":"if","locations":[{"start":{"line":65,"column":2},"end":{"line":75,"column":3}},{"start":{},"end":{}}],"line":65},"16":{"loc":{"start":{"line":65,"column":6},"end":{"line":65,"column":39}},"type":"binary-expr","locations":[{"start":{"line":65,"column":6},"end":{"line":65,"column":17}},{"start":{"line":65,"column":21},"end":{"line":65,"column":39}}],"line":65}},"s":{"0":5,"1":7,"2":5,"3":7,"4":7,"5":7,"6":5,"7":7,"8":7,"9":7,"10":7,"11":7,"12":7,"13":7,"14":7,"15":7,"16":7,"17":7,"18":7,"19":7,"20":7,"21":7,"22":7,"23":7,"24":7,"25":5,"26":5,"27":5,"28":5,"29":7,"30":2,"31":2,"32":2,"33":2,"34":1,"35":1,"36":1,"37":2,"38":7,"39":7,"40":7,"41":5,"42":7,"43":5,"44":5,"45":5,"46":5,"47":5,"48":0,"49":0,"50":7,"51":7,"52":7,"53":7,"54":7},"f":{"0":7,"1":7,"2":7,"3":2,"4":7},"b":{"0":[7,0],"1":[7,0],"2":[7,2,0],"3":[7,0],"4":[5,2],"5":[5,0],"6":[5,0],"7":[5,0],"8":[2,5],"9":[2,0],"10":[1,1],"11":[2,2],"12":[5,2],"13":[5,2],"14":[7,5],"15":[5,2],"16":[7,5]},"inputSourceMap":null,"_coverageSchema":"1a1c01bbd47fc00a2c39e90264f33305004495a9","hash":"2a2034809c26b53c812d00da8c3d7bfab9415f9b"}
,"C:\\Users\\1marc\\Desktop\\uni\\Tercero\\Server\\ServerPractice\\src\\utils\\AppError.js": {"path":"C:\\Users\\1marc\\Desktop\\uni\\Tercero\\Server\\ServerPractice\\src\\utils\\AppError.js","statementMap":{"0":{"start":{"line":3,"column":4},"end":{"line":3,"column":19}},"1":{"start":{"line":4,"column":4},"end":{"line":4,"column":33}},"2":{"start":{"line":5,"column":4},"end":{"line":5,"column":69}},"3":{"start":{"line":6,"column":4},"end":{"line":6,"column":30}},"4":{"start":{"line":8,"column":4},"end":{"line":8,"column":52}},"5":{"start":{"line":12,"column":27},"end":{"line":12,"column":80}},"6":{"start":{"line":13,"column":29},"end":{"line":13,"column":77}},"7":{"start":{"line":14,"column":26},"end":{"line":14,"column":78}},"8":{"start":{"line":15,"column":25},"end":{"line":15,"column":70}},"9":{"start":{"line":16,"column":25},"end":{"line":16,"column":74}}},"fnMap":{"0":{"name":"(anonymous_0)","decl":{"start":{"line":2,"column":2},"end":{"line":2,"column":3}},"loc":{"start":{"line":2,"column":35},"end":{"line":9,"column":3}},"line":2},"1":{"name":"(anonymous_1)","decl":{"start":{"line":12,"column":2},"end":{"line":12,"column":3}},"loc":{"start":{"line":12,"column":25},"end":{"line":12,"column":82}},"line":12},"2":{"name":"(anonymous_2)","decl":{"start":{"line":13,"column":2},"end":{"line":13,"column":3}},"loc":{"start":{"line":13,"column":27},"end":{"line":13,"column":79}},"line":13},"3":{"name":"(anonymous_3)","decl":{"start":{"line":14,"column":2},"end":{"line":14,"column":3}},"loc":{"start":{"line":14,"column":24},"end":{"line":14,"column":80}},"line":14},"4":{"name":"(anonymous_4)","decl":{"start":{"line":15,"column":2},"end":{"line":15,"column":3}},"loc":{"start":{"line":15,"column":23},"end":{"line":15,"column":72}},"line":15},"5":{"name":"(anonymous_5)","decl":{"start":{"line":16,"column":2},"end":{"line":16,"column":3}},"loc":{"start":{"line":16,"column":23},"end":{"line":16,"column":76}},"line":16}},"branchMap":{"0":{"loc":{"start":{"line":5,"column":18},"end":{"line":5,"column":68}},"type":"cond-expr","locations":[{"start":{"line":5,"column":52},"end":{"line":5,"column":58}},{"start":{"line":5,"column":61},"end":{"line":5,"column":68}}],"line":5},"1":{"loc":{"start":{"line":12,"column":47},"end":{"line":12,"column":73}},"type":"binary-expr","locations":[{"start":{"line":12,"column":47},"end":{"line":12,"column":50}},{"start":{"line":12,"column":54},"end":{"line":12,"column":73}}],"line":12},"2":{"loc":{"start":{"line":13,"column":49},"end":{"line":13,"column":70}},"type":"binary-expr","locations":[{"start":{"line":13,"column":49},"end":{"line":13,"column":52}},{"start":{"line":13,"column":56},"end":{"line":13,"column":70}}],"line":13},"3":{"loc":{"start":{"line":14,"column":46},"end":{"line":14,"column":71}},"type":"binary-expr","locations":[{"start":{"line":14,"column":46},"end":{"line":14,"column":49}},{"start":{"line":14,"column":53},"end":{"line":14,"column":71}}],"line":14},"4":{"loc":{"start":{"line":15,"column":45},"end":{"line":15,"column":63}},"type":"binary-expr","locations":[{"start":{"line":15,"column":45},"end":{"line":15,"column":48}},{"start":{"line":15,"column":52},"end":{"line":15,"column":63}}],"line":15},"5":{"loc":{"start":{"line":16,"column":45},"end":{"line":16,"column":67}},"type":"binary-expr","locations":[{"start":{"line":16,"column":45},"end":{"line":16,"column":48}},{"start":{"line":16,"column":52},"end":{"line":16,"column":67}}],"line":16}},"s":{"0":49,"1":49,"2":49,"3":49,"4":49,"5":2,"6":2,"7":2,"8":3,"9":2},"f":{"0":49,"1":2,"2":2,"3":2,"4":3,"5":2},"b":{"0":[48,1],"1":[2,0],"2":[2,0],"3":[2,0],"4":[3,0],"5":[2,0]},"inputSourceMap":null,"_coverageSchema":"1a1c01bbd47fc00a2c39e90264f33305004495a9","hash":"c9ad7f68d1ae8772f603dcf8ac1eb8451e7f3467"}
,"C:\\Users\\1marc\\Desktop\\uni\\Tercero\\Server\\ServerPractice\\src\\validators\\client.validator.js": {"path":"C:\\Users\\1marc\\Desktop\\uni\\Tercero\\Server\\ServerPractice\\src\\validators\\client.validator.js","statementMap":{"0":{"start":{"line":3,"column":22},"end":{"line":9,"column":2}},"1":{"start":{"line":11,"column":34},"end":{"line":17,"column":2}},"2":{"start":{"line":19,"column":34},"end":{"line":19,"column":52}}},"fnMap":{},"branchMap":{},"s":{"0":4,"1":4,"2":4},"f":{},"b":{},"inputSourceMap":null,"_coverageSchema":"1a1c01bbd47fc00a2c39e90264f33305004495a9","hash":"61a4cb631cd66cc57a85ea4a210a01a5ff16ca7d"}
,"C:\\Users\\1marc\\Desktop\\uni\\Tercero\\Server\\ServerPractice\\src\\validators\\deliverynote.validator.js": {"path":"C:\\Users\\1marc\\Desktop\\uni\\Tercero\\Server\\ServerPractice\\src\\validators\\deliverynote.validator.js","statementMap":{"0":{"start":{"line":3,"column":21},"end":{"line":6,"column":2}},"1":{"start":{"line":8,"column":40},"end":{"line":45,"column":2}},"2":{"start":{"line":13,"column":41},"end":{"line":13,"column":73}},"3":{"start":{"line":22,"column":2},"end":{"line":29,"column":3}},"4":{"start":{"line":23,"column":4},"end":{"line":28,"column":5}},"5":{"start":{"line":24,"column":6},"end":{"line":27,"column":9}},"6":{"start":{"line":31,"column":2},"end":{"line":44,"column":3}},"7":{"start":{"line":32,"column":4},"end":{"line":37,"column":5}},"8":{"start":{"line":33,"column":6},"end":{"line":36,"column":9}},"9":{"start":{"line":38,"column":4},"end":{"line":43,"column":5}},"10":{"start":{"line":39,"column":6},"end":{"line":42,"column":9}},"11":{"start":{"line":47,"column":38},"end":{"line":49,"column":2}}},"fnMap":{"0":{"name":"(anonymous_0)","decl":{"start":{"line":13,"column":30},"end":{"line":13,"column":31}},"loc":{"start":{"line":13,"column":41},"end":{"line":13,"column":73}},"line":13},"1":{"name":"(anonymous_1)","decl":{"start":{"line":21,"column":15},"end":{"line":21,"column":16}},"loc":{"start":{"line":21,"column":30},"end":{"line":45,"column":1}},"line":21}},"branchMap":{"0":{"loc":{"start":{"line":22,"column":2},"end":{"line":29,"column":3}},"type":"if","locations":[{"start":{"line":22,"column":2},"end":{"line":29,"column":3}},{"start":{},"end":{}}],"line":22},"1":{"loc":{"start":{"line":23,"column":4},"end":{"line":28,"column":5}},"type":"if","locations":[{"start":{"line":23,"column":4},"end":{"line":28,"column":5}},{"start":{},"end":{}}],"line":23},"2":{"loc":{"start":{"line":23,"column":8},"end":{"line":23,"column":67}},"type":"binary-expr","locations":[{"start":{"line":23,"column":8},"end":{"line":23,"column":22}},{"start":{"line":23,"column":26},"end":{"line":23,"column":53}},{"start":{"line":23,"column":57},"end":{"line":23,"column":67}}],"line":23},"3":{"loc":{"start":{"line":31,"column":2},"end":{"line":44,"column":3}},"type":"if","locations":[{"start":{"line":31,"column":2},"end":{"line":44,"column":3}},{"start":{},"end":{}}],"line":31},"4":{"loc":{"start":{"line":32,"column":4},"end":{"line":37,"column":5}},"type":"if","locations":[{"start":{"line":32,"column":4},"end":{"line":37,"column":5}},{"start":{},"end":{}}],"line":32},"5":{"loc":{"start":{"line":38,"column":4},"end":{"line":43,"column":5}},"type":"if","locations":[{"start":{"line":38,"column":4},"end":{"line":43,"column":5}},{"start":{},"end":{}}],"line":38},"6":{"loc":{"start":{"line":38,"column":8},"end":{"line":38,"column":50}},"type":"binary-expr","locations":[{"start":{"line":38,"column":8},"end":{"line":38,"column":21}},{"start":{"line":38,"column":25},"end":{"line":38,"column":50}}],"line":38}},"s":{"0":4,"1":4,"2":25,"3":25,"4":22,"5":2,"6":25,"7":3,"8":1,"9":3,"10":1,"11":4},"f":{"0":25,"1":25},"b":{"0":[22,3],"1":[2,20],"2":[22,21,20],"3":[3,22],"4":[1,2],"5":[1,2],"6":[3,2]},"inputSourceMap":null,"_coverageSchema":"1a1c01bbd47fc00a2c39e90264f33305004495a9","hash":"f61e82e2bb6d86f6b978059ccadd2e602efa7bdb"}
,"C:\\Users\\1marc\\Desktop\\uni\\Tercero\\Server\\ServerPractice\\src\\validators\\project.validator.js": {"path":"C:\\Users\\1marc\\Desktop\\uni\\Tercero\\Server\\ServerPractice\\src\\validators\\project.validator.js","statementMap":{"0":{"start":{"line":3,"column":22},"end":{"line":9,"column":2}},"1":{"start":{"line":11,"column":35},"end":{"line":17,"column":2}},"2":{"start":{"line":19,"column":35},"end":{"line":27,"column":2}}},"fnMap":{},"branchMap":{},"s":{"0":4,"1":4,"2":4},"f":{},"b":{},"inputSourceMap":null,"_coverageSchema":"1a1c01bbd47fc00a2c39e90264f33305004495a9","hash":"66a2cbc8375e230c8b62b0b536f8127673f0f82b"}
,"C:\\Users\\1marc\\Desktop\\uni\\Tercero\\Server\\ServerPractice\\src\\validators\\user.validator.js": {"path":"C:\\Users\\1marc\\Desktop\\uni\\Tercero\\Server\\ServerPractice\\src\\validators\\user.validator.js","statementMap":{"0":{"start":{"line":3,"column":30},"end":{"line":6,"column":2}},"1":{"start":{"line":4,"column":45},"end":{"line":4,"column":69}},"2":{"start":{"line":8,"column":27},"end":{"line":11,"column":2}},"3":{"start":{"line":13,"column":32},"end":{"line":15,"column":2}},"4":{"start":{"line":18,"column":32},"end":{"line":22,"column":2}},"5":{"start":{"line":24,"column":29},"end":{"line":35,"column":2}}},"fnMap":{"0":{"name":"(anonymous_0)","decl":{"start":{"line":4,"column":38},"end":{"line":4,"column":39}},"loc":{"start":{"line":4,"column":45},"end":{"line":4,"column":69}},"line":4}},"branchMap":{},"s":{"0":4,"1":66,"2":4,"3":4,"4":4,"5":4},"f":{"0":66},"b":{},"inputSourceMap":null,"_coverageSchema":"1a1c01bbd47fc00a2c39e90264f33305004495a9","hash":"dd1866ce373ce09fb6bc4ca481d9e673327f4743"}
}
