{"C:\\Users\\1marc\\Desktop\\uni\\Tercero\\Server\\ServerPractice\\src\\app.js": {"path":"C:\\Users\\1marc\\Desktop\\uni\\Tercero\\Server\\ServerPractice\\src\\app.js","statementMap":{"0":{"start":{"line":14,"column":12},"end":{"line":14,"column":21}},"1":{"start":{"line":17,"column":0},"end":{"line":17,"column":18}},"2":{"start":{"line":20,"column":0},"end":{"line":27,"column":1}},"3":{"start":{"line":21,"column":18},"end":{"line":25,"column":4}},"4":{"start":{"line":26,"column":2},"end":{"line":26,"column":27}},"5":{"start":{"line":30,"column":0},"end":{"line":30,"column":41}},"6":{"start":{"line":31,"column":0},"end":{"line":31,"column":63}},"7":{"start":{"line":34,"column":0},"end":{"line":41,"column":3}},"8":{"start":{"line":35,"column":2},"end":{"line":39,"column":3}},"9":{"start":{"line":36,"column":4},"end":{"line":38,"column":7}},"10":{"start":{"line":40,"column":2},"end":{"line":40,"column":9}},"11":{"start":{"line":44,"column":0},"end":{"line":44,"column":47}},"12":{"start":{"line":47,"column":0},"end":{"line":51,"column":4}},"13":{"start":{"line":54,"column":0},"end":{"line":54,"column":33}},"14":{"start":{"line":55,"column":0},"end":{"line":55,"column":37}},"15":{"start":{"line":56,"column":0},"end":{"line":56,"column":39}},"16":{"start":{"line":57,"column":0},"end":{"line":57,"column":49}},"17":{"start":{"line":60,"column":0},"end":{"line":62,"column":3}},"18":{"start":{"line":61,"column":2},"end":{"line":61,"column":82}},"19":{"start":{"line":65,"column":0},"end":{"line":65,"column":22}}},"fnMap":{"0":{"name":"(anonymous_0)","decl":{"start":{"line":34,"column":8},"end":{"line":34,"column":9}},"loc":{"start":{"line":34,"column":28},"end":{"line":41,"column":1}},"line":34},"1":{"name":"(anonymous_1)","decl":{"start":{"line":60,"column":19},"end":{"line":60,"column":20}},"loc":{"start":{"line":60,"column":39},"end":{"line":62,"column":1}},"line":60}},"branchMap":{"0":{"loc":{"start":{"line":20,"column":0},"end":{"line":27,"column":1}},"type":"if","locations":[{"start":{"line":20,"column":0},"end":{"line":27,"column":1}},{"start":{},"end":{}}],"line":20},"1":{"loc":{"start":{"line":35,"column":2},"end":{"line":39,"column":3}},"type":"if","locations":[{"start":{"line":35,"column":2},"end":{"line":39,"column":3}},{"start":{},"end":{}}],"line":35}},"s":{"0":4,"1":4,"2":4,"3":0,"4":0,"5":4,"6":4,"7":4,"8":378,"9":334,"10":378,"11":4,"12":4,"13":4,"14":4,"15":4,"16":4,"17":4,"18":0,"19":4},"f":{"0":378,"1":0},"b":{"0":[0,4],"1":[334,44]},"inputSourceMap":null,"_coverageSchema":"1a1c01bbd47fc00a2c39e90264f33305004495a9","hash":"27f67441ac96b0b89cca138c032c7c3f7c05f132"}
,"C:\\Users\\1marc\\Desktop\\uni\\Tercero\\Server\\ServerPractice\\src\\controllers\\client.controller.js": {"path":"C:\\Users\\1marc\\Desktop\\uni\\Tercero\\Server\\ServerPractice\\src\\controllers\\client.controller.js","statementMap":{"0":{"start":{"line":4,"column":19},"end":{"line":13,"column":1}},"1":{"start":{"line":5,"column":16},"end":{"line":5,"column":27}},"2":{"start":{"line":6,"column":2},"end":{"line":6,"column":33}},"3":{"start":{"line":8,"column":2},"end":{"line":10,"column":3}},"4":{"start":{"line":9,"column":4},"end":{"line":9,"column":55}},"5":{"start":{"line":12,"column":2},"end":{"line":12,"column":15}},"6":{"start":{"line":15,"column":28},"end":{"line":42,"column":1}},"7":{"start":{"line":16,"column":2},"end":{"line":41,"column":3}},"8":{"start":{"line":17,"column":49},"end":{"line":17,"column":57}},"9":{"start":{"line":19,"column":4},"end":{"line":21,"column":5}},"10":{"start":{"line":20,"column":6},"end":{"line":20,"column":77}},"11":{"start":{"line":23,"column":27},"end":{"line":23,"column":83}},"12":{"start":{"line":24,"column":4},"end":{"line":26,"column":5}},"13":{"start":{"line":25,"column":6},"end":{"line":25,"column":90}},"14":{"start":{"line":28,"column":19},"end":{"line":36,"column":6}},"15":{"start":{"line":38,"column":4},"end":{"line":38,"column":33}},"16":{"start":{"line":40,"column":4},"end":{"line":40,"column":16}},"17":{"start":{"line":44,"column":26},"end":{"line":73,"column":1}},"18":{"start":{"line":45,"column":2},"end":{"line":72,"column":3}},"19":{"start":{"line":46,"column":4},"end":{"line":48,"column":5}},"20":{"start":{"line":47,"column":6},"end":{"line":47,"column":77}},"21":{"start":{"line":50,"column":17},"end":{"line":50,"column":63}},"22":{"start":{"line":51,"column":18},"end":{"line":51,"column":66}},"23":{"start":{"line":52,"column":17},"end":{"line":52,"column":35}},"24":{"start":{"line":53,"column":23},"end":{"line":53,"column":45}},"25":{"start":{"line":54,"column":17},"end":{"line":54,"column":86}},"26":{"start":{"line":56,"column":18},"end":{"line":56,"column":65}},"27":{"start":{"line":57,"column":34},"end":{"line":60,"column":6}},"28":{"start":{"line":61,"column":23},"end":{"line":61,"column":52}},"29":{"start":{"line":63,"column":4},"end":{"line":69,"column":7}},"30":{"start":{"line":71,"column":4},"end":{"line":71,"column":16}},"31":{"start":{"line":75,"column":34},"end":{"line":104,"column":1}},"32":{"start":{"line":76,"column":2},"end":{"line":103,"column":3}},"33":{"start":{"line":77,"column":4},"end":{"line":79,"column":5}},"34":{"start":{"line":78,"column":6},"end":{"line":78,"column":77}},"35":{"start":{"line":81,"column":17},"end":{"line":81,"column":63}},"36":{"start":{"line":82,"column":18},"end":{"line":82,"column":66}},"37":{"start":{"line":83,"column":17},"end":{"line":83,"column":35}},"38":{"start":{"line":84,"column":23},"end":{"line":84,"column":45}},"39":{"start":{"line":85,"column":17},"end":{"line":85,"column":86}},"40":{"start":{"line":87,"column":18},"end":{"line":87,"column":64}},"41":{"start":{"line":88,"column":34},"end":{"line":91,"column":6}},"42":{"start":{"line":92,"column":23},"end":{"line":92,"column":52}},"43":{"start":{"line":94,"column":4},"end":{"line":100,"column":7}},"44":{"start":{"line":102,"column":4},"end":{"line":102,"column":16}},"45":{"start":{"line":106,"column":25},"end":{"line":126,"column":1}},"46":{"start":{"line":107,"column":2},"end":{"line":125,"column":3}},"47":{"start":{"line":108,"column":4},"end":{"line":110,"column":5}},"48":{"start":{"line":109,"column":6},"end":{"line":109,"column":77}},"49":{"start":{"line":112,"column":19},"end":{"line":116,"column":6}},"50":{"start":{"line":118,"column":4},"end":{"line":120,"column":5}},"51":{"start":{"line":119,"column":6},"end":{"line":119,"column":50}},"52":{"start":{"line":122,"column":4},"end":{"line":122,"column":33}},"53":{"start":{"line":124,"column":4},"end":{"line":124,"column":16}},"54":{"start":{"line":128,"column":28},"end":{"line":163,"column":1}},"55":{"start":{"line":129,"column":2},"end":{"line":162,"column":3}},"56":{"start":{"line":130,"column":4},"end":{"line":132,"column":5}},"57":{"start":{"line":131,"column":6},"end":{"line":131,"column":77}},"58":{"start":{"line":134,"column":27},"end":{"line":138,"column":6}},"59":{"start":{"line":139,"column":4},"end":{"line":141,"column":5}},"60":{"start":{"line":140,"column":6},"end":{"line":140,"column":90}},"61":{"start":{"line":143,"column":19},"end":{"line":153,"column":5}},"62":{"start":{"line":155,"column":4},"end":{"line":157,"column":5}},"63":{"start":{"line":156,"column":6},"end":{"line":156,"column":50}},"64":{"start":{"line":159,"column":4},"end":{"line":159,"column":33}},"65":{"start":{"line":161,"column":4},"end":{"line":161,"column":16}},"66":{"start":{"line":165,"column":29},"end":{"line":185,"column":1}},"67":{"start":{"line":166,"column":2},"end":{"line":184,"column":3}},"68":{"start":{"line":167,"column":4},"end":{"line":169,"column":5}},"69":{"start":{"line":168,"column":6},"end":{"line":168,"column":77}},"70":{"start":{"line":171,"column":19},"end":{"line":175,"column":5}},"71":{"start":{"line":177,"column":4},"end":{"line":179,"column":5}},"72":{"start":{"line":178,"column":6},"end":{"line":178,"column":59}},"73":{"start":{"line":181,"column":4},"end":{"line":181,"column":33}},"74":{"start":{"line":183,"column":4},"end":{"line":183,"column":16}},"75":{"start":{"line":187,"column":28},"end":{"line":214,"column":1}},"76":{"start":{"line":188,"column":2},"end":{"line":213,"column":3}},"77":{"start":{"line":189,"column":4},"end":{"line":191,"column":5}},"78":{"start":{"line":190,"column":6},"end":{"line":190,"column":77}},"79":{"start":{"line":193,"column":19},"end":{"line":193,"column":44}},"80":{"start":{"line":196,"column":4},"end":{"line":204,"column":5}},"81":{"start":{"line":197,"column":6},"end":{"line":201,"column":8}},"82":{"start":{"line":203,"column":6},"end":{"line":203,"column":96}},"83":{"start":{"line":206,"column":4},"end":{"line":208,"column":5}},"84":{"start":{"line":207,"column":6},"end":{"line":207,"column":50}},"85":{"start":{"line":210,"column":4},"end":{"line":210,"column":27}},"86":{"start":{"line":212,"column":4},"end":{"line":212,"column":16}}},"fnMap":{"0":{"name":"(anonymous_0)","decl":{"start":{"line":4,"column":19},"end":{"line":4,"column":20}},"loc":{"start":{"line":4,"column":68},"end":{"line":13,"column":1}},"line":4},"1":{"name":"(anonymous_1)","decl":{"start":{"line":15,"column":28},"end":{"line":15,"column":29}},"loc":{"start":{"line":15,"column":54},"end":{"line":42,"column":1}},"line":15},"2":{"name":"(anonymous_2)","decl":{"start":{"line":44,"column":26},"end":{"line":44,"column":27}},"loc":{"start":{"line":44,"column":52},"end":{"line":73,"column":1}},"line":44},"3":{"name":"(anonymous_3)","decl":{"start":{"line":75,"column":34},"end":{"line":75,"column":35}},"loc":{"start":{"line":75,"column":60},"end":{"line":104,"column":1}},"line":75},"4":{"name":"(anonymous_4)","decl":{"start":{"line":106,"column":25},"end":{"line":106,"column":26}},"loc":{"start":{"line":106,"column":51},"end":{"line":126,"column":1}},"line":106},"5":{"name":"(anonymous_5)","decl":{"start":{"line":128,"column":28},"end":{"line":128,"column":29}},"loc":{"start":{"line":128,"column":54},"end":{"line":163,"column":1}},"line":128},"6":{"name":"(anonymous_6)","decl":{"start":{"line":165,"column":29},"end":{"line":165,"column":30}},"loc":{"start":{"line":165,"column":55},"end":{"line":185,"column":1}},"line":165},"7":{"name":"(anonymous_7)","decl":{"start":{"line":187,"column":28},"end":{"line":187,"column":29}},"loc":{"start":{"line":187,"column":54},"end":{"line":214,"column":1}},"line":187}},"branchMap":{"0":{"loc":{"start":{"line":4,"column":29},"end":{"line":4,"column":51}},"type":"default-arg","locations":[{"start":{"line":4,"column":46},"end":{"line":4,"column":51}}],"line":4},"1":{"loc":{"start":{"line":8,"column":2},"end":{"line":10,"column":3}},"type":"if","locations":[{"start":{"line":8,"column":2},"end":{"line":10,"column":3}},{"start":{},"end":{}}],"line":8},"2":{"loc":{"start":{"line":19,"column":4},"end":{"line":21,"column":5}},"type":"if","locations":[{"start":{"line":19,"column":4},"end":{"line":21,"column":5}},{"start":{},"end":{}}],"line":19},"3":{"loc":{"start":{"line":19,"column":8},"end":{"line":19,"column":38}},"type":"binary-expr","locations":[{"start":{"line":19,"column":8},"end":{"line":19,"column":17}},{"start":{"line":19,"column":21},"end":{"line":19,"column":38}}],"line":19},"4":{"loc":{"start":{"line":24,"column":4},"end":{"line":26,"column":5}},"type":"if","locations":[{"start":{"line":24,"column":4},"end":{"line":26,"column":5}},{"start":{},"end":{}}],"line":24},"5":{"loc":{"start":{"line":46,"column":4},"end":{"line":48,"column":5}},"type":"if","locations":[{"start":{"line":46,"column":4},"end":{"line":48,"column":5}},{"start":{},"end":{}}],"line":46},"6":{"loc":{"start":{"line":46,"column":8},"end":{"line":46,"column":38}},"type":"binary-expr","locations":[{"start":{"line":46,"column":8},"end":{"line":46,"column":17}},{"start":{"line":46,"column":21},"end":{"line":46,"column":38}}],"line":46},"7":{"loc":{"start":{"line":50,"column":26},"end":{"line":50,"column":59}},"type":"binary-expr","locations":[{"start":{"line":50,"column":26},"end":{"line":50,"column":54}},{"start":{"line":50,"column":58},"end":{"line":50,"column":59}}],"line":50},"8":{"loc":{"start":{"line":51,"column":27},"end":{"line":51,"column":62}},"type":"binary-expr","locations":[{"start":{"line":51,"column":27},"end":{"line":51,"column":56}},{"start":{"line":51,"column":60},"end":{"line":51,"column":62}}],"line":51},"9":{"loc":{"start":{"line":53,"column":23},"end":{"line":53,"column":45}},"type":"binary-expr","locations":[{"start":{"line":53,"column":23},"end":{"line":53,"column":37}},{"start":{"line":53,"column":41},"end":{"line":53,"column":45}}],"line":53},"10":{"loc":{"start":{"line":54,"column":17},"end":{"line":54,"column":86}},"type":"cond-expr","locations":[{"start":{"line":54,"column":50},"end":{"line":54,"column":66}},{"start":{"line":54,"column":69},"end":{"line":54,"column":86}}],"line":54},"11":{"loc":{"start":{"line":77,"column":4},"end":{"line":79,"column":5}},"type":"if","locations":[{"start":{"line":77,"column":4},"end":{"line":79,"column":5}},{"start":{},"end":{}}],"line":77},"12":{"loc":{"start":{"line":77,"column":8},"end":{"line":77,"column":38}},"type":"binary-expr","locations":[{"start":{"line":77,"column":8},"end":{"line":77,"column":17}},{"start":{"line":77,"column":21},"end":{"line":77,"column":38}}],"line":77},"13":{"loc":{"start":{"line":81,"column":26},"end":{"line":81,"column":59}},"type":"binary-expr","locations":[{"start":{"line":81,"column":26},"end":{"line":81,"column":54}},{"start":{"line":81,"column":58},"end":{"line":81,"column":59}}],"line":81},"14":{"loc":{"start":{"line":82,"column":27},"end":{"line":82,"column":62}},"type":"binary-expr","locations":[{"start":{"line":82,"column":27},"end":{"line":82,"column":56}},{"start":{"line":82,"column":60},"end":{"line":82,"column":62}}],"line":82},"15":{"loc":{"start":{"line":84,"column":23},"end":{"line":84,"column":45}},"type":"binary-expr","locations":[{"start":{"line":84,"column":23},"end":{"line":84,"column":37}},{"start":{"line":84,"column":41},"end":{"line":84,"column":45}}],"line":84},"16":{"loc":{"start":{"line":85,"column":17},"end":{"line":85,"column":86}},"type":"cond-expr","locations":[{"start":{"line":85,"column":50},"end":{"line":85,"column":66}},{"start":{"line":85,"column":69},"end":{"line":85,"column":86}}],"line":85},"17":{"loc":{"start":{"line":108,"column":4},"end":{"line":110,"column":5}},"type":"if","locations":[{"start":{"line":108,"column":4},"end":{"line":110,"column":5}},{"start":{},"end":{}}],"line":108},"18":{"loc":{"start":{"line":108,"column":8},"end":{"line":108,"column":38}},"type":"binary-expr","locations":[{"start":{"line":108,"column":8},"end":{"line":108,"column":17}},{"start":{"line":108,"column":21},"end":{"line":108,"column":38}}],"line":108},"19":{"loc":{"start":{"line":118,"column":4},"end":{"line":120,"column":5}},"type":"if","locations":[{"start":{"line":118,"column":4},"end":{"line":120,"column":5}},{"start":{},"end":{}}],"line":118},"20":{"loc":{"start":{"line":130,"column":4},"end":{"line":132,"column":5}},"type":"if","locations":[{"start":{"line":130,"column":4},"end":{"line":132,"column":5}},{"start":{},"end":{}}],"line":130},"21":{"loc":{"start":{"line":130,"column":8},"end":{"line":130,"column":38}},"type":"binary-expr","locations":[{"start":{"line":130,"column":8},"end":{"line":130,"column":17}},{"start":{"line":130,"column":21},"end":{"line":130,"column":38}}],"line":130},"22":{"loc":{"start":{"line":139,"column":4},"end":{"line":141,"column":5}},"type":"if","locations":[{"start":{"line":139,"column":4},"end":{"line":141,"column":5}},{"start":{},"end":{}}],"line":139},"23":{"loc":{"start":{"line":155,"column":4},"end":{"line":157,"column":5}},"type":"if","locations":[{"start":{"line":155,"column":4},"end":{"line":157,"column":5}},{"start":{},"end":{}}],"line":155},"24":{"loc":{"start":{"line":167,"column":4},"end":{"line":169,"column":5}},"type":"if","locations":[{"start":{"line":167,"column":4},"end":{"line":169,"column":5}},{"start":{},"end":{}}],"line":167},"25":{"loc":{"start":{"line":167,"column":8},"end":{"line":167,"column":38}},"type":"binary-expr","locations":[{"start":{"line":167,"column":8},"end":{"line":167,"column":17}},{"start":{"line":167,"column":21},"end":{"line":167,"column":38}}],"line":167},"26":{"loc":{"start":{"line":177,"column":4},"end":{"line":179,"column":5}},"type":"if","locations":[{"start":{"line":177,"column":4},"end":{"line":179,"column":5}},{"start":{},"end":{}}],"line":177},"27":{"loc":{"start":{"line":189,"column":4},"end":{"line":191,"column":5}},"type":"if","locations":[{"start":{"line":189,"column":4},"end":{"line":191,"column":5}},{"start":{},"end":{}}],"line":189},"28":{"loc":{"start":{"line":189,"column":8},"end":{"line":189,"column":38}},"type":"binary-expr","locations":[{"start":{"line":189,"column":8},"end":{"line":189,"column":17}},{"start":{"line":189,"column":21},"end":{"line":189,"column":38}}],"line":189},"29":{"loc":{"start":{"line":196,"column":4},"end":{"line":204,"column":5}},"type":"if","locations":[{"start":{"line":196,"column":4},"end":{"line":204,"column":5}},{"start":{"line":202,"column":11},"end":{"line":204,"column":5}}],"line":196},"30":{"loc":{"start":{"line":206,"column":4},"end":{"line":208,"column":5}},"type":"if","locations":[{"start":{"line":206,"column":4},"end":{"line":208,"column":5}},{"start":{},"end":{}}],"line":206}},"s":{"0":4,"1":6,"2":6,"3":6,"4":0,"5":6,"6":4,"7":55,"8":55,"9":55,"10":0,"11":55,"12":55,"13":1,"14":54,"15":54,"16":1,"17":4,"18":4,"19":4,"20":0,"21":4,"22":4,"23":4,"24":4,"25":4,"26":4,"27":4,"28":4,"29":4,"30":0,"31":4,"32":2,"33":2,"34":0,"35":2,"36":2,"37":2,"38":2,"39":2,"40":2,"41":2,"42":2,"43":2,"44":0,"45":4,"46":2,"47":2,"48":0,"49":2,"50":2,"51":1,"52":1,"53":1,"54":4,"55":1,"56":1,"57":0,"58":1,"59":1,"60":0,"61":1,"62":1,"63":0,"64":1,"65":0,"66":4,"67":1,"68":1,"69":0,"70":1,"71":1,"72":0,"73":1,"74":0,"75":4,"76":4,"77":4,"78":0,"79":4,"80":4,"81":3,"82":1,"83":4,"84":0,"85":4,"86":0},"f":{"0":6,"1":55,"2":4,"3":2,"4":2,"5":1,"6":1,"7":4},"b":{"0":[0],"1":[0,6],"2":[0,55],"3":[55,55],"4":[1,54],"5":[0,4],"6":[4,4],"7":[4,3],"8":[4,3],"9":[4,4],"10":[0,4],"11":[0,2],"12":[2,2],"13":[2,2],"14":[2,2],"15":[2,2],"16":[0,2],"17":[0,2],"18":[2,2],"19":[1,1],"20":[0,1],"21":[1,1],"22":[0,1],"23":[0,1],"24":[0,1],"25":[1,1],"26":[0,1],"27":[0,4],"28":[4,4],"29":[3,1],"30":[0,4]},"inputSourceMap":null,"_coverageSchema":"1a1c01bbd47fc00a2c39e90264f33305004495a9","hash":"bc78421d71edc6bbc3d2cd1a011ff1e52dfd4632"}
,"C:\\Users\\1marc\\Desktop\\uni\\Tercero\\Server\\ServerPractice\\src\\controllers\\deliverynote.controller.js": {"path":"C:\\Users\\1marc\\Desktop\\uni\\Tercero\\Server\\ServerPractice\\src\\controllers\\deliverynote.controller.js","statementMap":{"0":{"start":{"line":9,"column":18},"end":{"line":14,"column":1}},"1":{"start":{"line":10,"column":2},"end":{"line":10,"column":37}},"2":{"start":{"line":10,"column":18},"end":{"line":10,"column":37}},"3":{"start":{"line":11,"column":2},"end":{"line":11,"column":70}},"4":{"start":{"line":11,"column":34},"end":{"line":11,"column":70}},"5":{"start":{"line":12,"column":2},"end":{"line":12,"column":69}},"6":{"start":{"line":12,"column":33},"end":{"line":12,"column":69}},"7":{"start":{"line":13,"column":2},"end":{"line":13,"column":28}},"8":{"start":{"line":16,"column":24},"end":{"line":18,"column":1}},"9":{"start":{"line":17,"column":2},"end":{"line":17,"column":62}},"10":{"start":{"line":20,"column":27},"end":{"line":24,"column":1}},"11":{"start":{"line":21,"column":17},"end":{"line":21,"column":34}},"12":{"start":{"line":22,"column":2},"end":{"line":22,"column":55}},"13":{"start":{"line":23,"column":2},"end":{"line":23,"column":16}},"14":{"start":{"line":26,"column":20},"end":{"line":96,"column":1}},"15":{"start":{"line":27,"column":17},"end":{"line":27,"column":43}},"16":{"start":{"line":28,"column":18},"end":{"line":28,"column":54}},"17":{"start":{"line":29,"column":14},"end":{"line":29,"column":57}},"18":{"start":{"line":30,"column":22},"end":{"line":30,"column":51}},"19":{"start":{"line":32,"column":2},"end":{"line":32,"column":24}},"20":{"start":{"line":34,"column":2},"end":{"line":34,"column":62}},"21":{"start":{"line":35,"column":2},"end":{"line":35,"column":17}},"22":{"start":{"line":37,"column":2},"end":{"line":37,"column":43}},"23":{"start":{"line":38,"column":2},"end":{"line":38,"column":61}},"24":{"start":{"line":39,"column":2},"end":{"line":39,"column":58}},"25":{"start":{"line":40,"column":2},"end":{"line":40,"column":72}},"26":{"start":{"line":41,"column":2},"end":{"line":41,"column":37}},"27":{"start":{"line":42,"column":2},"end":{"line":42,"column":73}},"28":{"start":{"line":43,"column":2},"end":{"line":43,"column":17}},"29":{"start":{"line":45,"column":2},"end":{"line":45,"column":48}},"30":{"start":{"line":46,"column":2},"end":{"line":46,"column":35}},"31":{"start":{"line":47,"column":2},"end":{"line":47,"column":17}},"32":{"start":{"line":49,"column":2},"end":{"line":54,"column":3}},"33":{"start":{"line":50,"column":4},"end":{"line":50,"column":55}},"34":{"start":{"line":51,"column":4},"end":{"line":51,"column":50}},"35":{"start":{"line":52,"column":4},"end":{"line":52,"column":50}},"36":{"start":{"line":53,"column":4},"end":{"line":53,"column":42}},"37":{"start":{"line":56,"column":2},"end":{"line":68,"column":3}},"38":{"start":{"line":57,"column":4},"end":{"line":57,"column":52}},"39":{"start":{"line":58,"column":4},"end":{"line":60,"column":5}},"40":{"start":{"line":59,"column":6},"end":{"line":59,"column":45}},"41":{"start":{"line":61,"column":4},"end":{"line":67,"column":5}},"42":{"start":{"line":62,"column":6},"end":{"line":62,"column":21}},"43":{"start":{"line":63,"column":6},"end":{"line":63,"column":48}},"44":{"start":{"line":64,"column":6},"end":{"line":66,"column":9}},"45":{"start":{"line":65,"column":8},"end":{"line":65,"column":68}},"46":{"start":{"line":70,"column":2},"end":{"line":70,"column":17}},"47":{"start":{"line":71,"column":2},"end":{"line":71,"column":52}},"48":{"start":{"line":72,"column":2},"end":{"line":74,"column":3}},"49":{"start":{"line":73,"column":4},"end":{"line":73,"column":71}},"50":{"start":{"line":76,"column":2},"end":{"line":86,"column":3}},"51":{"start":{"line":77,"column":4},"end":{"line":85,"column":5}},"52":{"start":{"line":78,"column":25},"end":{"line":78,"column":89}},"53":{"start":{"line":79,"column":21},"end":{"line":79,"column":54}},"54":{"start":{"line":80,"column":6},"end":{"line":80,"column":72}},"55":{"start":{"line":81,"column":6},"end":{"line":81,"column":62}},"56":{"start":{"line":83,"column":6},"end":{"line":83,"column":21}},"57":{"start":{"line":84,"column":6},"end":{"line":84,"column":56}},"58":{"start":{"line":88,"column":2},"end":{"line":88,"column":12}},"59":{"start":{"line":90,"column":2},"end":{"line":93,"column":5}},"60":{"start":{"line":91,"column":4},"end":{"line":91,"column":38}},"61":{"start":{"line":92,"column":4},"end":{"line":92,"column":36}},"62":{"start":{"line":95,"column":2},"end":{"line":95,"column":17}},"63":{"start":{"line":98,"column":34},"end":{"line":137,"column":1}},"64":{"start":{"line":99,"column":2},"end":{"line":136,"column":3}},"65":{"start":{"line":100,"column":4},"end":{"line":102,"column":5}},"66":{"start":{"line":101,"column":6},"end":{"line":101,"column":77}},"67":{"start":{"line":104,"column":105},"end":{"line":104,"column":113}},"68":{"start":{"line":106,"column":36},"end":{"line":109,"column":6}},"69":{"start":{"line":111,"column":4},"end":{"line":113,"column":5}},"70":{"start":{"line":112,"column":6},"end":{"line":112,"column":66}},"71":{"start":{"line":114,"column":4},"end":{"line":116,"column":5}},"72":{"start":{"line":115,"column":6},"end":{"line":115,"column":67}},"73":{"start":{"line":118,"column":25},"end":{"line":131,"column":6}},"74":{"start":{"line":133,"column":4},"end":{"line":133,"column":39}},"75":{"start":{"line":135,"column":4},"end":{"line":135,"column":16}},"76":{"start":{"line":139,"column":32},"end":{"line":188,"column":1}},"77":{"start":{"line":140,"column":2},"end":{"line":187,"column":3}},"78":{"start":{"line":141,"column":4},"end":{"line":143,"column":5}},"79":{"start":{"line":142,"column":6},"end":{"line":142,"column":77}},"80":{"start":{"line":145,"column":17},"end":{"line":145,"column":63}},"81":{"start":{"line":146,"column":18},"end":{"line":146,"column":66}},"82":{"start":{"line":147,"column":17},"end":{"line":147,"column":35}},"83":{"start":{"line":148,"column":26},"end":{"line":148,"column":56}},"84":{"start":{"line":149,"column":25},"end":{"line":149,"column":54}},"85":{"start":{"line":150,"column":25},"end":{"line":150,"column":54}},"86":{"start":{"line":151,"column":25},"end":{"line":151,"column":97}},"87":{"start":{"line":152,"column":17},"end":{"line":152,"column":60}},"88":{"start":{"line":153,"column":17},"end":{"line":153,"column":70}},"89":{"start":{"line":154,"column":15},"end":{"line":154,"column":64}},"90":{"start":{"line":156,"column":18},"end":{"line":156,"column":63}},"91":{"start":{"line":157,"column":4},"end":{"line":157,"column":53}},"92":{"start":{"line":157,"column":23},"end":{"line":157,"column":53}},"93":{"start":{"line":158,"column":4},"end":{"line":158,"column":50}},"94":{"start":{"line":158,"column":22},"end":{"line":158,"column":50}},"95":{"start":{"line":159,"column":4},"end":{"line":159,"column":50}},"96":{"start":{"line":159,"column":22},"end":{"line":159,"column":50}},"97":{"start":{"line":160,"column":4},"end":{"line":160,"column":64}},"98":{"start":{"line":160,"column":36},"end":{"line":160,"column":64}},"99":{"start":{"line":161,"column":4},"end":{"line":165,"column":5}},"100":{"start":{"line":162,"column":6},"end":{"line":162,"column":26}},"101":{"start":{"line":163,"column":6},"end":{"line":163,"column":76}},"102":{"start":{"line":163,"column":49},"end":{"line":163,"column":76}},"103":{"start":{"line":164,"column":6},"end":{"line":164,"column":70}},"104":{"start":{"line":164,"column":45},"end":{"line":164,"column":70}},"105":{"start":{"line":167,"column":40},"end":{"line":174,"column":6}},"106":{"start":{"line":176,"column":23},"end":{"line":176,"column":52}},"107":{"start":{"line":178,"column":4},"end":{"line":184,"column":7}},"108":{"start":{"line":186,"column":4},"end":{"line":186,"column":16}},"109":{"start":{"line":190,"column":31},"end":{"line":210,"column":1}},"110":{"start":{"line":191,"column":2},"end":{"line":209,"column":3}},"111":{"start":{"line":192,"column":4},"end":{"line":194,"column":5}},"112":{"start":{"line":193,"column":6},"end":{"line":193,"column":77}},"113":{"start":{"line":196,"column":25},"end":{"line":200,"column":38}},"114":{"start":{"line":202,"column":4},"end":{"line":204,"column":5}},"115":{"start":{"line":203,"column":6},"end":{"line":203,"column":57}},"116":{"start":{"line":206,"column":4},"end":{"line":206,"column":39}},"117":{"start":{"line":208,"column":4},"end":{"line":208,"column":16}},"118":{"start":{"line":212,"column":39},"end":{"line":242,"column":1}},"119":{"start":{"line":213,"column":2},"end":{"line":241,"column":3}},"120":{"start":{"line":214,"column":4},"end":{"line":216,"column":5}},"121":{"start":{"line":215,"column":6},"end":{"line":215,"column":77}},"122":{"start":{"line":218,"column":25},"end":{"line":222,"column":38}},"123":{"start":{"line":224,"column":4},"end":{"line":226,"column":5}},"124":{"start":{"line":225,"column":6},"end":{"line":225,"column":57}},"125":{"start":{"line":228,"column":4},"end":{"line":231,"column":5}},"126":{"start":{"line":229,"column":6},"end":{"line":229,"column":61}},"127":{"start":{"line":230,"column":6},"end":{"line":230,"column":32}},"128":{"start":{"line":233,"column":4},"end":{"line":233,"column":53}},"129":{"start":{"line":234,"column":4},"end":{"line":234,"column":104}},"130":{"start":{"line":236,"column":19},"end":{"line":236,"column":60}},"131":{"start":{"line":237,"column":4},"end":{"line":237,"column":43}},"132":{"start":{"line":237,"column":32},"end":{"line":237,"column":41}},"133":{"start":{"line":238,"column":4},"end":{"line":238,"column":21}},"134":{"start":{"line":240,"column":4},"end":{"line":240,"column":16}},"135":{"start":{"line":244,"column":32},"end":{"line":295,"column":1}},"136":{"start":{"line":245,"column":2},"end":{"line":294,"column":3}},"137":{"start":{"line":247,"column":4},"end":{"line":249,"column":5}},"138":{"start":{"line":248,"column":6},"end":{"line":248,"column":77}},"139":{"start":{"line":252,"column":25},"end":{"line":256,"column":38}},"140":{"start":{"line":258,"column":4},"end":{"line":260,"column":5}},"141":{"start":{"line":259,"column":6},"end":{"line":259,"column":57}},"142":{"start":{"line":263,"column":4},"end":{"line":265,"column":5}},"143":{"start":{"line":264,"column":6},"end":{"line":264,"column":65}},"144":{"start":{"line":268,"column":30},"end":{"line":268,"column":38}},"145":{"start":{"line":271,"column":24},"end":{"line":271,"column":61}},"146":{"start":{"line":273,"column":4},"end":{"line":275,"column":5}},"147":{"start":{"line":274,"column":6},"end":{"line":274,"column":98}},"148":{"start":{"line":278,"column":4},"end":{"line":278,"column":47}},"149":{"start":{"line":279,"column":4},"end":{"line":279,"column":31}},"150":{"start":{"line":280,"column":4},"end":{"line":280,"column":39}},"151":{"start":{"line":284,"column":4},"end":{"line":284,"column":59}},"152":{"start":{"line":287,"column":4},"end":{"line":287,"column":30}},"153":{"start":{"line":290,"column":4},"end":{"line":290,"column":39}},"154":{"start":{"line":293,"column":4},"end":{"line":293,"column":16}},"155":{"start":{"line":297,"column":34},"end":{"line":327,"column":1}},"156":{"start":{"line":298,"column":2},"end":{"line":326,"column":3}},"157":{"start":{"line":299,"column":4},"end":{"line":301,"column":5}},"158":{"start":{"line":300,"column":6},"end":{"line":300,"column":77}},"159":{"start":{"line":303,"column":19},"end":{"line":303,"column":45}},"160":{"start":{"line":304,"column":18},"end":{"line":304,"column":83}},"161":{"start":{"line":306,"column":25},"end":{"line":306,"column":58}},"162":{"start":{"line":308,"column":4},"end":{"line":310,"column":5}},"163":{"start":{"line":309,"column":6},"end":{"line":309,"column":57}},"164":{"start":{"line":312,"column":4},"end":{"line":314,"column":5}},"165":{"start":{"line":313,"column":6},"end":{"line":313,"column":73}},"166":{"start":{"line":316,"column":4},"end":{"line":321,"column":5}},"167":{"start":{"line":317,"column":6},"end":{"line":317,"column":34}},"168":{"start":{"line":318,"column":6},"end":{"line":318,"column":32}},"169":{"start":{"line":320,"column":6},"end":{"line":320,"column":37}},"170":{"start":{"line":323,"column":4},"end":{"line":323,"column":27}},"171":{"start":{"line":325,"column":4},"end":{"line":325,"column":16}}},"fnMap":{"0":{"name":"(anonymous_0)","decl":{"start":{"line":9,"column":18},"end":{"line":9,"column":19}},"loc":{"start":{"line":9,"column":46},"end":{"line":14,"column":1}},"line":9},"1":{"name":"(anonymous_1)","decl":{"start":{"line":16,"column":24},"end":{"line":16,"column":25}},"loc":{"start":{"line":16,"column":30},"end":{"line":18,"column":1}},"line":16},"2":{"name":"(anonymous_2)","decl":{"start":{"line":20,"column":27},"end":{"line":20,"column":28}},"loc":{"start":{"line":20,"column":39},"end":{"line":24,"column":1}},"line":20},"3":{"name":"(anonymous_3)","decl":{"start":{"line":26,"column":20},"end":{"line":26,"column":21}},"loc":{"start":{"line":26,"column":36},"end":{"line":96,"column":1}},"line":26},"4":{"name":"(anonymous_4)","decl":{"start":{"line":64,"column":27},"end":{"line":64,"column":28}},"loc":{"start":{"line":64,"column":46},"end":{"line":66,"column":7}},"line":64},"5":{"name":"(anonymous_5)","decl":{"start":{"line":90,"column":20},"end":{"line":90,"column":21}},"loc":{"start":{"line":90,"column":41},"end":{"line":93,"column":3}},"line":90},"6":{"name":"(anonymous_6)","decl":{"start":{"line":98,"column":34},"end":{"line":98,"column":35}},"loc":{"start":{"line":98,"column":60},"end":{"line":137,"column":1}},"line":98},"7":{"name":"(anonymous_7)","decl":{"start":{"line":139,"column":32},"end":{"line":139,"column":33}},"loc":{"start":{"line":139,"column":58},"end":{"line":188,"column":1}},"line":139},"8":{"name":"(anonymous_8)","decl":{"start":{"line":190,"column":31},"end":{"line":190,"column":32}},"loc":{"start":{"line":190,"column":57},"end":{"line":210,"column":1}},"line":190},"9":{"name":"(anonymous_9)","decl":{"start":{"line":212,"column":39},"end":{"line":212,"column":40}},"loc":{"start":{"line":212,"column":65},"end":{"line":242,"column":1}},"line":212},"10":{"name":"(anonymous_10)","decl":{"start":{"line":237,"column":23},"end":{"line":237,"column":24}},"loc":{"start":{"line":237,"column":32},"end":{"line":237,"column":41}},"line":237},"11":{"name":"(anonymous_11)","decl":{"start":{"line":244,"column":32},"end":{"line":244,"column":33}},"loc":{"start":{"line":244,"column":58},"end":{"line":295,"column":1}},"line":244},"12":{"name":"(anonymous_12)","decl":{"start":{"line":297,"column":34},"end":{"line":297,"column":35}},"loc":{"start":{"line":297,"column":60},"end":{"line":327,"column":1}},"line":297}},"branchMap":{"0":{"loc":{"start":{"line":10,"column":2},"end":{"line":10,"column":37}},"type":"if","locations":[{"start":{"line":10,"column":2},"end":{"line":10,"column":37}},{"start":{},"end":{}}],"line":10},"1":{"loc":{"start":{"line":11,"column":2},"end":{"line":11,"column":70}},"type":"if","locations":[{"start":{"line":11,"column":2},"end":{"line":11,"column":70}},{"start":{},"end":{}}],"line":11},"2":{"loc":{"start":{"line":12,"column":2},"end":{"line":12,"column":69}},"type":"if","locations":[{"start":{"line":12,"column":2},"end":{"line":12,"column":69}},{"start":{},"end":{}}],"line":12},"3":{"loc":{"start":{"line":38,"column":23},"end":{"line":38,"column":57}},"type":"binary-expr","locations":[{"start":{"line":38,"column":23},"end":{"line":38,"column":41}},{"start":{"line":38,"column":45},"end":{"line":38,"column":57}}],"line":38},"4":{"loc":{"start":{"line":39,"column":22},"end":{"line":39,"column":54}},"type":"binary-expr","locations":[{"start":{"line":39,"column":22},"end":{"line":39,"column":39}},{"start":{"line":39,"column":43},"end":{"line":39,"column":54}}],"line":39},"5":{"loc":{"start":{"line":40,"column":20},"end":{"line":40,"column":68}},"type":"binary-expr","locations":[{"start":{"line":40,"column":20},"end":{"line":40,"column":36}},{"start":{"line":40,"column":40},"end":{"line":40,"column":55}},{"start":{"line":40,"column":59},"end":{"line":40,"column":68}}],"line":40},"6":{"loc":{"start":{"line":46,"column":11},"end":{"line":46,"column":33}},"type":"binary-expr","locations":[{"start":{"line":46,"column":11},"end":{"line":46,"column":27}},{"start":{"line":46,"column":31},"end":{"line":46,"column":33}}],"line":46},"7":{"loc":{"start":{"line":49,"column":2},"end":{"line":54,"column":3}},"type":"if","locations":[{"start":{"line":49,"column":2},"end":{"line":54,"column":3}},{"start":{},"end":{}}],"line":49},"8":{"loc":{"start":{"line":51,"column":26},"end":{"line":51,"column":46}},"type":"binary-expr","locations":[{"start":{"line":51,"column":26},"end":{"line":51,"column":39}},{"start":{"line":51,"column":43},"end":{"line":51,"column":46}}],"line":51},"9":{"loc":{"start":{"line":52,"column":26},"end":{"line":52,"column":46}},"type":"binary-expr","locations":[{"start":{"line":52,"column":26},"end":{"line":52,"column":39}},{"start":{"line":52,"column":43},"end":{"line":52,"column":46}}],"line":52},"10":{"loc":{"start":{"line":53,"column":22},"end":{"line":53,"column":38}},"type":"binary-expr","locations":[{"start":{"line":53,"column":22},"end":{"line":53,"column":31}},{"start":{"line":53,"column":35},"end":{"line":53,"column":38}}],"line":53},"11":{"loc":{"start":{"line":56,"column":2},"end":{"line":68,"column":3}},"type":"if","locations":[{"start":{"line":56,"column":2},"end":{"line":68,"column":3}},{"start":{},"end":{}}],"line":56},"12":{"loc":{"start":{"line":58,"column":4},"end":{"line":60,"column":5}},"type":"if","locations":[{"start":{"line":58,"column":4},"end":{"line":60,"column":5}},{"start":{},"end":{}}],"line":58},"13":{"loc":{"start":{"line":61,"column":4},"end":{"line":67,"column":5}},"type":"if","locations":[{"start":{"line":61,"column":4},"end":{"line":67,"column":5}},{"start":{},"end":{}}],"line":61},"14":{"loc":{"start":{"line":61,"column":8},"end":{"line":61,"column":62}},"type":"binary-expr","locations":[{"start":{"line":61,"column":8},"end":{"line":61,"column":35}},{"start":{"line":61,"column":39},"end":{"line":61,"column":62}}],"line":61},"15":{"loc":{"start":{"line":71,"column":22},"end":{"line":71,"column":48}},"type":"cond-expr","locations":[{"start":{"line":71,"column":36},"end":{"line":71,"column":41}},{"start":{"line":71,"column":44},"end":{"line":71,"column":48}}],"line":71},"16":{"loc":{"start":{"line":72,"column":2},"end":{"line":74,"column":3}},"type":"if","locations":[{"start":{"line":72,"column":2},"end":{"line":74,"column":3}},{"start":{},"end":{}}],"line":72},"17":{"loc":{"start":{"line":72,"column":6},"end":{"line":72,"column":34}},"type":"binary-expr","locations":[{"start":{"line":72,"column":6},"end":{"line":72,"column":17}},{"start":{"line":72,"column":21},"end":{"line":72,"column":34}}],"line":72},"18":{"loc":{"start":{"line":76,"column":2},"end":{"line":86,"column":3}},"type":"if","locations":[{"start":{"line":76,"column":2},"end":{"line":86,"column":3}},{"start":{},"end":{}}],"line":76},"19":{"loc":{"start":{"line":76,"column":6},"end":{"line":76,"column":39}},"type":"binary-expr","locations":[{"start":{"line":76,"column":6},"end":{"line":76,"column":17}},{"start":{"line":76,"column":21},"end":{"line":76,"column":39}}],"line":76},"20":{"loc":{"start":{"line":100,"column":4},"end":{"line":102,"column":5}},"type":"if","locations":[{"start":{"line":100,"column":4},"end":{"line":102,"column":5}},{"start":{},"end":{}}],"line":100},"21":{"loc":{"start":{"line":100,"column":8},"end":{"line":100,"column":38}},"type":"binary-expr","locations":[{"start":{"line":100,"column":8},"end":{"line":100,"column":17}},{"start":{"line":100,"column":21},"end":{"line":100,"column":38}}],"line":100},"22":{"loc":{"start":{"line":111,"column":4},"end":{"line":113,"column":5}},"type":"if","locations":[{"start":{"line":111,"column":4},"end":{"line":113,"column":5}},{"start":{},"end":{}}],"line":111},"23":{"loc":{"start":{"line":114,"column":4},"end":{"line":116,"column":5}},"type":"if","locations":[{"start":{"line":114,"column":4},"end":{"line":116,"column":5}},{"start":{},"end":{}}],"line":114},"24":{"loc":{"start":{"line":141,"column":4},"end":{"line":143,"column":5}},"type":"if","locations":[{"start":{"line":141,"column":4},"end":{"line":143,"column":5}},{"start":{},"end":{}}],"line":141},"25":{"loc":{"start":{"line":141,"column":8},"end":{"line":141,"column":38}},"type":"binary-expr","locations":[{"start":{"line":141,"column":8},"end":{"line":141,"column":17}},{"start":{"line":141,"column":21},"end":{"line":141,"column":38}}],"line":141},"26":{"loc":{"start":{"line":145,"column":26},"end":{"line":145,"column":59}},"type":"binary-expr","locations":[{"start":{"line":145,"column":26},"end":{"line":145,"column":54}},{"start":{"line":145,"column":58},"end":{"line":145,"column":59}}],"line":145},"27":{"loc":{"start":{"line":146,"column":27},"end":{"line":146,"column":62}},"type":"binary-expr","locations":[{"start":{"line":146,"column":27},"end":{"line":146,"column":56}},{"start":{"line":146,"column":60},"end":{"line":146,"column":62}}],"line":146},"28":{"loc":{"start":{"line":148,"column":26},"end":{"line":148,"column":56}},"type":"binary-expr","locations":[{"start":{"line":148,"column":26},"end":{"line":148,"column":43}},{"start":{"line":148,"column":47},"end":{"line":148,"column":56}}],"line":148},"29":{"loc":{"start":{"line":149,"column":25},"end":{"line":149,"column":54}},"type":"binary-expr","locations":[{"start":{"line":149,"column":25},"end":{"line":149,"column":41}},{"start":{"line":149,"column":45},"end":{"line":149,"column":54}}],"line":149},"30":{"loc":{"start":{"line":150,"column":25},"end":{"line":150,"column":54}},"type":"binary-expr","locations":[{"start":{"line":150,"column":25},"end":{"line":150,"column":41}},{"start":{"line":150,"column":45},"end":{"line":150,"column":54}}],"line":150},"31":{"loc":{"start":{"line":151,"column":25},"end":{"line":151,"column":97}},"type":"cond-expr","locations":[{"start":{"line":151,"column":58},"end":{"line":151,"column":67}},{"start":{"line":151,"column":70},"end":{"line":151,"column":97}}],"line":151},"32":{"loc":{"start":{"line":153,"column":17},"end":{"line":153,"column":70}},"type":"cond-expr","locations":[{"start":{"line":153,"column":34},"end":{"line":153,"column":58}},{"start":{"line":153,"column":61},"end":{"line":153,"column":70}}],"line":153},"33":{"loc":{"start":{"line":154,"column":15},"end":{"line":154,"column":64}},"type":"cond-expr","locations":[{"start":{"line":154,"column":30},"end":{"line":154,"column":52}},{"start":{"line":154,"column":55},"end":{"line":154,"column":64}}],"line":154},"34":{"loc":{"start":{"line":157,"column":4},"end":{"line":157,"column":53}},"type":"if","locations":[{"start":{"line":157,"column":4},"end":{"line":157,"column":53}},{"start":{},"end":{}}],"line":157},"35":{"loc":{"start":{"line":158,"column":4},"end":{"line":158,"column":50}},"type":"if","locations":[{"start":{"line":158,"column":4},"end":{"line":158,"column":50}},{"start":{},"end":{}}],"line":158},"36":{"loc":{"start":{"line":159,"column":4},"end":{"line":159,"column":50}},"type":"if","locations":[{"start":{"line":159,"column":4},"end":{"line":159,"column":50}},{"start":{},"end":{}}],"line":159},"37":{"loc":{"start":{"line":160,"column":4},"end":{"line":160,"column":64}},"type":"if","locations":[{"start":{"line":160,"column":4},"end":{"line":160,"column":64}},{"start":{},"end":{}}],"line":160},"38":{"loc":{"start":{"line":161,"column":4},"end":{"line":165,"column":5}},"type":"if","locations":[{"start":{"line":161,"column":4},"end":{"line":165,"column":5}},{"start":{},"end":{}}],"line":161},"39":{"loc":{"start":{"line":161,"column":8},"end":{"line":161,"column":18}},"type":"binary-expr","locations":[{"start":{"line":161,"column":8},"end":{"line":161,"column":12}},{"start":{"line":161,"column":16},"end":{"line":161,"column":18}}],"line":161},"40":{"loc":{"start":{"line":163,"column":6},"end":{"line":163,"column":76}},"type":"if","locations":[{"start":{"line":163,"column":6},"end":{"line":163,"column":76}},{"start":{},"end":{}}],"line":163},"41":{"loc":{"start":{"line":163,"column":10},"end":{"line":163,"column":47}},"type":"binary-expr","locations":[{"start":{"line":163,"column":10},"end":{"line":163,"column":14}},{"start":{"line":163,"column":18},"end":{"line":163,"column":47}}],"line":163},"42":{"loc":{"start":{"line":164,"column":6},"end":{"line":164,"column":70}},"type":"if","locations":[{"start":{"line":164,"column":6},"end":{"line":164,"column":70}},{"start":{},"end":{}}],"line":164},"43":{"loc":{"start":{"line":164,"column":10},"end":{"line":164,"column":43}},"type":"binary-expr","locations":[{"start":{"line":164,"column":10},"end":{"line":164,"column":12}},{"start":{"line":164,"column":16},"end":{"line":164,"column":43}}],"line":164},"44":{"loc":{"start":{"line":192,"column":4},"end":{"line":194,"column":5}},"type":"if","locations":[{"start":{"line":192,"column":4},"end":{"line":194,"column":5}},{"start":{},"end":{}}],"line":192},"45":{"loc":{"start":{"line":192,"column":8},"end":{"line":192,"column":38}},"type":"binary-expr","locations":[{"start":{"line":192,"column":8},"end":{"line":192,"column":17}},{"start":{"line":192,"column":21},"end":{"line":192,"column":38}}],"line":192},"46":{"loc":{"start":{"line":202,"column":4},"end":{"line":204,"column":5}},"type":"if","locations":[{"start":{"line":202,"column":4},"end":{"line":204,"column":5}},{"start":{},"end":{}}],"line":202},"47":{"loc":{"start":{"line":214,"column":4},"end":{"line":216,"column":5}},"type":"if","locations":[{"start":{"line":214,"column":4},"end":{"line":216,"column":5}},{"start":{},"end":{}}],"line":214},"48":{"loc":{"start":{"line":214,"column":8},"end":{"line":214,"column":38}},"type":"binary-expr","locations":[{"start":{"line":214,"column":8},"end":{"line":214,"column":17}},{"start":{"line":214,"column":21},"end":{"line":214,"column":38}}],"line":214},"49":{"loc":{"start":{"line":224,"column":4},"end":{"line":226,"column":5}},"type":"if","locations":[{"start":{"line":224,"column":4},"end":{"line":226,"column":5}},{"start":{},"end":{}}],"line":224},"50":{"loc":{"start":{"line":228,"column":4},"end":{"line":231,"column":5}},"type":"if","locations":[{"start":{"line":228,"column":4},"end":{"line":231,"column":5}},{"start":{},"end":{}}],"line":228},"51":{"loc":{"start":{"line":228,"column":8},"end":{"line":228,"column":69}},"type":"binary-expr","locations":[{"start":{"line":228,"column":8},"end":{"line":228,"column":29}},{"start":{"line":228,"column":33},"end":{"line":228,"column":69}}],"line":228},"52":{"loc":{"start":{"line":247,"column":4},"end":{"line":249,"column":5}},"type":"if","locations":[{"start":{"line":247,"column":4},"end":{"line":249,"column":5}},{"start":{},"end":{}}],"line":247},"53":{"loc":{"start":{"line":247,"column":8},"end":{"line":247,"column":38}},"type":"binary-expr","locations":[{"start":{"line":247,"column":8},"end":{"line":247,"column":17}},{"start":{"line":247,"column":21},"end":{"line":247,"column":38}}],"line":247},"54":{"loc":{"start":{"line":258,"column":4},"end":{"line":260,"column":5}},"type":"if","locations":[{"start":{"line":258,"column":4},"end":{"line":260,"column":5}},{"start":{},"end":{}}],"line":258},"55":{"loc":{"start":{"line":263,"column":4},"end":{"line":265,"column":5}},"type":"if","locations":[{"start":{"line":263,"column":4},"end":{"line":265,"column":5}},{"start":{},"end":{}}],"line":263},"56":{"loc":{"start":{"line":273,"column":4},"end":{"line":275,"column":5}},"type":"if","locations":[{"start":{"line":273,"column":4},"end":{"line":275,"column":5}},{"start":{},"end":{}}],"line":273},"57":{"loc":{"start":{"line":273,"column":8},"end":{"line":273,"column":95}},"type":"binary-expr","locations":[{"start":{"line":273,"column":8},"end":{"line":273,"column":22}},{"start":{"line":273,"column":26},"end":{"line":273,"column":59}},{"start":{"line":273,"column":63},"end":{"line":273,"column":95}}],"line":273},"58":{"loc":{"start":{"line":299,"column":4},"end":{"line":301,"column":5}},"type":"if","locations":[{"start":{"line":299,"column":4},"end":{"line":301,"column":5}},{"start":{},"end":{}}],"line":299},"59":{"loc":{"start":{"line":299,"column":8},"end":{"line":299,"column":38}},"type":"binary-expr","locations":[{"start":{"line":299,"column":8},"end":{"line":299,"column":17}},{"start":{"line":299,"column":21},"end":{"line":299,"column":38}}],"line":299},"60":{"loc":{"start":{"line":308,"column":4},"end":{"line":310,"column":5}},"type":"if","locations":[{"start":{"line":308,"column":4},"end":{"line":310,"column":5}},{"start":{},"end":{}}],"line":308},"61":{"loc":{"start":{"line":312,"column":4},"end":{"line":314,"column":5}},"type":"if","locations":[{"start":{"line":312,"column":4},"end":{"line":314,"column":5}},{"start":{},"end":{}}],"line":312},"62":{"loc":{"start":{"line":316,"column":4},"end":{"line":321,"column":5}},"type":"if","locations":[{"start":{"line":316,"column":4},"end":{"line":321,"column":5}},{"start":{"line":319,"column":11},"end":{"line":321,"column":5}}],"line":316}},"s":{"0":4,"1":3,"2":3,"3":0,"4":0,"5":0,"6":0,"7":0,"8":4,"9":4,"10":4,"11":4,"12":4,"13":4,"14":4,"15":4,"16":4,"17":4,"18":4,"19":4,"20":4,"21":4,"22":4,"23":4,"24":4,"25":4,"26":4,"27":4,"28":4,"29":4,"30":4,"31":4,"32":4,"33":4,"34":4,"35":4,"36":4,"37":4,"38":0,"39":0,"40":0,"41":0,"42":0,"43":0,"44":0,"45":0,"46":4,"47":4,"48":4,"49":4,"50":4,"51":4,"52":4,"53":4,"54":4,"55":4,"56":0,"57":0,"58":4,"59":4,"60":4,"61":4,"62":4,"63":4,"64":21,"65":21,"66":0,"67":21,"68":21,"69":21,"70":1,"71":20,"72":1,"73":19,"74":19,"75":2,"76":4,"77":3,"78":3,"79":0,"80":3,"81":3,"82":3,"83":3,"84":3,"85":3,"86":3,"87":3,"88":3,"89":3,"90":3,"91":3,"92":1,"93":3,"94":0,"95":3,"96":0,"97":3,"98":0,"99":3,"100":0,"101":0,"102":0,"103":0,"104":0,"105":3,"106":3,"107":3,"108":0,"109":4,"110":4,"111":4,"112":0,"113":4,"114":4,"115":3,"116":1,"117":3,"118":4,"119":2,"120":2,"121":0,"122":2,"123":2,"124":1,"125":1,"126":0,"127":0,"128":1,"129":1,"130":1,"131":1,"132":0,"133":1,"134":1,"135":4,"136":5,"137":5,"138":0,"139":5,"140":5,"141":0,"142":5,"143":0,"144":5,"145":5,"146":5,"147":1,"148":4,"149":4,"150":4,"151":4,"152":4,"153":4,"154":1,"155":4,"156":3,"157":3,"158":0,"159":3,"160":3,"161":3,"162":3,"163":0,"164":3,"165":1,"166":2,"167":2,"168":2,"169":0,"170":2,"171":1},"f":{"0":3,"1":4,"2":4,"3":4,"4":0,"5":4,"6":21,"7":3,"8":4,"9":2,"10":0,"11":5,"12":3},"b":{"0":[3,0],"1":[0,0],"2":[0,0],"3":[4,0],"4":[4,0],"5":[4,0,0],"6":[4,0],"7":[4,0],"8":[4,0],"9":[4,0],"10":[4,0],"11":[0,4],"12":[0,0],"13":[0,0],"14":[0,0],"15":[4,0],"16":[4,0],"17":[4,4],"18":[4,0],"19":[4,4],"20":[0,21],"21":[21,21],"22":[1,20],"23":[1,19],"24":[0,3],"25":[3,3],"26":[3,2],"27":[3,2],"28":[3,2],"29":[3,3],"30":[3,3],"31":[3,0],"32":[0,3],"33":[0,3],"34":[1,2],"35":[0,3],"36":[0,3],"37":[0,3],"38":[0,3],"39":[3,3],"40":[0,0],"41":[0,0],"42":[0,0],"43":[0,0],"44":[0,4],"45":[4,4],"46":[3,1],"47":[0,2],"48":[2,2],"49":[1,1],"50":[0,1],"51":[1,1],"52":[0,5],"53":[5,5],"54":[0,5],"55":[0,5],"56":[1,4],"57":[5,5,5],"58":[0,3],"59":[3,3],"60":[0,3],"61":[1,2],"62":[2,0]},"inputSourceMap":null,"_coverageSchema":"1a1c01bbd47fc00a2c39e90264f33305004495a9","hash":"7fe998f9a208cab8f654cbb0ccf01545e4993128"}
,"C:\\Users\\1marc\\Desktop\\uni\\Tercero\\Server\\ServerPractice\\src\\controllers\\project.controller.js": {"path":"C:\\Users\\1marc\\Desktop\\uni\\Tercero\\Server\\ServerPractice\\src\\controllers\\project.controller.js","statementMap":{"0":{"start":{"line":5,"column":19},"end":{"line":21,"column":1}},"1":{"start":{"line":6,"column":18},"end":{"line":6,"column":54}},"2":{"start":{"line":8,"column":4},"end":{"line":10,"column":5}},"3":{"start":{"line":9,"column":8},"end":{"line":9,"column":59}},"4":{"start":{"line":12,"column":4},"end":{"line":14,"column":5}},"5":{"start":{"line":13,"column":8},"end":{"line":13,"column":36}},"6":{"start":{"line":16,"column":4},"end":{"line":18,"column":5}},"7":{"start":{"line":17,"column":8},"end":{"line":17,"column":36}},"8":{"start":{"line":20,"column":4},"end":{"line":20,"column":17}},"9":{"start":{"line":23,"column":18},"end":{"line":28,"column":1}},"10":{"start":{"line":24,"column":4},"end":{"line":24,"column":45}},"11":{"start":{"line":24,"column":20},"end":{"line":24,"column":45}},"12":{"start":{"line":25,"column":4},"end":{"line":25,"column":72}},"13":{"start":{"line":25,"column":36},"end":{"line":25,"column":72}},"14":{"start":{"line":26,"column":4},"end":{"line":26,"column":71}},"15":{"start":{"line":26,"column":35},"end":{"line":26,"column":71}},"16":{"start":{"line":27,"column":4},"end":{"line":27,"column":30}},"17":{"start":{"line":30,"column":29},"end":{"line":62,"column":1}},"18":{"start":{"line":31,"column":4},"end":{"line":61,"column":5}},"19":{"start":{"line":32,"column":62},"end":{"line":32,"column":70}},"20":{"start":{"line":34,"column":8},"end":{"line":36,"column":9}},"21":{"start":{"line":35,"column":12},"end":{"line":35,"column":83}},"22":{"start":{"line":38,"column":29},"end":{"line":38,"column":93}},"23":{"start":{"line":39,"column":8},"end":{"line":41,"column":9}},"24":{"start":{"line":40,"column":12},"end":{"line":40,"column":72}},"25":{"start":{"line":43,"column":32},"end":{"line":43,"column":97}},"26":{"start":{"line":44,"column":8},"end":{"line":46,"column":9}},"27":{"start":{"line":45,"column":12},"end":{"line":45,"column":95}},"28":{"start":{"line":48,"column":24},"end":{"line":56,"column":10}},"29":{"start":{"line":58,"column":8},"end":{"line":58,"column":38}},"30":{"start":{"line":60,"column":8},"end":{"line":60,"column":20}},"31":{"start":{"line":64,"column":27},"end":{"line":95,"column":1}},"32":{"start":{"line":65,"column":4},"end":{"line":94,"column":5}},"33":{"start":{"line":66,"column":8},"end":{"line":68,"column":9}},"34":{"start":{"line":67,"column":12},"end":{"line":67,"column":83}},"35":{"start":{"line":70,"column":21},"end":{"line":70,"column":67}},"36":{"start":{"line":71,"column":22},"end":{"line":71,"column":70}},"37":{"start":{"line":72,"column":21},"end":{"line":72,"column":39}},"38":{"start":{"line":73,"column":27},"end":{"line":73,"column":49}},"39":{"start":{"line":74,"column":29},"end":{"line":74,"column":53}},"40":{"start":{"line":75,"column":29},"end":{"line":75,"column":101}},"41":{"start":{"line":76,"column":21},"end":{"line":76,"column":46}},"42":{"start":{"line":78,"column":22},"end":{"line":78,"column":97}},"43":{"start":{"line":79,"column":39},"end":{"line":82,"column":10}},"44":{"start":{"line":83,"column":27},"end":{"line":83,"column":56}},"45":{"start":{"line":85,"column":8},"end":{"line":91,"column":11}},"46":{"start":{"line":93,"column":8},"end":{"line":93,"column":20}},"47":{"start":{"line":97,"column":35},"end":{"line":127,"column":1}},"48":{"start":{"line":98,"column":4},"end":{"line":126,"column":5}},"49":{"start":{"line":99,"column":8},"end":{"line":101,"column":9}},"50":{"start":{"line":100,"column":12},"end":{"line":100,"column":83}},"51":{"start":{"line":103,"column":21},"end":{"line":103,"column":67}},"52":{"start":{"line":104,"column":22},"end":{"line":104,"column":70}},"53":{"start":{"line":105,"column":21},"end":{"line":105,"column":39}},"54":{"start":{"line":106,"column":27},"end":{"line":106,"column":49}},"55":{"start":{"line":107,"column":29},"end":{"line":107,"column":53}},"56":{"start":{"line":108,"column":21},"end":{"line":108,"column":46}},"57":{"start":{"line":110,"column":22},"end":{"line":110,"column":82}},"58":{"start":{"line":111,"column":39},"end":{"line":114,"column":10}},"59":{"start":{"line":115,"column":27},"end":{"line":115,"column":56}},"60":{"start":{"line":117,"column":8},"end":{"line":123,"column":11}},"61":{"start":{"line":125,"column":8},"end":{"line":125,"column":20}},"62":{"start":{"line":129,"column":26},"end":{"line":144,"column":1}},"63":{"start":{"line":130,"column":4},"end":{"line":143,"column":5}},"64":{"start":{"line":131,"column":8},"end":{"line":133,"column":9}},"65":{"start":{"line":132,"column":12},"end":{"line":132,"column":83}},"66":{"start":{"line":135,"column":24},"end":{"line":135,"column":112}},"67":{"start":{"line":136,"column":8},"end":{"line":138,"column":9}},"68":{"start":{"line":137,"column":12},"end":{"line":137,"column":57}},"69":{"start":{"line":140,"column":8},"end":{"line":140,"column":38}},"70":{"start":{"line":142,"column":8},"end":{"line":142,"column":20}},"71":{"start":{"line":146,"column":29},"end":{"line":184,"column":1}},"72":{"start":{"line":147,"column":4},"end":{"line":183,"column":5}},"73":{"start":{"line":148,"column":8},"end":{"line":150,"column":9}},"74":{"start":{"line":149,"column":12},"end":{"line":149,"column":83}},"75":{"start":{"line":152,"column":8},"end":{"line":157,"column":9}},"76":{"start":{"line":153,"column":33},"end":{"line":153,"column":106}},"77":{"start":{"line":154,"column":12},"end":{"line":156,"column":13}},"78":{"start":{"line":155,"column":16},"end":{"line":155,"column":76}},"79":{"start":{"line":159,"column":8},"end":{"line":168,"column":9}},"80":{"start":{"line":160,"column":36},"end":{"line":164,"column":14}},"81":{"start":{"line":165,"column":12},"end":{"line":167,"column":13}},"82":{"start":{"line":166,"column":16},"end":{"line":166,"column":99}},"83":{"start":{"line":170,"column":24},"end":{"line":174,"column":9}},"84":{"start":{"line":176,"column":8},"end":{"line":178,"column":9}},"85":{"start":{"line":177,"column":12},"end":{"line":177,"column":57}},"86":{"start":{"line":180,"column":8},"end":{"line":180,"column":38}},"87":{"start":{"line":182,"column":8},"end":{"line":182,"column":20}},"88":{"start":{"line":186,"column":29},"end":{"line":213,"column":1}},"89":{"start":{"line":187,"column":4},"end":{"line":212,"column":5}},"90":{"start":{"line":188,"column":8},"end":{"line":190,"column":9}},"91":{"start":{"line":189,"column":12},"end":{"line":189,"column":83}},"92":{"start":{"line":192,"column":23},"end":{"line":192,"column":48}},"93":{"start":{"line":195,"column":8},"end":{"line":203,"column":9}},"94":{"start":{"line":196,"column":12},"end":{"line":200,"column":14}},"95":{"start":{"line":202,"column":12},"end":{"line":202,"column":104}},"96":{"start":{"line":205,"column":8},"end":{"line":207,"column":9}},"97":{"start":{"line":206,"column":12},"end":{"line":206,"column":57}},"98":{"start":{"line":209,"column":8},"end":{"line":209,"column":31}},"99":{"start":{"line":211,"column":8},"end":{"line":211,"column":20}},"100":{"start":{"line":215,"column":30},"end":{"line":235,"column":1}},"101":{"start":{"line":216,"column":4},"end":{"line":234,"column":5}},"102":{"start":{"line":217,"column":8},"end":{"line":219,"column":9}},"103":{"start":{"line":218,"column":12},"end":{"line":218,"column":83}},"104":{"start":{"line":221,"column":24},"end":{"line":225,"column":9}},"105":{"start":{"line":227,"column":8},"end":{"line":229,"column":9}},"106":{"start":{"line":228,"column":12},"end":{"line":228,"column":72}},"107":{"start":{"line":231,"column":8},"end":{"line":231,"column":38}},"108":{"start":{"line":233,"column":8},"end":{"line":233,"column":20}}},"fnMap":{"0":{"name":"(anonymous_0)","decl":{"start":{"line":5,"column":19},"end":{"line":5,"column":20}},"loc":{"start":{"line":5,"column":96},"end":{"line":21,"column":1}},"line":5},"1":{"name":"(anonymous_1)","decl":{"start":{"line":23,"column":18},"end":{"line":23,"column":19}},"loc":{"start":{"line":23,"column":33},"end":{"line":28,"column":1}},"line":23},"2":{"name":"(anonymous_2)","decl":{"start":{"line":30,"column":29},"end":{"line":30,"column":30}},"loc":{"start":{"line":30,"column":55},"end":{"line":62,"column":1}},"line":30},"3":{"name":"(anonymous_3)","decl":{"start":{"line":64,"column":27},"end":{"line":64,"column":28}},"loc":{"start":{"line":64,"column":53},"end":{"line":95,"column":1}},"line":64},"4":{"name":"(anonymous_4)","decl":{"start":{"line":97,"column":35},"end":{"line":97,"column":36}},"loc":{"start":{"line":97,"column":61},"end":{"line":127,"column":1}},"line":97},"5":{"name":"(anonymous_5)","decl":{"start":{"line":129,"column":26},"end":{"line":129,"column":27}},"loc":{"start":{"line":129,"column":52},"end":{"line":144,"column":1}},"line":129},"6":{"name":"(anonymous_6)","decl":{"start":{"line":146,"column":29},"end":{"line":146,"column":30}},"loc":{"start":{"line":146,"column":55},"end":{"line":184,"column":1}},"line":146},"7":{"name":"(anonymous_7)","decl":{"start":{"line":186,"column":29},"end":{"line":186,"column":30}},"loc":{"start":{"line":186,"column":55},"end":{"line":213,"column":1}},"line":186},"8":{"name":"(anonymous_8)","decl":{"start":{"line":215,"column":30},"end":{"line":215,"column":31}},"loc":{"start":{"line":215,"column":56},"end":{"line":235,"column":1}},"line":215}},"branchMap":{"0":{"loc":{"start":{"line":5,"column":29},"end":{"line":5,"column":51}},"type":"default-arg","locations":[{"start":{"line":5,"column":46},"end":{"line":5,"column":51}}],"line":5},"1":{"loc":{"start":{"line":8,"column":4},"end":{"line":10,"column":5}},"type":"if","locations":[{"start":{"line":8,"column":4},"end":{"line":10,"column":5}},{"start":{},"end":{}}],"line":8},"2":{"loc":{"start":{"line":12,"column":4},"end":{"line":14,"column":5}},"type":"if","locations":[{"start":{"line":12,"column":4},"end":{"line":14,"column":5}},{"start":{},"end":{}}],"line":12},"3":{"loc":{"start":{"line":16,"column":4},"end":{"line":18,"column":5}},"type":"if","locations":[{"start":{"line":16,"column":4},"end":{"line":18,"column":5}},{"start":{},"end":{}}],"line":16},"4":{"loc":{"start":{"line":24,"column":4},"end":{"line":24,"column":45}},"type":"if","locations":[{"start":{"line":24,"column":4},"end":{"line":24,"column":45}},{"start":{},"end":{}}],"line":24},"5":{"loc":{"start":{"line":25,"column":4},"end":{"line":25,"column":72}},"type":"if","locations":[{"start":{"line":25,"column":4},"end":{"line":25,"column":72}},{"start":{},"end":{}}],"line":25},"6":{"loc":{"start":{"line":26,"column":4},"end":{"line":26,"column":71}},"type":"if","locations":[{"start":{"line":26,"column":4},"end":{"line":26,"column":71}},{"start":{},"end":{}}],"line":26},"7":{"loc":{"start":{"line":34,"column":8},"end":{"line":36,"column":9}},"type":"if","locations":[{"start":{"line":34,"column":8},"end":{"line":36,"column":9}},{"start":{},"end":{}}],"line":34},"8":{"loc":{"start":{"line":34,"column":12},"end":{"line":34,"column":42}},"type":"binary-expr","locations":[{"start":{"line":34,"column":12},"end":{"line":34,"column":21}},{"start":{"line":34,"column":25},"end":{"line":34,"column":42}}],"line":34},"9":{"loc":{"start":{"line":39,"column":8},"end":{"line":41,"column":9}},"type":"if","locations":[{"start":{"line":39,"column":8},"end":{"line":41,"column":9}},{"start":{},"end":{}}],"line":39},"10":{"loc":{"start":{"line":44,"column":8},"end":{"line":46,"column":9}},"type":"if","locations":[{"start":{"line":44,"column":8},"end":{"line":46,"column":9}},{"start":{},"end":{}}],"line":44},"11":{"loc":{"start":{"line":66,"column":8},"end":{"line":68,"column":9}},"type":"if","locations":[{"start":{"line":66,"column":8},"end":{"line":68,"column":9}},{"start":{},"end":{}}],"line":66},"12":{"loc":{"start":{"line":66,"column":12},"end":{"line":66,"column":42}},"type":"binary-expr","locations":[{"start":{"line":66,"column":12},"end":{"line":66,"column":21}},{"start":{"line":66,"column":25},"end":{"line":66,"column":42}}],"line":66},"13":{"loc":{"start":{"line":70,"column":30},"end":{"line":70,"column":63}},"type":"binary-expr","locations":[{"start":{"line":70,"column":30},"end":{"line":70,"column":58}},{"start":{"line":70,"column":62},"end":{"line":70,"column":63}}],"line":70},"14":{"loc":{"start":{"line":71,"column":31},"end":{"line":71,"column":66}},"type":"binary-expr","locations":[{"start":{"line":71,"column":31},"end":{"line":71,"column":60}},{"start":{"line":71,"column":64},"end":{"line":71,"column":66}}],"line":71},"15":{"loc":{"start":{"line":73,"column":27},"end":{"line":73,"column":49}},"type":"binary-expr","locations":[{"start":{"line":73,"column":27},"end":{"line":73,"column":41}},{"start":{"line":73,"column":45},"end":{"line":73,"column":49}}],"line":73},"16":{"loc":{"start":{"line":74,"column":29},"end":{"line":74,"column":53}},"type":"binary-expr","locations":[{"start":{"line":74,"column":29},"end":{"line":74,"column":45}},{"start":{"line":74,"column":49},"end":{"line":74,"column":53}}],"line":74},"17":{"loc":{"start":{"line":75,"column":29},"end":{"line":75,"column":101}},"type":"cond-expr","locations":[{"start":{"line":75,"column":62},"end":{"line":75,"column":71}},{"start":{"line":75,"column":74},"end":{"line":75,"column":101}}],"line":75},"18":{"loc":{"start":{"line":99,"column":8},"end":{"line":101,"column":9}},"type":"if","locations":[{"start":{"line":99,"column":8},"end":{"line":101,"column":9}},{"start":{},"end":{}}],"line":99},"19":{"loc":{"start":{"line":99,"column":12},"end":{"line":99,"column":42}},"type":"binary-expr","locations":[{"start":{"line":99,"column":12},"end":{"line":99,"column":21}},{"start":{"line":99,"column":25},"end":{"line":99,"column":42}}],"line":99},"20":{"loc":{"start":{"line":103,"column":30},"end":{"line":103,"column":63}},"type":"binary-expr","locations":[{"start":{"line":103,"column":30},"end":{"line":103,"column":58}},{"start":{"line":103,"column":62},"end":{"line":103,"column":63}}],"line":103},"21":{"loc":{"start":{"line":104,"column":31},"end":{"line":104,"column":66}},"type":"binary-expr","locations":[{"start":{"line":104,"column":31},"end":{"line":104,"column":60}},{"start":{"line":104,"column":64},"end":{"line":104,"column":66}}],"line":104},"22":{"loc":{"start":{"line":106,"column":27},"end":{"line":106,"column":49}},"type":"binary-expr","locations":[{"start":{"line":106,"column":27},"end":{"line":106,"column":41}},{"start":{"line":106,"column":45},"end":{"line":106,"column":49}}],"line":106},"23":{"loc":{"start":{"line":107,"column":29},"end":{"line":107,"column":53}},"type":"binary-expr","locations":[{"start":{"line":107,"column":29},"end":{"line":107,"column":45}},{"start":{"line":107,"column":49},"end":{"line":107,"column":53}}],"line":107},"24":{"loc":{"start":{"line":131,"column":8},"end":{"line":133,"column":9}},"type":"if","locations":[{"start":{"line":131,"column":8},"end":{"line":133,"column":9}},{"start":{},"end":{}}],"line":131},"25":{"loc":{"start":{"line":131,"column":12},"end":{"line":131,"column":42}},"type":"binary-expr","locations":[{"start":{"line":131,"column":12},"end":{"line":131,"column":21}},{"start":{"line":131,"column":25},"end":{"line":131,"column":42}}],"line":131},"26":{"loc":{"start":{"line":136,"column":8},"end":{"line":138,"column":9}},"type":"if","locations":[{"start":{"line":136,"column":8},"end":{"line":138,"column":9}},{"start":{},"end":{}}],"line":136},"27":{"loc":{"start":{"line":148,"column":8},"end":{"line":150,"column":9}},"type":"if","locations":[{"start":{"line":148,"column":8},"end":{"line":150,"column":9}},{"start":{},"end":{}}],"line":148},"28":{"loc":{"start":{"line":148,"column":12},"end":{"line":148,"column":42}},"type":"binary-expr","locations":[{"start":{"line":148,"column":12},"end":{"line":148,"column":21}},{"start":{"line":148,"column":25},"end":{"line":148,"column":42}}],"line":148},"29":{"loc":{"start":{"line":152,"column":8},"end":{"line":157,"column":9}},"type":"if","locations":[{"start":{"line":152,"column":8},"end":{"line":157,"column":9}},{"start":{},"end":{}}],"line":152},"30":{"loc":{"start":{"line":154,"column":12},"end":{"line":156,"column":13}},"type":"if","locations":[{"start":{"line":154,"column":12},"end":{"line":156,"column":13}},{"start":{},"end":{}}],"line":154},"31":{"loc":{"start":{"line":159,"column":8},"end":{"line":168,"column":9}},"type":"if","locations":[{"start":{"line":159,"column":8},"end":{"line":168,"column":9}},{"start":{},"end":{}}],"line":159},"32":{"loc":{"start":{"line":165,"column":12},"end":{"line":167,"column":13}},"type":"if","locations":[{"start":{"line":165,"column":12},"end":{"line":167,"column":13}},{"start":{},"end":{}}],"line":165},"33":{"loc":{"start":{"line":176,"column":8},"end":{"line":178,"column":9}},"type":"if","locations":[{"start":{"line":176,"column":8},"end":{"line":178,"column":9}},{"start":{},"end":{}}],"line":176},"34":{"loc":{"start":{"line":188,"column":8},"end":{"line":190,"column":9}},"type":"if","locations":[{"start":{"line":188,"column":8},"end":{"line":190,"column":9}},{"start":{},"end":{}}],"line":188},"35":{"loc":{"start":{"line":188,"column":12},"end":{"line":188,"column":42}},"type":"binary-expr","locations":[{"start":{"line":188,"column":12},"end":{"line":188,"column":21}},{"start":{"line":188,"column":25},"end":{"line":188,"column":42}}],"line":188},"36":{"loc":{"start":{"line":195,"column":8},"end":{"line":203,"column":9}},"type":"if","locations":[{"start":{"line":195,"column":8},"end":{"line":203,"column":9}},{"start":{"line":201,"column":15},"end":{"line":203,"column":9}}],"line":195},"37":{"loc":{"start":{"line":205,"column":8},"end":{"line":207,"column":9}},"type":"if","locations":[{"start":{"line":205,"column":8},"end":{"line":207,"column":9}},{"start":{},"end":{}}],"line":205},"38":{"loc":{"start":{"line":217,"column":8},"end":{"line":219,"column":9}},"type":"if","locations":[{"start":{"line":217,"column":8},"end":{"line":219,"column":9}},{"start":{},"end":{}}],"line":217},"39":{"loc":{"start":{"line":217,"column":12},"end":{"line":217,"column":42}},"type":"binary-expr","locations":[{"start":{"line":217,"column":12},"end":{"line":217,"column":21}},{"start":{"line":217,"column":25},"end":{"line":217,"column":42}}],"line":217},"40":{"loc":{"start":{"line":227,"column":8},"end":{"line":229,"column":9}},"type":"if","locations":[{"start":{"line":227,"column":8},"end":{"line":229,"column":9}},{"start":{},"end":{}}],"line":227}},"s":{"0":4,"1":7,"2":7,"3":0,"4":7,"5":1,"6":7,"7":0,"8":7,"9":4,"10":7,"11":7,"12":0,"13":0,"14":0,"15":0,"16":0,"17":4,"18":41,"19":41,"20":41,"21":0,"22":41,"23":41,"24":1,"25":40,"26":40,"27":1,"28":39,"29":39,"30":2,"31":4,"32":5,"33":5,"34":0,"35":5,"36":5,"37":5,"38":5,"39":5,"40":5,"41":5,"42":5,"43":5,"44":5,"45":5,"46":0,"47":4,"48":2,"49":2,"50":0,"51":2,"52":2,"53":2,"54":2,"55":2,"56":2,"57":2,"58":2,"59":2,"60":2,"61":0,"62":4,"63":2,"64":2,"65":0,"66":2,"67":2,"68":1,"69":1,"70":1,"71":4,"72":1,"73":1,"74":0,"75":1,"76":1,"77":1,"78":0,"79":1,"80":1,"81":1,"82":0,"83":1,"84":1,"85":0,"86":1,"87":0,"88":4,"89":4,"90":4,"91":0,"92":4,"93":4,"94":3,"95":1,"96":4,"97":0,"98":4,"99":0,"100":4,"101":1,"102":1,"103":0,"104":1,"105":1,"106":0,"107":1,"108":0},"f":{"0":7,"1":7,"2":41,"3":5,"4":2,"5":2,"6":1,"7":4,"8":1},"b":{"0":[0],"1":[0,7],"2":[1,6],"3":[0,7],"4":[7,0],"5":[0,0],"6":[0,0],"7":[0,41],"8":[41,41],"9":[1,40],"10":[1,39],"11":[0,5],"12":[5,5],"13":[5,4],"14":[5,4],"15":[5,5],"16":[5,4],"17":[5,0],"18":[0,2],"19":[2,2],"20":[2,2],"21":[2,2],"22":[2,2],"23":[2,2],"24":[0,2],"25":[2,2],"26":[1,1],"27":[0,1],"28":[1,1],"29":[1,0],"30":[0,1],"31":[1,0],"32":[0,1],"33":[0,1],"34":[0,4],"35":[4,4],"36":[3,1],"37":[0,4],"38":[0,1],"39":[1,1],"40":[0,1]},"inputSourceMap":null,"_coverageSchema":"1a1c01bbd47fc00a2c39e90264f33305004495a9","hash":"eb4321eeb4e43d6462629caf70903c22eb1df7d1"}
,"C:\\Users\\1marc\\Desktop\\uni\\Tercero\\Server\\ServerPractice\\src\\controllers\\user.controller.js": {"path":"C:\\Users\\1marc\\Desktop\\uni\\Tercero\\Server\\ServerPractice\\src\\controllers\\user.controller.js","statementMap":{"0":{"start":{"line":10,"column":24},"end":{"line":51,"column":1}},"1":{"start":{"line":11,"column":2},"end":{"line":50,"column":3}},"2":{"start":{"line":12,"column":32},"end":{"line":12,"column":40}},"3":{"start":{"line":15,"column":25},"end":{"line":15,"column":54}},"4":{"start":{"line":16,"column":4},"end":{"line":16,"column":77}},"5":{"start":{"line":16,"column":22},"end":{"line":16,"column":77}},"6":{"start":{"line":19,"column":27},"end":{"line":19,"column":58}},"7":{"start":{"line":20,"column":29},"end":{"line":20,"column":83}},"8":{"start":{"line":23,"column":20},"end":{"line":29,"column":6}},"9":{"start":{"line":32,"column":24},"end":{"line":32,"column":109}},"10":{"start":{"line":33,"column":25},"end":{"line":33,"column":124}},"11":{"start":{"line":36,"column":4},"end":{"line":36,"column":48}},"12":{"start":{"line":38,"column":4},"end":{"line":47,"column":7}},"13":{"start":{"line":49,"column":4},"end":{"line":49,"column":16}},"14":{"start":{"line":54,"column":29},"end":{"line":74,"column":1}},"15":{"start":{"line":55,"column":2},"end":{"line":73,"column":34}},"16":{"start":{"line":56,"column":21},"end":{"line":56,"column":29}},"17":{"start":{"line":57,"column":17},"end":{"line":57,"column":49}},"18":{"start":{"line":59,"column":4},"end":{"line":59,"column":85}},"19":{"start":{"line":59,"column":36},"end":{"line":59,"column":85}},"20":{"start":{"line":60,"column":4},"end":{"line":60,"column":84}},"21":{"start":{"line":60,"column":40},"end":{"line":60,"column":84}},"22":{"start":{"line":62,"column":4},"end":{"line":66,"column":5}},"23":{"start":{"line":63,"column":6},"end":{"line":63,"column":37}},"24":{"start":{"line":64,"column":6},"end":{"line":64,"column":24}},"25":{"start":{"line":65,"column":6},"end":{"line":65,"column":88}},"26":{"start":{"line":68,"column":4},"end":{"line":68,"column":29}},"27":{"start":{"line":69,"column":4},"end":{"line":69,"column":22}},"28":{"start":{"line":71,"column":4},"end":{"line":71,"column":43}},"29":{"start":{"line":72,"column":4},"end":{"line":72,"column":56}},"30":{"start":{"line":73,"column":20},"end":{"line":73,"column":32}},"31":{"start":{"line":77,"column":21},"end":{"line":91,"column":1}},"32":{"start":{"line":78,"column":2},"end":{"line":90,"column":34}},"33":{"start":{"line":79,"column":32},"end":{"line":79,"column":40}},"34":{"start":{"line":80,"column":17},"end":{"line":80,"column":66}},"35":{"start":{"line":82,"column":4},"end":{"line":84,"column":5}},"36":{"start":{"line":83,"column":6},"end":{"line":83,"column":55}},"37":{"start":{"line":86,"column":24},"end":{"line":86,"column":106}},"38":{"start":{"line":87,"column":25},"end":{"line":87,"column":121}},"39":{"start":{"line":89,"column":4},"end":{"line":89,"column":62}},"40":{"start":{"line":90,"column":20},"end":{"line":90,"column":32}},"41":{"start":{"line":94,"column":34},"end":{"line":99,"column":1}},"42":{"start":{"line":95,"column":2},"end":{"line":98,"column":34}},"43":{"start":{"line":96,"column":17},"end":{"line":96,"column":118}},"44":{"start":{"line":97,"column":4},"end":{"line":97,"column":31}},"45":{"start":{"line":98,"column":20},"end":{"line":98,"column":32}},"46":{"start":{"line":102,"column":33},"end":{"line":126,"column":1}},"47":{"start":{"line":103,"column":2},"end":{"line":125,"column":34}},"48":{"start":{"line":104,"column":33},"end":{"line":104,"column":41}},"49":{"start":{"line":105,"column":18},"end":{"line":105,"column":48}},"50":{"start":{"line":107,"column":4},"end":{"line":122,"column":5}},"51":{"start":{"line":109,"column":26},"end":{"line":115,"column":45}},"52":{"start":{"line":117,"column":6},"end":{"line":117,"column":50}},"53":{"start":{"line":118,"column":6},"end":{"line":118,"column":89}},"54":{"start":{"line":121,"column":6},"end":{"line":121,"column":89}},"55":{"start":{"line":124,"column":4},"end":{"line":124,"column":34}},"56":{"start":{"line":125,"column":20},"end":{"line":125,"column":32}},"57":{"start":{"line":129,"column":33},"end":{"line":139,"column":1}},"58":{"start":{"line":130,"column":2},"end":{"line":138,"column":34}},"59":{"start":{"line":131,"column":4},"end":{"line":131,"column":67}},"60":{"start":{"line":131,"column":19},"end":{"line":131,"column":67}},"61":{"start":{"line":132,"column":4},"end":{"line":132,"column":78}},"62":{"start":{"line":132,"column":27},"end":{"line":132,"column":78}},"63":{"start":{"line":134,"column":20},"end":{"line":134,"column":51}},"64":{"start":{"line":135,"column":4},"end":{"line":135,"column":73}},"65":{"start":{"line":137,"column":4},"end":{"line":137,"column":44}},"66":{"start":{"line":138,"column":20},"end":{"line":138,"column":32}},"67":{"start":{"line":142,"column":21},"end":{"line":147,"column":1}},"68":{"start":{"line":143,"column":2},"end":{"line":146,"column":34}},"69":{"start":{"line":144,"column":17},"end":{"line":144,"column":69}},"70":{"start":{"line":145,"column":4},"end":{"line":145,"column":31}},"71":{"start":{"line":146,"column":20},"end":{"line":146,"column":32}},"72":{"start":{"line":150,"column":28},"end":{"line":160,"column":1}},"73":{"start":{"line":151,"column":2},"end":{"line":159,"column":67}},"74":{"start":{"line":152,"column":29},"end":{"line":152,"column":37}},"75":{"start":{"line":153,"column":4},"end":{"line":153,"column":73}},"76":{"start":{"line":153,"column":23},"end":{"line":153,"column":73}},"77":{"start":{"line":155,"column":20},"end":{"line":155,"column":70}},"78":{"start":{"line":156,"column":27},"end":{"line":156,"column":111}},"79":{"start":{"line":158,"column":4},"end":{"line":158,"column":58}},"80":{"start":{"line":159,"column":20},"end":{"line":159,"column":65}},"81":{"start":{"line":163,"column":22},"end":{"line":177,"column":1}},"82":{"start":{"line":164,"column":2},"end":{"line":176,"column":3}},"83":{"start":{"line":166,"column":4},"end":{"line":168,"column":7}},"84":{"start":{"line":170,"column":4},"end":{"line":173,"column":7}},"85":{"start":{"line":175,"column":4},"end":{"line":175,"column":16}},"86":{"start":{"line":180,"column":26},"end":{"line":191,"column":1}},"87":{"start":{"line":181,"column":2},"end":{"line":190,"column":34}},"88":{"start":{"line":182,"column":19},"end":{"line":182,"column":44}},"89":{"start":{"line":183,"column":4},"end":{"line":187,"column":5}},"90":{"start":{"line":184,"column":6},"end":{"line":184,"column":67}},"91":{"start":{"line":186,"column":6},"end":{"line":186,"column":48}},"92":{"start":{"line":188,"column":4},"end":{"line":188,"column":49}},"93":{"start":{"line":189,"column":4},"end":{"line":189,"column":27}},"94":{"start":{"line":190,"column":20},"end":{"line":190,"column":32}},"95":{"start":{"line":194,"column":26},"end":{"line":209,"column":1}},"96":{"start":{"line":195,"column":2},"end":{"line":208,"column":34}},"97":{"start":{"line":196,"column":22},"end":{"line":196,"column":30}},"98":{"start":{"line":198,"column":20},"end":{"line":204,"column":6}},"99":{"start":{"line":206,"column":4},"end":{"line":206,"column":45}},"100":{"start":{"line":207,"column":4},"end":{"line":207,"column":34}},"101":{"start":{"line":208,"column":20},"end":{"line":208,"column":32}}},"fnMap":{"0":{"name":"(anonymous_0)","decl":{"start":{"line":10,"column":24},"end":{"line":10,"column":25}},"loc":{"start":{"line":10,"column":50},"end":{"line":51,"column":1}},"line":10},"1":{"name":"(anonymous_1)","decl":{"start":{"line":54,"column":29},"end":{"line":54,"column":30}},"loc":{"start":{"line":54,"column":55},"end":{"line":74,"column":1}},"line":54},"2":{"name":"(anonymous_2)","decl":{"start":{"line":77,"column":21},"end":{"line":77,"column":22}},"loc":{"start":{"line":77,"column":47},"end":{"line":91,"column":1}},"line":77},"3":{"name":"(anonymous_3)","decl":{"start":{"line":94,"column":34},"end":{"line":94,"column":35}},"loc":{"start":{"line":94,"column":60},"end":{"line":99,"column":1}},"line":94},"4":{"name":"(anonymous_4)","decl":{"start":{"line":102,"column":33},"end":{"line":102,"column":34}},"loc":{"start":{"line":102,"column":59},"end":{"line":126,"column":1}},"line":102},"5":{"name":"(anonymous_5)","decl":{"start":{"line":129,"column":33},"end":{"line":129,"column":34}},"loc":{"start":{"line":129,"column":59},"end":{"line":139,"column":1}},"line":129},"6":{"name":"(anonymous_6)","decl":{"start":{"line":142,"column":21},"end":{"line":142,"column":22}},"loc":{"start":{"line":142,"column":47},"end":{"line":147,"column":1}},"line":142},"7":{"name":"(anonymous_7)","decl":{"start":{"line":150,"column":28},"end":{"line":150,"column":29}},"loc":{"start":{"line":150,"column":54},"end":{"line":160,"column":1}},"line":150},"8":{"name":"(anonymous_8)","decl":{"start":{"line":163,"column":22},"end":{"line":163,"column":23}},"loc":{"start":{"line":163,"column":48},"end":{"line":177,"column":1}},"line":163},"9":{"name":"(anonymous_9)","decl":{"start":{"line":180,"column":26},"end":{"line":180,"column":27}},"loc":{"start":{"line":180,"column":52},"end":{"line":191,"column":1}},"line":180},"10":{"name":"(anonymous_10)","decl":{"start":{"line":194,"column":26},"end":{"line":194,"column":27}},"loc":{"start":{"line":194,"column":52},"end":{"line":209,"column":1}},"line":194}},"branchMap":{"0":{"loc":{"start":{"line":16,"column":4},"end":{"line":16,"column":77}},"type":"if","locations":[{"start":{"line":16,"column":4},"end":{"line":16,"column":77}},{"start":{},"end":{}}],"line":16},"1":{"loc":{"start":{"line":59,"column":4},"end":{"line":59,"column":85}},"type":"if","locations":[{"start":{"line":59,"column":4},"end":{"line":59,"column":85}},{"start":{},"end":{}}],"line":59},"2":{"loc":{"start":{"line":60,"column":4},"end":{"line":60,"column":84}},"type":"if","locations":[{"start":{"line":60,"column":4},"end":{"line":60,"column":84}},{"start":{},"end":{}}],"line":60},"3":{"loc":{"start":{"line":62,"column":4},"end":{"line":66,"column":5}},"type":"if","locations":[{"start":{"line":62,"column":4},"end":{"line":66,"column":5}},{"start":{},"end":{}}],"line":62},"4":{"loc":{"start":{"line":82,"column":4},"end":{"line":84,"column":5}},"type":"if","locations":[{"start":{"line":82,"column":4},"end":{"line":84,"column":5}},{"start":{},"end":{}}],"line":82},"5":{"loc":{"start":{"line":82,"column":8},"end":{"line":82,"column":65}},"type":"binary-expr","locations":[{"start":{"line":82,"column":8},"end":{"line":82,"column":13}},{"start":{"line":82,"column":17},"end":{"line":82,"column":65}}
[...]
,"C:\\Users\\1marc\\Desktop\\uni\\Tercero\\Server\\ServerPractice\\src\\models\\Project.js": {"path":"C:\\Users\\1marc\\Desktop\\uni\\Tercero\\Server\\ServerPractice\\src\\models\\Project.js","statementMap":{"0":{"start":{"line":3,"column":22},"end":{"line":92,"column":1}},"1":{"start":{"line":94,"column":16},"end":{"line":94,"column":56}}},"fnMap":{},"branchMap":{},"s":{"0":4,"1":4},"f":{},"b":{},"inputSourceMap":null,"_coverageSchema":"1a1c01bbd47fc00a2c39e90264f33305004495a9","hash":"a111601cdb33e0d34086259fcf801d1a61e6b29b"}
,"C:\\Users\\1marc\\Desktop\\uni\\Tercero\\Server\\ServerPractice\\src\\models\\User.js": {"path":"C:\\Users\\1marc\\Desktop\\uni\\Tercero\\Server\\ServerPractice\\src\\models\\User.js","statementMap":{"0":{"start":{"line":4,"column":19},"end":{"line":114,"column":1}},"1":{"start":{"line":116,"column":0},"end":{"line":118,"column":3}},"2":{"start":{"line":117,"column":4},"end":{"line":117,"column":43}},"3":{"start":{"line":120,"column":0},"end":{"line":120,"column":31}},"4":{"start":{"line":121,"column":0},"end":{"line":121,"column":33}},"5":{"start":{"line":122,"column":0},"end":{"line":122,"column":32}},"6":{"start":{"line":123,"column":0},"end":{"line":123,"column":30}},"7":{"start":{"line":125,"column":0},"end":{"line":125,"column":45}},"8":{"start":{"line":127,"column":13},"end":{"line":127,"column":47}}},"fnMap":{"0":{"name":"(anonymous_0)","decl":{"start":{"line":116,"column":35},"end":{"line":116,"column":36}},"loc":{"start":{"line":116,"column":47},"end":{"line":118,"column":1}},"line":116}},"branchMap":{},"s":{"0":5,"1":5,"2":63,"3":5,"4":5,"5":5,"6":5,"7":5,"8":5},"f":{"0":63},"b":{},"inputSourceMap":null,"_coverageSchema":"1a1c01bbd47fc00a2c39e90264f33305004495a9","hash":"1cb62311e540f184abccf6a4e4717d2fc4493dad"}
,"C:\\Users\\1marc\\Desktop\\uni\\Tercero\\Server\\ServerPractice\\src\\routes\\client.routes.js": {"path":"C:\\Users\\1marc\\Desktop\\uni\\Tercero\\Server\\ServerPractice\\src\\routes\\client.routes.js","statementMap":{"0":{"start":{"line":7,"column":15},"end":{"line":7,"column":23}},"1":{"start":{"line":9,"column":0},"end":{"line":9,"column":20}},"2":{"start":{"line":11,"column":0},"end":{"line":11,"column":86}},"3":{"start":{"line":12,"column":0},"end":{"line":12,"column":45}},"4":{"start":{"line":13,"column":0},"end":{"line":13,"column":61}},"5":{"start":{"line":14,"column":0},"end":{"line":14,"column":47}},"6":{"start":{"line":15,"column":0},"end":{"line":15,"column":88}},"7":{"start":{"line":16,"column":0},"end":{"line":16,"column":61}},"8":{"start":{"line":17,"column":0},"end":{"line":17,"column":53}}},"fnMap":{},"branchMap":{},"s":{"0":4,"1":4,"2":4,"3":4,"4":4,"5":4,"6":4,"7":4,"8":4},"f":{},"b":{},"inputSourceMap":null,"_coverageSchema":"1a1c01bbd47fc00a2c39e90264f33305004495a9","hash":"cd59e739c6109ea0d4ce0afffc9fb5d076ec7dc7"}
,"C:\\Users\\1marc\\Desktop\\uni\\Tercero\\Server\\ServerPractice\\src\\routes\\deliverynote.routes.js": {"path":"C:\\Users\\1marc\\Desktop\\uni\\Tercero\\Server\\ServerPractice\\src\\routes\\deliverynote.routes.js","statementMap":{"0":{"start":{"line":7,"column":15},"end":{"line":7,"column":23}},"1":{"start":{"line":9,"column":0},"end":{"line":9,"column":20}},"2":{"start":{"line":11,"column":0},"end":{"line":11,"column":104}},"3":{"start":{"line":12,"column":0},"end":{"line":12,"column":71}},"4":{"start":{"line":13,"column":0},"end":{"line":13,"column":109}},"5":{"start":{"line":14,"column":0},"end":{"line":14,"column":57}},"6":{"start":{"line":15,"column":0},"end":{"line":15,"column":59}},"7":{"start":{"line":16,"column":0},"end":{"line":16,"column":65}}},"fnMap":{},"branchMap":{},"s":{"0":4,"1":4,"2":4,"3":4,"4":4,"5":4,"6":4,"7":4},"f":{},"b":{},"inputSourceMap":null,"_coverageSchema":"1a1c01bbd47fc00a2c39e90264f33305004495a9","hash":"464ea816a36af2aa79deeae6ff2143c3280a88c0"}
,"C:\\Users\\1marc\\Desktop\\uni\\Tercero\\Server\\ServerPractice\\src\\routes\\index.js": {"path":"C:\\Users\\1marc\\Desktop\\uni\\Tercero\\Server\\ServerPractice\\src\\routes\\index.js","statementMap":{},"fnMap":{},"branchMap":{},"s":{},"f":{},"b":{},"inputSourceMap":null}
,"C:\\Users\\1marc\\Desktop\\uni\\Tercero\\Server\\ServerPractice\\src\\routes\\project.routes.js": {"path":"C:\\Users\\1marc\\Desktop\\uni\\Tercero\\Server\\ServerPractice\\src\\routes\\project.routes.js","statementMap":{"0":{"start":{"line":7,"column":15},"end":{"line":7,"column":23}},"1":{"start":{"line":9,"column":0},"end":{"line":9,"column":20}},"2":{"start":{"line":11,"column":0},"end":{"line":11,"column":89}},"3":{"start":{"line":12,"column":0},"end":{"line":12,"column":63}},"4":{"start":{"line":13,"column":0},"end":{"line":13,"column":47}},"5":{"start":{"line":14,"column":0},"end":{"line":14,"column":49}},"6":{"start":{"line":15,"column":0},"end":{"line":15,"column":91}},"7":{"start":{"line":16,"column":0},"end":{"line":16,"column":55}},"8":{"start":{"line":17,"column":0},"end":{"line":17,"column":63}}},"fnMap":{},"branchMap":{},"s":{"0":4,"1":4,"2":4,"3":4,"4":4,"5":4,"6":4,"7":4,"8":4},"f":{},"b":{},"inputSourceMap":null,"_coverageSchema":"1a1c01bbd47fc00a2c39e90264f33305004495a9","hash":"84829c6149739fcc091dae91840f0588cb0fc77a"}
,"C:\\Users\\1marc\\Desktop\\uni\\Tercero\\Server\\ServerPractice\\src\\routes\\user.routes.js": {"path":"C:\\Users\\1marc\\Desktop\\uni\\Tercero\\Server\\ServerPractice\\src\\routes\\user.routes.js","statementMap":{"0":{"start":{"line":9,"column":15},"end":{"line":9,"column":23}},"1":{"start":{"line":12,"column":0},"end":{"line":12,"column":84}},"2":{"start":{"line":13,"column":0},"end":{"line":13,"column":75}},"3":{"start":{"line":14,"column":0},"end":{"line":14,"column":53}},"4":{"start":{"line":17,"column":0},"end":{"line":17,"column":20}},"5":{"start":{"line":19,"column":0},"end":{"line":19,"column":92}},"6":{"start":{"line":20,"column":0},"end":{"line":20,"column":38}},"7":{"start":{"line":21,"column":0},"end":{"line":21,"column":97}},"8":{"start":{"line":22,"column":0},"end":{"line":22,"column":92}},"9":{"start":{"line":23,"column":0},"end":{"line":23,"column":83}},"10":{"start":{"line":24,"column":0},"end":{"line":24,"column":46}},"11":{"start":{"line":25,"column":0},"end":{"line":25,"column":46}},"12":{"start":{"line":26,"column":0},"end":{"line":26,"column":46}},"13":{"start":{"line":29,"column":0},"end":{"line":29,"column":71}}},"fnMap":{},"branchMap":{},"s":{"0":4,"1":4,"2":4,"3":4,"4":4,"5":4,"6":4,"7":4,"8":4,"9":4,"10":4,"11":4,"12":4,"13":4},"f":{},"b":{},"inputSourceMap":null,"_coverageSchema":"1a1c01bbd47fc00a2c39e90264f33305004495a9","hash":"3745292f6cfd69ff1976e2a3e9ac030889641211"}
,"C:\\Users\\1marc\\Desktop\\uni\\Tercero\\Server\\ServerPractice\\src\\services\\logger.service.js": {"path":"C:\\Users\\1marc\\Desktop\\uni\\Tercero\\Server\\ServerPractice\\src\\services\\logger.service.js","statementMap":{},"fnMap":{},"branchMap":{},"s":{},"f":{},"b":{},"inputSourceMap":null}
,"C:\\Users\\1marc\\Desktop\\uni\\Tercero\\Server\\ServerPractice\\src\\services\\mail.service.js": {"path":"C:\\Users\\1marc\\Desktop\\uni\\Tercero\\Server\\ServerPractice\\src\\services\\mail.service.js","statementMap":{},"fnMap":{},"branchMap":{},"s":{},"f":{},"b":{},"inputSourceMap":null}
,"C:\\Users\\1marc\\Desktop\\uni\\Tercero\\Server\\ServerPractice\\src\\services\\notification.service.js": {"path":"C:\\Users\\1marc\\Desktop\\uni\\Tercero\\Server\\ServerPractice\\src\\services\\notification.service.js","statementMap":{"0":{"start":{"line":3,"column":19},"end":{"line":3,"column":37}},"1":{"start":{"line":6,"column":0},"end":{"line":8,"column":3}},"2":{"start":{"line":7,"column":2},"end":{"line":7,"column":77}},"3":{"start":{"line":10,"column":0},"end":{"line":12,"column":3}},"4":{"start":{"line":11,"column":2},"end":{"line":11,"column":54}},"5":{"start":{"line":14,"column":0},"end":{"line":16,"column":3}},"6":{"start":{"line":15,"column":2},"end":{"line":15,"column":68}},"7":{"start":{"line":18,"column":0},"end":{"line":20,"column":3}},"8":{"start":{"line":19,"column":2},"end":{"line":19,"column":57}}},"fnMap":{"0":{"name":"(anonymous_0)","decl":{"start":{"line":6,"column":33},"end":{"line":6,"column":34}},"loc":{"start":{"line":6,"column":43},"end":{"line":8,"column":1}},"line":6},"1":{"name":"(anonymous_1)","decl":{"start":{"line":10,"column":31},"end":{"line":10,"column":32}},"loc":{"start":{"line":10,"column":41},"end":{"line":12,"column":1}},"line":10},"2":{"name":"(anonymous_2)","decl":{"start":{"line":14,"column":30},"end":{"line":14,"column":31}},"loc":{"start":{"line":14,"column":40},"end":{"line":16,"column":1}},"line":14},"3":{"name":"(anonymous_3)","decl":{"start":{"line":18,"column":30},"end":{"line":18,"column":31}},"loc":{"start":{"line":18,"column":42},"end":{"line":20,"column":1}},"line":18}},"branchMap":{},"s":{"0":4,"1":4,"2":72,"3":4,"4":0,"5":4,"6":0,"7":4,"8":1},"f":{"0":72,"1":0,"2":0,"3":1},"b":{},"inputSourceMap":null,"_coverageSchema":"1a1c01bbd47fc00a2c39e90264f33305004495a9","hash":"33f8ea5fe23a4bc4b4102d8f55bc8c83ca0f7591"}
,"C:\\Users\\1marc\\Desktop\\uni\\Tercero\\Server\\ServerPractice\\src\\services\\pdf.service.js": {"path":"C:\\Users\\1marc\\Desktop\\uni\\Tercero\\Server\\ServerPractice\\src\\services\\pdf.service.js","statementMap":{},"fnMap":{},"branchMap":{},"s":{},"f":{},"b":{},"inputSourceMap":null}
,"C:\\Users\\1marc\\Desktop\\uni\\Tercero\\Server\\ServerPractice\\src\\utils\\AppError.js": {"path":"C:\\Users\\1marc\\Desktop\\uni\\Tercero\\Server\\ServerPractice\\src\\utils\\AppError.js","statementMap":{"0":{"start":{"line":3,"column":4},"end":{"line":3,"column":19}},"1":{"start":{"line":4,"column":4},"end":{"line":4,"column":33}},"2":{"start":{"line":5,"column":4},"end":{"line":5,"column":69}},"3":{"start":{"line":6,"column":4},"end":{"line":6,"column":30}},"4":{"start":{"line":8,"column":4},"end":{"line":8,"column":52}},"5":{"start":{"line":12,"column":27},"end":{"line":12,"column":80}},"6":{"start":{"line":13,"column":29},"end":{"line":13,"column":77}},"7":{"start":{"line":14,"column":26},"end":{"line":14,"column":78}},"8":{"start":{"line":15,"column":25},"end":{"line":15,"column":70}},"9":{"start":{"line":16,"column":25},"end":{"line":16,"column":74}}},"fnMap":{"0":{"name":"(anonymous_0)","decl":{"start":{"line":2,"column":2},"end":{"line":2,"column":3}},"loc":{"start":{"line":2,"column":35},"end":{"line":9,"column":3}},"line":2},"1":{"name":"(anonymous_1)","decl":{"start":{"line":12,"column":2},"end":{"line":12,"column":3}},"loc":{"start":{"line":12,"column":25},"end":{"line":12,"column":82}},"line":12},"2":{"name":"(anonymous_2)","decl":{"start":{"line":13,"column":2},"end":{"line":13,"column":3}},"loc":{"start":{"line":13,"column":27},"end":{"line":13,"column":79}},"line":13},"3":{"name":"(anonymous_3)","decl":{"start":{"line":14,"column":2},"end":{"line":14,"column":3}},"loc":{"start":{"line":14,"column":24},"end":{"line":14,"column":80}},"line":14},"4":{"name":"(anonymous_4)","decl":{"start":{"line":15,"column":2},"end":{"line":15,"column":3}},"loc":{"start":{"line":15,"column":23},"end":{"line":15,"column":72}},"line":15},"5":{"name":"(anonymous_5)","decl":{"start":{"line":16,"column":2},"end":{"line":16,"column":3}},"loc":{"start":{"line":16,"column":23},"end":{"line":16,"column":76}},"line":16}},"branchMap":{"0":{"loc":{"start":{"line":5,"column":18},"end":{"line":5,"column":68}},"type":"cond-expr","locations":[{"start":{"line":5,"column":52},"end":{"line":5,"column":58}},{"start":{"line":5,"column":61},"end":{"line":5,"column":68}}],"line":5},"1":{"loc":{"start":{"line":12,"column":47},"end":{"line":12,"column":73}},"type":"binary-expr","locations":[{"start":{"line":12,"column":47},"end":{"line":12,"column":50}},{"start":{"line":12,"column":54},"end":{"line":12,"column":73}}],"line":12},"2":{"loc":{"start":{"line":13,"column":49},"end":{"line":13,"column":70}},"type":"binary-expr","locations":[{"start":{"line":13,"column":49},"end":{"line":13,"column":52}},{"start":{"line":13,"column":56},"end":{"line":13,"column":70}}],"line":13},"3":{"loc":{"start":{"line":14,"column":46},"end":{"line":14,"column":71}},"type":"binary-expr","locations":[{"start":{"line":14,"column":46},"end":{"line":14,"column":49}},{"start":{"line":14,"column":53},"end":{"line":14,"column":71}}],"line":14},"4":{"loc":{"start":{"line":15,"column":45},"end":{"line":15,"column":63}},"type":"binary-expr","locations":[{"start":{"line":15,"column":45},"end":{"line":15,"column":48}},{"start":{"line":15,"column":52},"end":{"line":15,"column":63}}],"line":15},"5":{"loc":{"start":{"line":16,"column":45},"end":{"line":16,"column":67}},"type":"binary-expr","locations":[{"start":{"line":16,"column":45},"end":{"line":16,"column":48}},{"start":{"line":16,"column":52},"end":{"line":16,"column":67}}],"line":16}},"s":{"0":56,"1":56,"2":56,"3":56,"4":56,"5":0,"6":0,"7":0,"8":1,"9":0},"f":{"0":56,"1":0,"2":0,"3":0,"4":1,"5":0},"b":{"0":[56,0],"1":[0,0],"2":[0,0],"3":[0,0],"4":[1,0],"5":[0,0]},"inputSourceMap":null,"_coverageSchema":"1a1c01bbd47fc00a2c39e90264f33305004495a9","hash":"c9ad7f68d1ae8772f603dcf8ac1eb8451e7f3467"}
,"C:\\Users\\1marc\\Desktop\\uni\\Tercero\\Server\\ServerPractice\\src\\validators\\client.validator.js": {"path":"C:\\Users\\1marc\\Desktop\\uni\\Tercero\\Server\\ServerPractice\\src\\validators\\client.validator.js","statementMap":{"0":{"start":{"line":3,"column":22},"end":{"line":9,"column":2}},"1":{"start":{"line":11,"column":34},"end":{"line":17,"column":2}},"2":{"start":{"line":19,"column":34},"end":{"line":19,"column":52}}},"fnMap":{},"branchMap":{},"s":{"0":4,"1":4,"2":4},"f":{},"b":{},"inputSourceMap":null,"_coverageSchema":"1a1c01bbd47fc00a2c39e90264f33305004495a9","hash":"61a4cb631cd66cc57a85ea4a210a01a5ff16ca7d"}
,"C:\\Users\\1marc\\Desktop\\uni\\Tercero\\Server\\ServerPractice\\src\\validators\\deliverynote.validator.js": {"path":"C:\\Users\\1marc\\Desktop\\uni\\Tercero\\Server\\ServerPractice\\src\\validators\\deliverynote.validator.js","statementMap":{"0":{"start":{"line":3,"column":21},"end":{"line":6,"column":2}},"1":{"start":{"line":8,"column":40},"end":{"line":45,"column":2}},"2":{"start":{"line":13,"column":41},"end":{"line":13,"column":73}},"3":{"start":{"line":22,"column":2},"end":{"line":29,"column":3}},"4":{"start":{"line":23,"column":4},"end":{"line":28,"column":5}},"5":{"start":{"line":24,"column":6},"end":{"line":27,"column":9}},"6":{"start":{"line":31,"column":2},"end":{"line":44,"column":3}},"7":{"start":{"line":32,"column":4},"end":{"line":37,"column":5}},"8":{"start":{"line":33,"column":6},"end":{"line":36,"column":9}},"9":{"start":{"line":38,"column":4},"end":{"line":43,"column":5}},"10":{"start":{"line":39,"column":6},"end":{"line":42,"column":9}},"11":{"start":{"line":47,"column":38},"end":{"line":49,"column":2}}},"fnMap":{"0":{"name":"(anonymous_0)","decl":{"start":{"line":13,"column":30},"end":{"line":13,"column":31}},"loc":{"start":{"line":13,"column":41},"end":{"line":13,"column":73}},"line":13},"1":{"name":"(anonymous_1)","decl":{"start":{"line":21,"column":15},"end":{"line":21,"column":16}},"loc":{"start":{"line":21,"column":30},"end":{"line":45,"column":1}},"line":21}},"branchMap":{"0":{"loc":{"start":{"line":22,"column":2},"end":{"line":29,"column":3}},"type":"if","locations":[{"start":{"line":22,"column":2},"end":{"line":29,"column":3}},{"start":{},"end":{}}],"line":22},"1":{"loc":{"start":{"line":23,"column":4},"end":{"line":28,"column":5}},"type":"if","locations":[{"start":{"line":23,"column":4},"end":{"line":28,"column":5}},{"start":{},"end":{}}],"line":23},"2":{"loc":{"start":{"line":23,"column":8},"end":{"line":23,"column":67}},"type":"binary-expr","locations":[{"start":{"line":23,"column":8},"end":{"line":23,"column":22}},{"start":{"line":23,"column":26},"end":{"line":23,"column":53}},{"start":{"line":23,"column":57},"end":{"line":23,"column":67}}],"line":23},"3":{"loc":{"start":{"line":31,"column":2},"end":{"line":44,"column":3}},"type":"if","locations":[{"start":{"line":31,"column":2},"end":{"line":44,"column":3}},{"start":{},"end":{}}],"line":31},"4":{"loc":{"start":{"line":32,"column":4},"end":{"line":37,"column":5}},"type":"if","locations":[{"start":{"line":32,"column":4},"end":{"line":37,"column":5}},{"start":{},"end":{}}],"line":32},"5":{"loc":{"start":{"line":38,"column":4},"end":{"line":43,"column":5}},"type":"if","locations":[{"start":{"line":38,"column":4},"end":{"line":43,"column":5}},{"start":{},"end":{}}],"line":38},"6":{"loc":{"start":{"line":38,"column":8},"end":{"line":38,"column":50}},"type":"binary-expr","locations":[{"start":{"line":38,"column":8},"end":{"line":38,"column":21}},{"start":{"line":38,"column":25},"end":{"line":38,"column":50}}],"line":38}},"s":{"0":4,"1":4,"2":25,"3":25,"4":22,"5":2,"6":25,"7":3,"8":1,"9":3,"10":1,"11":4},"f":{"0":25,"1":25},"b":{"0":[22,3],"1":[2,20],"2":[22,21,20],"3":[3,22],"4":[1,2],"5":[1,2],"6":[3,2]},"inputSourceMap":null,"_coverageSchema":"1a1c01bbd47fc00a2c39e90264f33305004495a9","hash":"f61e82e2bb6d86f6b978059ccadd2e602efa7bdb"}
,"C:\\Users\\1marc\\Desktop\\uni\\Tercero\\Server\\ServerPractice\\src\\validators\\project.validator.js": {"path":"C:\\Users\\1marc\\Desktop\\uni\\Tercero\\Server\\ServerPractice\\src\\validators\\project.validator.js","statementMap":{"0":{"start":{"line":3,"column":22},"end":{"line":9,"column":2}},"1":{"start":{"line":11,"column":35},"end":{"line":17,"column":2}},"2":{"start":{"line":19,"column":35},"end":{"line":27,"column":2}}},"fnMap":{},"branchMap":{},"s":{"0":4,"1":4,"2":4},"f":{},"b":{},"inputSourceMap":null,"_coverageSchema":"1a1c01bbd47fc00a2c39e90264f33305004495a9","hash":"66a2cbc8375e230c8b62b0b536f8127673f0f82b"}
,"C:\\Users\\1marc\\Desktop\\uni\\Tercero\\Server\\ServerPractice\\src\\validators\\user.validator.js": {"path":"C:\\Users\\1marc\\Desktop\\uni\\Tercero\\Server\\ServerPractice\\src\\validators\\user.validator.js","statementMap":{"0":{"start":{"line":3,"column":30},"end":{"line":6,"column":2}},"1":{"start":{"line":4,"column":45},"end":{"line":4,"column":69}},"2":{"start":{"line":8,"column":27},"end":{"line":11,"column":2}},"3":{"start":{"line":13,"column":32},"end":{"line":15,"column":2}},"4":{"start":{"line":18,"column":32},"end":{"line":22,"column":2}},"5":{"start":{"line":24,"column":29},"end":{"line":35,"column":2}}},"fnMap":{"0":{"name":"(anonymous_0)","decl":{"start":{"line":4,"column":38},"end":{"line":4,"column":39}},"loc":{"start":{"line":4,"column":45},"end":{"line":4,"column":69}},"line":4}},"branchMap":{},"s":{"0":4,"1":74,"2":4,"3":4,"4":4,"5":4},"f":{"0":74},"b":{},"inputSourceMap":null,"_coverageSchema":"1a1c01bbd47fc00a2c39e90264f33305004495a9","hash":"dd1866ce373ce09fb6bc4ca481d9e673327f4743"}
}
