TN:
SF:src\app.js
FN:34,(anonymous_0)
FN:60,(anonymous_1)
FNF:2
FNH:1
FNDA:378,(anonymous_0)
FNDA:0,(anonymous_1)
DA:14,4
DA:17,4
DA:20,4
DA:21,0
DA:26,0
DA:30,4
DA:31,4
DA:34,4
DA:35,378
DA:36,334
DA:40,378
DA:44,4
DA:47,4
DA:54,4
DA:55,4
DA:56,4
DA:57,4
DA:60,4
DA:61,0
DA:65,4
LF:20
LH:17
BRDA:20,0,0,0
BRDA:20,0,1,4
BRDA:35,1,0,334
BRDA:35,1,1,44
BRF:4
BRH:3
end_of_record
TN:
SF:src\controllers\client.controller.js
FN:4,(anonymous_0)
FN:15,(anonymous_1)
FN:44,(anonymous_2)
FN:75,(anonymous_3)
FN:106,(anonymous_4)
FN:128,(anonymous_5)
FN:165,(anonymous_6)
FN:187,(anonymous_7)
FNF:8
FNH:8
FNDA:6,(anonymous_0)
FNDA:55,(anonymous_1)
FNDA:4,(anonymous_2)
FNDA:2,(anonymous_3)
FNDA:2,(anonymous_4)
FNDA:1,(anonymous_5)
FNDA:1,(anonymous_6)
FNDA:4,(anonymous_7)
DA:4,4
DA:5,6
DA:6,6
DA:8,6
DA:9,0
DA:12,6
DA:15,4
DA:16,55
DA:17,55
DA:19,55
DA:20,0
DA:23,55
DA:24,55
DA:25,1
DA:28,54
DA:38,54
DA:40,1
DA:44,4
DA:45,4
DA:46,4
DA:47,0
DA:50,4
DA:51,4
DA:52,4
DA:53,4
DA:54,4
DA:56,4
DA:57,4
DA:61,4
DA:63,4
DA:71,0
DA:75,4
DA:76,2
DA:77,2
DA:78,0
DA:81,2
DA:82,2
DA:83,2
DA:84,2
DA:85,2
DA:87,2
DA:88,2
DA:92,2
DA:94,2
DA:102,0
DA:106,4
DA:107,2
DA:108,2
DA:109,0
DA:112,2
DA:118,2
DA:119,1
DA:122,1
DA:124,1
DA:128,4
DA:129,1
DA:130,1
DA:131,0
DA:134,1
DA:139,1
DA:140,0
DA:143,1
DA:155,1
DA:156,0
DA:159,1
DA:161,0
DA:165,4
DA:166,1
DA:167,1
DA:168,0
DA:171,1
DA:177,1
DA:178,0
DA:181,1
DA:183,0
DA:187,4
DA:188,4
DA:189,4
DA:190,0
DA:193,4
DA:196,4
DA:197,3
DA:203,1
DA:206,4
DA:207,0
DA:210,4
DA:212,0
LF:87
LH:70
BRDA:4,0,0,0
BRDA:8,1,0,0
BRDA:8,1,1,6
BRDA:19,2,0,0
BRDA:19,2,1,55
BRDA:19,3,0,55
BRDA:19,3,1,55
BRDA:24,4,0,1
BRDA:24,4,1,54
BRDA:46,5,0,0
BRDA:46,5,1,4
BRDA:46,6,0,4
BRDA:46,6,1,4
BRDA:50,7,0,4
BRDA:50,7,1,3
BRDA:51,8,0,4
BRDA:51,8,1,3
BRDA:53,9,0,4
BRDA:53,9,1,4
BRDA:54,10,0,0
BRDA:54,10,1,4
BRDA:77,11,0,0
BRDA:77,11,1,2
BRDA:77,12,0,2
BRDA:77,12,1,2
BRDA:81,13,0,2
BRDA:81,13,1,2
BRDA:82,14,0,2
BRDA:82,14,1,2
BRDA:84,15,0,2
BRDA:84,15,1,2
BRDA:85,16,0,0
BRDA:85,16,1,2
BRDA:108,17,0,0
BRDA:108,17,1,2
BRDA:108,18,0,2
BRDA:108,18,1,2
BRDA:118,19,0,1
BRDA:118,19,1,1
BRDA:130,20,0,0
BRDA:130,20,1,1
BRDA:130,21,0,1
BRDA:130,21,1,1
BRDA:139,22,0,0
BRDA:139,22,1,1
BRDA:155,23,0,0
BRDA:155,23,1,1
BRDA:167,24,0,0
BRDA:167,24,1,1
BRDA:167,25,0,1
BRDA:167,25,1,1
BRDA:177,26,0,0
BRDA:177,26,1,1
BRDA:189,27,0,0
BRDA:189,27,1,4
BRDA:189,28,0,4
BRDA:189,28,1,4
BRDA:196,29,0,3
BRDA:196,29,1,1
BRDA:206,30,0,0
BRDA:206,30,1,4
BRF:61
BRH:46
end_of_record
TN:
SF:src\controllers\deliverynote.controller.js
FN:9,(anonymous_0)
FN:16,(anonymous_1)
FN:20,(anonymous_2)
FN:26,(anonymous_3)
FN:64,(anonymous_4)
FN:90,(anonymous_5)
FN:98,(anonymous_6)
FN:139,(anonymous_7)
FN:190,(anonymous_8)
FN:212,(anonymous_9)
FN:237,(anonymous_10)
FN:244,(anonymous_11)
FN:297,(anonymous_12)
FNF:13
FNH:11
FNDA:3,(anonymous_0)
FNDA:4,(anonymous_1)
FNDA:4,(anonymous_2)
FNDA:4,(anonymous_3)
FNDA:0,(anonymous_4)
FNDA:4,(anonymous_5)
FNDA:21,(anonymous_6)
FNDA:3,(anonymous_7)
FNDA:4,(anonymous_8)
FNDA:2,(anonymous_9)
FNDA:0,(anonymous_10)
FNDA:5,(anonymous_11)
FNDA:3,(anonymous_12)
DA:9,4
DA:10,3
DA:11,0
DA:12,0
DA:13,0
DA:16,4
DA:17,4
DA:20,4
DA:21,4
DA:22,4
DA:23,4
DA:26,4
DA:27,4
DA:28,4
DA:29,4
DA:30,4
DA:32,4
DA:34,4
DA:35,4
DA:37,4
DA:38,4
DA:39,4
DA:40,4
DA:41,4
DA:42,4
DA:43,4
DA:45,4
DA:46,4
DA:47,4
DA:49,4
DA:50,4
DA:51,4
DA:52,4
DA:53,4
DA:56,4
DA:57,0
DA:58,0
DA:59,0
DA:61,0
DA:62,0
DA:63,0
DA:64,0
DA:65,0
DA:70,4
DA:71,4
DA:72,4
DA:73,4
DA:76,4
DA:77,4
DA:78,4
DA:79,4
DA:80,4
DA:81,4
DA:83,0
DA:84,0
DA:88,4
DA:90,4
DA:91,4
DA:92,4
DA:95,4
DA:98,4
DA:99,21
DA:100,21
DA:101,0
DA:104,21
DA:106,21
DA:111,21
DA:112,1
DA:114,20
DA:115,1
DA:118,19
DA:133,19
DA:135,2
DA:139,4
DA:140,3
DA:141,3
DA:142,0
DA:145,3
DA:146,3
DA:147,3
DA:148,3
DA:149,3
DA:150,3
DA:151,3
DA:152,3
DA:153,3
DA:154,3
DA:156,3
DA:157,3
DA:158,3
DA:159,3
DA:160,3
DA:161,3
DA:162,0
DA:163,0
DA:164,0
DA:167,3
DA:176,3
DA:178,3
DA:186,0
DA:190,4
DA:191,4
DA:192,4
DA:193,0
DA:196,4
DA:202,4
DA:203,3
DA:206,1
DA:208,3
DA:212,4
DA:213,2
DA:214,2
DA:215,0
DA:218,2
DA:224,2
DA:225,1
DA:228,1
DA:229,0
DA:230,0
DA:233,1
DA:234,1
DA:236,1
DA:237,1
DA:238,1
DA:240,1
DA:244,4
DA:245,5
DA:247,5
DA:248,0
DA:252,5
DA:258,5
DA:259,0
DA:263,5
DA:264,0
DA:268,5
DA:271,5
DA:273,5
DA:274,1
DA:278,4
DA:279,4
DA:280,4
DA:284,4
DA:287,4
DA:290,4
DA:293,1
DA:297,4
DA:298,3
DA:299,3
DA:300,0
DA:303,3
DA:304,3
DA:306,3
DA:308,3
DA:309,0
DA:312,3
DA:313,1
DA:316,2
DA:317,2
DA:318,2
DA:320,0
DA:323,2
DA:325,1
LF:162
LH:133
BRDA:10,0,0,3
BRDA:10,0,1,0
BRDA:11,1,0,0
BRDA:11,1,1,0
BRDA:12,2,0,0
BRDA:12,2,1,0
BRDA:38,3,0,4
BRDA:38,3,1,0
BRDA:39,4,0,4
BRDA:39,4,1,0
BRDA:40,5,0,4
BRDA:40,5,1,0
BRDA:40,5,2,0
BRDA:46,6,0,4
BRDA:46,6,1,0
BRDA:49,7,0,4
BRDA:49,7,1,0
BRDA:51,8,0,4
BRDA:51,8,1,0
BRDA:52,9,0,4
BRDA:52,9,1,0
BRDA:53,10,0,4
BRDA:53,10,1,0
BRDA:56,11,0,0
BRDA:56,11,1,4
BRDA:58,12,0,0
BRDA:58,12,1,0
BRDA:61,13,0,0
BRDA:61,13,1,0
BRDA:61,14,0,0
BRDA:61,14,1,0
BRDA:71,15,0,4
BRDA:71,15,1,0
BRDA:72,16,0,4
BRDA:72,16,1,0
BRDA:72,17,0,4
BRDA:72,17,1,4
BRDA:76,18,0,4
BRDA:76,18,1,0
BRDA:76,19,0,4
BRDA:76,19,1,4
BRDA:100,20,0,0
BRDA:100,20,1,21
BRDA:100,21,0,21
BRDA:100,21,1,21
BRDA:111,22,0,1
BRDA:111,22,1,20
BRDA:114,23,0,1
BRDA:114,23,1,19
BRDA:141,24,0,0
BRDA:141,24,1,3
BRDA:141,25,0,3
BRDA:141,25,1,3
BRDA:145,26,0,3
BRDA:145,26,1,2
BRDA:146,27,0,3
BRDA:146,27,1,2
BRDA:148,28,0,3
BRDA:148,28,1,2
BRDA:149,29,0,3
BRDA:149,29,1,3
BRDA:150,30,0,3
BRDA:150,30,1,3
BRDA:151,31,0,3
BRDA:151,31,1,0
BRDA:153,32,0,0
BRDA:153,32,1,3
BRDA:154,33,0,0
BRDA:154,33,1,3
BRDA:157,34,0,1
BRDA:157,34,1,2
BRDA:158,35,0,0
BRDA:158,35,1,3
BRDA:159,36,0,0
BRDA:159,36,1,3
BRDA:160,37,0,0
BRDA:160,37,1,3
BRDA:161,38,0,0
BRDA:161,38,1,3
BRDA:161,39,0,3
BRDA:161,39,1,3
BRDA:163,40,0,0
BRDA:163,40,1,0
BRDA:163,41,0,0
BRDA:163,41,1,0
BRDA:164,42,0,0
BRDA:164,42,1,0
BRDA:164,43,0,0
BRDA:164,43,1,0
BRDA:192,44,0,0
BRDA:192,44,1,4
BRDA:192,45,0,4
BRDA:192,45,1,4
BRDA:202,46,0,3
BRDA:202,46,1,1
BRDA:214,47,0,0
BRDA:214,47,1,2
BRDA:214,48,0,2
BRDA:214,48,1,2
BRDA:224,49,0,1
BRDA:224,49,1,1
BRDA:228,50,0,0
BRDA:228,50,1,1
BRDA:228,51,0,1
BRDA:228,51,1,1
BRDA:247,52,0,0
BRDA:247,52,1,5
BRDA:247,53,0,5
BRDA:247,53,1,5
BRDA:258,54,0,0
BRDA:258,54,1,5
BRDA:263,55,0,0
BRDA:263,55,1,5
BRDA:273,56,0,1
BRDA:273,56,1,4
BRDA:273,57,0,5
BRDA:273,57,1,5
BRDA:273,57,2,5
BRDA:299,58,0,0
BRDA:299,58,1,3
BRDA:299,59,0,3
BRDA:299,59,1,3
BRDA:308,60,0,0
BRDA:308,60,1,3
BRDA:312,61,0,1
BRDA:312,61,1,2
BRDA:316,62,0,2
BRDA:316,62,1,0
BRF:128
BRH:78
end_of_record
TN:
SF:src\controllers\project.controller.js
FN:5,(anonymous_0)
FN:23,(anonymous_1)
FN:30,(anonymous_2)
FN:64,(anonymous_3)
FN:97,(anonymous_4)
FN:129,(anonymous_5)
FN:146,(anonymous_6)
FN:186,(anonymous_7)
FN:215,(anonymous_8)
FNF:9
FNH:9
FNDA:7,(anonymous_0)
FNDA:7,(anonymous_1)
FNDA:41,(anonymous_2)
FNDA:5,(anonymous_3)
FNDA:2,(anonymous_4)
FNDA:2,(anonymous_5)
FNDA:1,(anonymous_6)
FNDA:4,(anonymous_7)
FNDA:1,(anonymous_8)
DA:5,4
DA:6,7
DA:8,7
DA:9,0
DA:12,7
DA:13,1
DA:16,7
DA:17,0
DA:20,7
DA:23,4
DA:24,7
DA:25,0
DA:26,0
DA:27,0
DA:30,4
DA:31,41
DA:32,41
DA:34,41
DA:35,0
DA:38,41
DA:39,41
DA:40,1
DA:43,40
DA:44,40
DA:45,1
DA:48,39
DA:58,39
DA:60,2
DA:64,4
DA:65,5
DA:66,5
DA:67,0
DA:70,5
DA:71,5
DA:72,5
DA:73,5
DA:74,5
DA:75,5
DA:76,5
DA:78,5
DA:79,5
DA:83,5
DA:85,5
DA:93,0
DA:97,4
DA:98,2
DA:99,2
DA:100,0
DA:103,2
DA:104,2
DA:105,2
DA:106,2
DA:107,2
DA:108,2
DA:110,2
DA:111,2
DA:115,2
DA:117,2
DA:125,0
DA:129,4
DA:130,2
DA:131,2
DA:132,0
DA:135,2
DA:136,2
DA:137,1
DA:140,1
DA:142,1
DA:146,4
DA:147,1
DA:148,1
DA:149,0
DA:152,1
DA:153,1
DA:154,1
DA:155,0
DA:159,1
DA:160,1
DA:165,1
DA:166,0
DA:170,1
DA:176,1
DA:177,0
DA:180,1
DA:182,0
DA:186,4
DA:187,4
DA:188,4
DA:189,0
DA:192,4
DA:195,4
DA:196,3
DA:202,1
DA:205,4
DA:206,0
DA:209,4
DA:211,0
DA:215,4
DA:216,1
DA:217,1
DA:218,0
DA:221,1
DA:227,1
DA:228,0
DA:231,1
DA:233,0
LF:106
LH:84
BRDA:5,0,0,0
BRDA:8,1,0,0
BRDA:8,1,1,7
BRDA:12,2,0,1
BRDA:12,2,1,6
BRDA:16,3,0,0
BRDA:16,3,1,7
BRDA:24,4,0,7
BRDA:24,4,1,0
BRDA:25,5,0,0
BRDA:25,5,1,0
BRDA:26,6,0,0
BRDA:26,6,1,0
BRDA:34,7,0,0
BRDA:34,7,1,41
BRDA:34,8,0,41
BRDA:34,8,1,41
BRDA:39,9,0,1
BRDA:39,9,1,40
BRDA:44,10,0,1
BRDA:44,10,1,39
BRDA:66,11,0,0
BRDA:66,11,1,5
BRDA:66,12,0,5
BRDA:66,12,1,5
BRDA:70,13,0,5
BRDA:70,13,1,4
BRDA:71,14,0,5
BRDA:71,14,1,4
BRDA:73,15,0,5
BRDA:73,15,1,5
BRDA:74,16,0,5
BRDA:74,16,1,4
BRDA:75,17,0,5
BRDA:75,17,1,0
BRDA:99,18,0,0
BRDA:99,18,1,2
BRDA:99,19,0,2
BRDA:99,19,1,2
BRDA:103,20,0,2
BRDA:103,20,1,2
BRDA:104,21,0,2
BRDA:104,21,1,2
BRDA:106,22,0,2
BRDA:106,22,1,2
BRDA:107,23,0,2
BRDA:107,23,1,2
BRDA:131,24,0,0
BRDA:131,24,1,2
BRDA:131,25,0,2
BRDA:131,25,1,2
BRDA:136,26,0,1
BRDA:136,26,1,1
BRDA:148,27,0,0
BRDA:148,27,1,1
BRDA:148,28,0,1
BRDA:148,28,1,1
BRDA:152,29,0,1
BRDA:152,29,1,0
BRDA:154,30,0,0
BRDA:154,30,1,1
BRDA:159,31,0,1
BRDA:159,31,1,0
BRDA:165,32,0,0
BRDA:165,32,1,1
BRDA:176,33,0,0
BRDA:176,33,1,1
BRDA:188,34,0,0
BRDA:188,34,1,4
BRDA:188,35,0,4
BRDA:188,35,1,4
BRDA:195,36,0,3
BRDA:195,36,1,1
BRDA:205,37,0,0
BRDA:205,37,1,4
BRDA:217,38,0,0
BRDA:217,38,1,1
BRDA:217,39,0,1
BRDA:217,39,1,1
BRDA:227,40,0,0
BRDA:227,40,1,1
BRF:81
BRH:58
end_of_record
TN:
SF:src\controllers\user.controller.js
FN:10,(anonymous_0)
FN:54,(anonymous_1)
FN:77,(anonymous_2)
FN:94,(anonymous_3)
FN:102,(anonymous_4)
FN:129,(anonymous_5)
FN:142,(anonymous_6)
FN:150,(anonymous_7)
FN:163,(anonymous_8)
FN:180,(anonymous_9)
FN:194,(anonymous_10)
FNF:11
FNH:8
FNDA:73,(anonymous_0)
FNDA:6,(anonymous_1)
FNDA:54,(anonymous_2)
FNDA:1,(anonymous_3)
FNDA:51,(anonymous_4)
FNDA:0,(anonymous_5)
FNDA:1,(anonymous_6)
FNDA:5,(anonymous_7)
FNDA:0,(anonymous_8)
FNDA:1,(anonymous_9)
FNDA:0,(anonymous_10)
DA:10,4
DA:11,73
DA:12,73
DA:15,73
DA:16,73
DA:19,72
DA:20,72
DA:23,72
DA:32,72
DA:33,72
DA:36,72
DA:38,72
DA:49,1
DA:54,4
DA:55,6
DA:56,6
DA:57,6
DA:59,6
DA:60,6
DA:62,5
DA:63,5
DA:64,5
DA:65,5
DA:68,0
DA:69,0
DA:71,0
DA:72,0
DA:73,6
DA:77,4
DA:78,54
DA:79,54
DA:80,54
DA:82,54
DA:83,3
DA:86,51
DA:87,51
DA:89,51
DA:90,3
DA:94,4
DA:95,1
DA:96,1
DA:97,1
DA:98,0
DA:102,4
DA:103,51
DA:104,51
DA:105,51
DA:107,51
DA:109,51
DA:117,51
DA:118,51
DA:121,0
DA:124,51
DA:125,0
DA:129,4
DA:130,0
DA:131,0
DA:132,0
DA:134,0
DA:135,0
DA:137,0
DA:138,0
DA:142,4
DA:143,1
DA:144,1
DA:145,1
DA:146,0
DA:150,4
DA:151,5
DA:152,5
DA:153,5
DA:155,3
DA:156,1
DA:158,1
DA:159,4
DA:163,4
DA:164,0
DA:166,0
DA:170,0
DA:175,0
DA:180,4
DA:181,1
DA:182,1
DA:183,1
DA:184,0
DA:186,1
DA:188,1
DA:189,1
DA:190,0
DA:194,4
DA:195,0
DA:196,0
DA:198,0
DA:206,0
DA:207,0
DA:208,0
LF:96
LH:69
BRDA:16,0,0,1
BRDA:16,0,1,72
BRDA:59,1,0,0
BRDA:59,1,1,6
BRDA:60,2,0,1
BRDA:60,2,1,5
BRDA:62,3,0,5
BRDA:62,3,1,0
BRDA:82,4,0,3
BRDA:82,4,1,51
BRDA:82,5,0,54
BRDA:82,5,1,52
BRDA:107,6,0,51
BRDA:107,6,1,0
BRDA:109,7,0,0
BRDA:109,7,1,51
BRDA:131,8,0,0
BRDA:131,8,1,0
BRDA:132,9,0,0
BRDA:132,9,1,0
BRDA:153,10,0,2
BRDA:153,10,1,3
BRDA:183,11,0,0
BRDA:183,11,1,1
BRF:24
BRH:15
end_of_record
TN:
SF:src\middleware\auth.middleware.js
FN:6,(anonymous_0)
FNF:1
FNH:1
FNDA:248,(anonymous_0)
DA:6,5
DA:7,248
DA:10,248
DA:11,241
DA:14,248
DA:15,7
DA:19,241
DA:22,238
DA:24,238
DA:25,0
DA:29,238
DA:30,238
DA:32,3
LF:13
LH:12
BRDA:10,0,0,241
BRDA:10,0,1,7
BRDA:14,1,0,7
BRDA:14,1,1,241
BRDA:24,2,0,0
BRDA:24,2,1,238
BRF:6
BRH:5
end_of_record
TN:
SF:src\middleware\error-handler.js
FN:1,(anonymous_0)
FNF:1
FNH:1
FNDA:50,(anonymous_0)
DA:1,4
DA:2,50
DA:3,50
DA:6,50
DA:8,50
LF:5
LH:5
BRDA:2,0,0,50
BRDA:2,0,1,0
BRDA:3,1,0,50
BRDA:3,1,1,0
BRDA:12,2,0,50
BRDA:12,2,1,0
BRF:6
BRH:3
end_of_record
TN:
SF:src\middleware\rate-limit.js
FNF:0
FNH:0
LF:0
LH:0
BRF:0
BRH:0
end_of_record
TN:
SF:src\middleware\role.middleware.js
FN:3,(anonymous_0)
FN:4,(anonymous_1)
FNF:2
FNH:1
FNDA:4,(anonymous_0)
FNDA:0,(anonymous_1)
DA:3,4
DA:4,4
DA:6,0
DA:7,0
DA:9,0
LF:5
LH:2
BRDA:6,0,0,0
BRDA:6,0,1,0
BRF:2
BRH:0
end_of_record
TN:
SF:src\middleware\sanitize.js
FNF:0
FNH:0
LF:0
LH:0
BRF:0
BRH:0
end_of_record
TN:
SF:src\middleware\upload.js
FN:5,(anonymous_0)
FN:8,(anonymous_1)
FN:14,(anonymous_2)
FNF:3
FNH:0
FNDA:0,(anonymous_0)
FNDA:0,(anonymous_1)
FNDA:0,(anonymous_2)
DA:4,4
DA:6,0
DA:9,0
DA:10,0
DA:14,4
DA:15,0
DA:16,0
DA:18,0
DA:22,4
LF:9
LH:3
BRDA:15,0,0,0
BRDA:15,0,1,0
BRF:2
BRH:0
end_of_record
TN:
SF:src\middleware\validate.js
FN:3,(anonymous_0)
FN:3,(anonymous_1)
FN:9,(anonymous_2)
FNF:3
FNH:3
FNDA:44,(anonymous_0)
FNDA:326,(anonymous_1)
FNDA:30,(anonymous_2)
DA:3,44
DA:4,326
DA:6,326
DA:8,17
DA:9,30
DA:12,17
DA:17,309
DA:18,309
LF:8
LH:8
BRDA:6,0,0,17
BRDA:6,0,1,309
BRF:2
BRH:2
end_of_record
TN:
SF:src\models\Client.js
FNF:0
FNH:0
DA:3,4
DA:82,4
LF:2
LH:2
BRF:0
BRH:0
end_of_record
TN:
SF:src\models\Company.js
FNF:0
FNH:0
DA:3,4
DA:86,4
LF:2
LH:2
BRF:0
BRH:0
end_of_record
TN:
SF:src\models\DeliveryNote.js
FN:47,(anonymous_0)
FN:54,(anonymous_1)
FN:61,(anonymous_2)
FN:68,(anonymous_3)
FN:86,(anonymous_4)
FNF:5
FNH:5
FNDA:25,(anonymous_0)
FNDA:25,(anonymous_1)
FNDA:25,(anonymous_2)
FNDA:25,(anonymous_3)
FNDA:25,(anonymous_4)
DA:3,4
DA:48,25
DA:55,25
DA:62,25
DA:69,25
DA:87,25
DA:119,4
LF:7
LH:7
BRF:0
BRH:0
end_of_record
TN:
SF:src\models\Project.js
FNF:0
FNH:0
DA:3,4
DA:94,4
LF:2
LH:2
BRF:0
BRH:0
end_of_record
TN:
SF:src\models\User.js
FN:116,(anonymous_0)
FNF:1
FNH:1
FNDA:63,(anonymous_0)
DA:4,5
DA:116,5
DA:117,63
DA:120,5
DA:121,5
DA:122,5
DA:123,5
DA:125,5
DA:127,5
LF:9
LH:9
BRF:0
BRH:0
end_of_record
TN:
SF:src\routes\client.routes.js
FNF:0
FNH:0
DA:7,4
DA:9,4
DA:11,4
DA:12,4
DA:13,4
DA:14,4
DA:15,4
DA:16,4
DA:17,4
LF:9
LH:9
BRF:0
BRH:0
end_of_record
TN:
SF:src\routes\deliverynote.routes.js
FNF:0
FNH:0
DA:7,4
DA:9,4
DA:11,4
DA:12,4
DA:13,4
DA:14,4
DA:15,4
DA:16,4
LF:8
LH:8
BRF:0
BRH:0
end_of_record
TN:
SF:src\routes\index.js
FNF:0
FNH:0
LF:0
LH:0
BRF:0
BRH:0
end_of_record
TN:
SF:src\routes\project.routes.js
FNF:0
FNH:0
DA:7,4
DA:9,4
DA:11,4
DA:12,4
DA:13,4
DA:14,4
DA:15,4
DA:16,4
DA:17,4
LF:9
LH:9
BRF:0
BRH:0
end_of_record
TN:
SF:src\routes\user.routes.js
FNF:0
FNH:0
DA:9,4
DA:12,4
DA:13,4
DA:14,4
DA:17,4
DA:19,4
DA:20,4
DA:21,4
DA:22,4
DA:23,4
DA:24,4
DA:25,4
DA:26,4
DA:29,4
LF:14
LH:14
BRF:0
BRH:0
end_of_record
TN:
SF:src\services\logger.service.js
FNF:0
FNH:0
LF:0
LH:0
BRF:0
BRH:0
end_of_record
TN:
SF:src\services\mail.service.js
FNF:0
FNH:0
LF:0
LH:0
BRF:0
BRH:0
end_of_record
TN:
SF:src\services\notification.service.js
FN:6,(anonymous_0)
FN:10,(anonymous_1)
FN:14,(anonymous_2)
FN:18,(anonymous_3)
FNF:4
FNH:2
FNDA:72,(anonymous_0)
FNDA:0,(anonymous_1)
FNDA:0,(anonymous_2)
FNDA:1,(anonymous_3)
DA:3,4
DA:6,4
DA:7,72
DA:10,4
DA:11,0
DA:14,4
DA:15,0
DA:18,4
DA:19,1
LF:9
LH:7
BRF:0
BRH:0
end_of_record
TN:
SF:src\services\pdf.service.js
FNF:0
FNH:0
LF:0
LH:0
BRF:0
BRH:0
end_of_record
TN:
SF:src\utils\AppError.js
FN:2,(anonymous_0)
FN:12,(anonymous_1)
FN:13,(anonymous_2)
FN:14,(anonymous_3)
FN:15,(anonymous_4)
FN:16,(anonymous_5)
FNF:6
FNH:2
FNDA:56,(anonymous_0)
FNDA:0,(anonymous_1)
FNDA:0,(anonymous_2)
FNDA:0,(anonymous_3)
FNDA:1,(anonymous_4)
FNDA:0,(anonymous_5)
DA:3,56
DA:4,56
DA:5,56
DA:6,56
DA:8,56
DA:12,0
DA:13,0
DA:14,0
DA:15,1
DA:16,0
LF:10
LH:6
BRDA:5,0,0,56
BRDA:5,0,1,0
BRDA:12,1,0,0
BRDA:12,1,1,0
BRDA:13,2,0,0
BRDA:13,2,1,0
BRDA:14,3,0,0
BRDA:14,3,1,0
BRDA:15,4,0,1
BRDA:15,4,1,0
BRDA:16,5,0,0
BRDA:16,5,1,0
BRF:12
BRH:2
end_of_record
TN:
SF:src\validators\client.validator.js
FNF:0
FNH:0
DA:3,4
DA:11,4
DA:19,4
LF:3
LH:3
BRF:0
BRH:0
end_of_record
TN:
SF:src\validators\deliverynote.validator.js
FN:13,(anonymous_0)
FN:21,(anonymous_1)
FNF:2
FNH:2
FNDA:25,(anonymous_0)
FNDA:25,(anonymous_1)
DA:3,4
DA:8,4
DA:13,25
DA:22,25
DA:23,22
DA:24,2
DA:31,25
DA:32,3
DA:33,1
DA:38,3
DA:39,1
DA:47,4
LF:12
LH:12
BRDA:22,0,0,22
BRDA:22,0,1,3
BRDA:23,1,0,2
BRDA:23,1,1,20
BRDA:23,2,0,22
BRDA:23,2,1,21
BRDA:23,2,2,20
BRDA:31,3,0,3
BRDA:31,3,1,22
BRDA:32,4,0,1
BRDA:32,4,1,2
BRDA:38,5,0,1
BRDA:38,5,1,2
BRDA:38,6,0,3
BRDA:38,6,1,2
BRF:15
BRH:15
end_of_record
TN:
SF:src\validators\project.validator.js
FNF:0
FNH:0
DA:3,4
DA:11,4
DA:19,4
LF:3
LH:3
BRF:0
BRH:0
end_of_record
TN:
SF:src\validators\user.validator.js
FN:4,(anonymous_0)
FNF:1
FNH:1
FNDA:74,(anonymous_0)
DA:3,4
DA:4,74
DA:8,4
DA:13,4
DA:18,4
DA:24,4
LF:6
LH:6
BRF:0
BRH:0
end_of_record
