TN:
SF:src\app.js
FN:34,(anonymous_0)
FN:60,(anonymous_1)
FNF:2
FNH:1
FNDA:356,(anonymous_0)
FNDA:0,(anonymous_1)
DA:14,4
DA:17,4
DA:20,4
DA:21,0
DA:26,0
DA:30,4
DA:31,4
DA:34,4
DA:35,356
DA:36,312
DA:40,356
DA:44,4
DA:47,4
DA:54,4
DA:55,4
DA:56,4
DA:57,4
DA:60,4
DA:61,0
DA:65,4
LF:20
LH:17
BRDA:20,0,0,0
BRDA:20,0,1,4
BRDA:35,1,0,312
BRDA:35,1,1,44
BRF:4
BRH:3
end_of_record
TN:
SF:src\controllers\client.controller.js
FN:5,(anonymous_0)
FN:16,(anonymous_1)
FN:46,(anonymous_2)
FN:77,(anonymous_3)
FN:108,(anonymous_4)
FN:130,(anonymous_5)
FN:167,(anonymous_6)
FN:189,(anonymous_7)
FNF:8
FNH:8
FNDA:6,(anonymous_0)
FNDA:55,(anonymous_1)
FNDA:4,(anonymous_2)
FNDA:2,(anonymous_3)
FNDA:2,(anonymous_4)
FNDA:1,(anonymous_5)
FNDA:1,(anonymous_6)
FNDA:4,(anonymous_7)
DA:5,4
DA:6,6
DA:7,6
DA:9,6
DA:10,0
DA:13,6
DA:16,4
DA:17,55
DA:18,55
DA:20,55
DA:21,0
DA:24,55
DA:25,55
DA:26,1
DA:29,54
DA:39,54
DA:40,54
DA:42,1
DA:46,4
DA:47,4
DA:48,4
DA:49,0
DA:52,4
DA:53,4
DA:54,4
DA:55,4
DA:56,4
DA:58,4
DA:59,4
DA:63,4
DA:65,4
DA:73,0
DA:77,4
DA:78,2
DA:79,2
DA:80,0
DA:83,2
DA:84,2
DA:85,2
DA:86,2
DA:87,2
DA:89,2
DA:90,2
DA:94,2
DA:96,2
DA:104,0
DA:108,4
DA:109,2
DA:110,2
DA:111,0
DA:114,2
DA:120,2
DA:121,1
DA:124,1
DA:126,1
DA:130,4
DA:131,1
DA:132,1
DA:133,0
DA:136,1
DA:141,1
DA:142,0
DA:145,1
DA:157,1
DA:158,0
DA:161,1
DA:163,0
DA:167,4
DA:168,1
DA:169,1
DA:170,0
DA:173,1
DA:179,1
DA:180,0
DA:183,1
DA:185,0
DA:189,4
DA:190,4
DA:191,4
DA:192,0
DA:195,4
DA:198,4
DA:199,3
DA:205,1
DA:208,4
DA:209,0
DA:212,4
DA:214,0
LF:88
LH:71
BRDA:5,0,0,0
BRDA:9,1,0,0
BRDA:9,1,1,6
BRDA:20,2,0,0
BRDA:20,2,1,55
BRDA:20,3,0,55
BRDA:20,3,1,55
BRDA:25,4,0,1
BRDA:25,4,1,54
BRDA:48,5,0,0
BRDA:48,5,1,4
BRDA:48,6,0,4
BRDA:48,6,1,4
BRDA:52,7,0,4
BRDA:52,7,1,3
BRDA:53,8,0,4
BRDA:53,8,1,3
BRDA:55,9,0,4
BRDA:55,9,1,4
BRDA:56,10,0,0
BRDA:56,10,1,4
BRDA:79,11,0,0
BRDA:79,11,1,2
BRDA:79,12,0,2
BRDA:79,12,1,2
BRDA:83,13,0,2
BRDA:83,13,1,2
BRDA:84,14,0,2
BRDA:84,14,1,2
BRDA:86,15,0,2
BRDA:86,15,1,2
BRDA:87,16,0,0
BRDA:87,16,1,2
BRDA:110,17,0,0
BRDA:110,17,1,2
BRDA:110,18,0,2
BRDA:110,18,1,2
BRDA:120,19,0,1
BRDA:120,19,1,1
BRDA:132,20,0,0
BRDA:132,20,1,1
BRDA:132,21,0,1
BRDA:132,21,1,1
BRDA:141,22,0,0
BRDA:141,22,1,1
BRDA:157,23,0,0
BRDA:157,23,1,1
BRDA:169,24,0,0
BRDA:169,24,1,1
BRDA:169,25,0,1
BRDA:169,25,1,1
BRDA:179,26,0,0
BRDA:179,26,1,1
BRDA:191,27,0,0
BRDA:191,27,1,4
BRDA:191,28,0,4
BRDA:191,28,1,4
BRDA:198,29,0,3
BRDA:198,29,1,1
BRDA:208,30,0,0
BRDA:208,30,1,4
BRF:61
BRH:46
end_of_record
TN:
SF:src\controllers\deliverynote.controller.js
FN:9,(anonymous_0)
FN:16,(anonymous_1)
FN:58,(anonymous_2)
FN:109,(anonymous_3)
FN:131,(anonymous_4)
FN:156,(anonymous_5)
FN:163,(anonymous_6)
FN:218,(anonymous_7)
FNF:8
FNH:7
FNDA:3,(anonymous_0)
FNDA:21,(anonymous_1)
FNDA:3,(anonymous_2)
FNDA:4,(anonymous_3)
FNDA:2,(anonymous_4)
FNDA:0,(anonymous_5)
FNDA:5,(anonymous_6)
FNDA:3,(anonymous_7)
DA:9,4
DA:10,3
DA:11,0
DA:12,0
DA:13,0
DA:16,4
DA:17,21
DA:18,21
DA:19,0
DA:22,21
DA:24,21
DA:29,21
DA:30,1
DA:32,20
DA:33,1
DA:36,19
DA:51,19
DA:52,19
DA:54,2
DA:58,4
DA:59,3
DA:60,3
DA:61,0
DA:64,3
DA:65,3
DA:66,3
DA:67,3
DA:68,3
DA:69,3
DA:70,3
DA:71,3
DA:72,3
DA:73,3
DA:75,3
DA:76,3
DA:77,3
DA:78,3
DA:79,3
DA:80,3
DA:81,0
DA:82,0
DA:83,0
DA:86,3
DA:95,3
DA:97,3
DA:105,0
DA:109,4
DA:110,4
DA:111,4
DA:112,0
DA:115,4
DA:121,4
DA:122,3
DA:125,1
DA:127,3
DA:131,4
DA:132,2
DA:133,2
DA:134,0
DA:137,2
DA:143,2
DA:144,1
DA:147,1
DA:148,0
DA:149,0
DA:152,1
DA:153,1
DA:155,1
DA:156,1
DA:157,1
DA:159,1
DA:163,4
DA:164,5
DA:166,5
DA:167,0
DA:171,5
DA:177,5
DA:178,0
DA:182,5
DA:183,0
DA:187,5
DA:190,5
DA:192,5
DA:193,1
DA:197,4
DA:198,4
DA:199,4
DA:203,4
DA:206,4
DA:208,4
DA:211,4
DA:214,1
DA:218,4
DA:219,3
DA:220,3
DA:221,0
DA:224,3
DA:225,3
DA:227,3
DA:229,3
DA:230,0
DA:233,3
DA:234,1
DA:237,2
DA:238,2
DA:239,2
DA:241,0
DA:244,2
DA:246,1
LF:109
LH:90
BRDA:10,0,0,3
BRDA:10,0,1,0
BRDA:11,1,0,0
BRDA:11,1,1,0
BRDA:12,2,0,0
BRDA:12,2,1,0
BRDA:18,3,0,0
BRDA:18,3,1,21
BRDA:18,4,0,21
BRDA:18,4,1,21
BRDA:29,5,0,1
BRDA:29,5,1,20
BRDA:32,6,0,1
BRDA:32,6,1,19
BRDA:60,7,0,0
BRDA:60,7,1,3
BRDA:60,8,0,3
BRDA:60,8,1,3
BRDA:64,9,0,3
BRDA:64,9,1,2
BRDA:65,10,0,3
BRDA:65,10,1,2
BRDA:67,11,0,3
BRDA:67,11,1,2
BRDA:68,12,0,3
BRDA:68,12,1,3
BRDA:69,13,0,3
BRDA:69,13,1,3
BRDA:70,14,0,3
BRDA:70,14,1,0
BRDA:72,15,0,0
BRDA:72,15,1,3
BRDA:73,16,0,0
BRDA:73,16,1,3
BRDA:76,17,0,1
BRDA:76,17,1,2
BRDA:77,18,0,0
BRDA:77,18,1,3
BRDA:78,19,0,0
BRDA:78,19,1,3
BRDA:79,20,0,0
BRDA:79,20,1,3
BRDA:80,21,0,0
BRDA:80,21,1,3
BRDA:80,22,0,3
BRDA:80,22,1,3
BRDA:82,23,0,0
BRDA:82,23,1,0
BRDA:82,24,0,0
BRDA:82,24,1,0
BRDA:83,25,0,0
BRDA:83,25,1,0
BRDA:83,26,0,0
BRDA:83,26,1,0
BRDA:111,27,0,0
BRDA:111,27,1,4
BRDA:111,28,0,4
BRDA:111,28,1,4
BRDA:121,29,0,3
BRDA:121,29,1,1
BRDA:133,30,0,0
BRDA:133,30,1,2
BRDA:133,31,0,2
BRDA:133,31,1,2
BRDA:143,32,0,1
BRDA:143,32,1,1
BRDA:147,33,0,0
BRDA:147,33,1,1
BRDA:147,34,0,1
BRDA:147,34,1,1
BRDA:166,35,0,0
BRDA:166,35,1,5
BRDA:166,36,0,5
BRDA:166,36,1,5
BRDA:177,37,0,0
BRDA:177,37,1,5
BRDA:182,38,0,0
BRDA:182,38,1,5
BRDA:192,39,0,1
BRDA:192,39,1,4
BRDA:192,40,0,5
BRDA:192,40,1,5
BRDA:192,40,2,5
BRDA:220,41,0,0
BRDA:220,41,1,3
BRDA:220,42,0,3
BRDA:220,42,1,3
BRDA:229,43,0,0
BRDA:229,43,1,3
BRDA:233,44,0,1
BRDA:233,44,1,2
BRDA:237,45,0,2
BRDA:237,45,1,0
BRF:93
BRH:62
end_of_record
TN:
SF:src\controllers\project.controller.js
FN:6,(anonymous_0)
FN:24,(anonymous_1)
FN:31,(anonymous_2)
FN:66,(anonymous_3)
FN:99,(anonymous_4)
FN:131,(anonymous_5)
FN:148,(anonymous_6)
FN:188,(anonymous_7)
FN:217,(anonymous_8)
FNF:9
FNH:9
FNDA:7,(anonymous_0)
FNDA:7,(anonymous_1)
FNDA:41,(anonymous_2)
FNDA:5,(anonymous_3)
FNDA:2,(anonymous_4)
FNDA:2,(anonymous_5)
FNDA:1,(anonymous_6)
FNDA:4,(anonymous_7)
FNDA:1,(anonymous_8)
DA:6,4
DA:7,7
DA:9,7
DA:10,0
DA:13,7
DA:14,1
DA:17,7
DA:18,0
DA:21,7
DA:24,4
DA:25,7
DA:26,0
DA:27,0
DA:28,0
DA:31,4
DA:32,41
DA:33,41
DA:35,41
DA:36,0
DA:39,41
DA:40,41
DA:41,1
DA:44,40
DA:45,40
DA:46,1
DA:49,39
DA:59,39
DA:60,39
DA:62,2
DA:66,4
DA:67,5
DA:68,5
DA:69,0
DA:72,5
DA:73,5
DA:74,5
DA:75,5
DA:76,5
DA:77,5
DA:78,5
DA:80,5
DA:81,5
DA:85,5
DA:87,5
DA:95,0
DA:99,4
DA:100,2
DA:101,2
DA:102,0
DA:105,2
DA:106,2
DA:107,2
DA:108,2
DA:109,2
DA:110,2
DA:112,2
DA:113,2
DA:117,2
DA:119,2
DA:127,0
DA:131,4
DA:132,2
DA:133,2
DA:134,0
DA:137,2
DA:138,2
DA:139,1
DA:142,1
DA:144,1
DA:148,4
DA:149,1
DA:150,1
DA:151,0
DA:154,1
DA:155,1
DA:156,1
DA:157,0
DA:161,1
DA:162,1
DA:167,1
DA:168,0
DA:172,1
DA:178,1
DA:179,0
DA:182,1
DA:184,0
DA:188,4
DA:189,4
DA:190,4
DA:191,0
DA:194,4
DA:197,4
DA:198,3
DA:204,1
DA:207,4
DA:208,0
DA:211,4
DA:213,0
DA:217,4
DA:218,1
DA:219,1
DA:220,0
DA:223,1
DA:229,1
DA:230,0
DA:233,1
DA:235,0
LF:107
LH:85
BRDA:6,0,0,0
BRDA:9,1,0,0
BRDA:9,1,1,7
BRDA:13,2,0,1
BRDA:13,2,1,6
BRDA:17,3,0,0
BRDA:17,3,1,7
BRDA:25,4,0,7
BRDA:25,4,1,0
BRDA:26,5,0,0
BRDA:26,5,1,0
BRDA:27,6,0,0
BRDA:27,6,1,0
BRDA:35,7,0,0
BRDA:35,7,1,41
BRDA:35,8,0,41
BRDA:35,8,1,41
BRDA:40,9,0,1
BRDA:40,9,1,40
BRDA:45,10,0,1
BRDA:45,10,1,39
BRDA:68,11,0,0
BRDA:68,11,1,5
BRDA:68,12,0,5
BRDA:68,12,1,5
BRDA:72,13,0,5
BRDA:72,13,1,4
BRDA:73,14,0,5
BRDA:73,14,1,4
BRDA:75,15,0,5
BRDA:75,15,1,5
BRDA:76,16,0,5
BRDA:76,16,1,4
BRDA:77,17,0,5
BRDA:77,17,1,0
BRDA:101,18,0,0
BRDA:101,18,1,2
BRDA:101,19,0,2
BRDA:101,19,1,2
BRDA:105,20,0,2
BRDA:105,20,1,2
BRDA:106,21,0,2
BRDA:106,21,1,2
BRDA:108,22,0,2
BRDA:108,22,1,2
BRDA:109,23,0,2
BRDA:109,23,1,2
BRDA:133,24,0,0
BRDA:133,24,1,2
BRDA:133,25,0,2
BRDA:133,25,1,2
BRDA:138,26,0,1
BRDA:138,26,1,1
BRDA:150,27,0,0
BRDA:150,27,1,1
BRDA:150,28,0,1
BRDA:150,28,1,1
BRDA:154,29,0,1
BRDA:154,29,1,0
BRDA:156,30,0,0
BRDA:156,30,1,1
BRDA:161,31,0,1
BRDA:161,31,1,0
BRDA:167,32,0,0
BRDA:167,32,1,1
BRDA:178,33,0,0
BRDA:178,33,1,1
BRDA:190,34,0,0
BRDA:190,34,1,4
BRDA:190,35,0,4
BRDA:190,35,1,4
BRDA:197,36,0,3
BRDA:197,36,1,1
BRDA:207,37,0,0
BRDA:207,37,1,4
BRDA:219,38,0,0
BRDA:219,38,1,1
BRDA:219,39,0,1
BRDA:219,39,1,1
BRDA:229,40,0,0
BRDA:229,40,1,1
BRF:81
BRH:58
end_of_record
TN:
SF:src\controllers\user.controller.js
FN:10,(anonymous_0)
FN:54,(anonymous_1)
FN:77,(anonymous_2)
FN:94,(anonymous_3)
FN:102,(anonymous_4)
FN:129,(anonymous_5)
FN:142,(anonymous_6)
FN:150,(anonymous_7)
FN:163,(anonymous_8)
FN:180,(anonymous_9)
FN:194,(anonymous_10)
FNF:11
FNH:11
FNDA:66,(anonymous_0)
FNDA:2,(anonymous_1)
FNDA:53,(anonymous_2)
FNDA:1,(anonymous_3)
FNDA:53,(anonymous_4)
FNDA:1,(anonymous_5)
FNDA:1,(anonymous_6)
FNDA:2,(anonymous_7)
FNDA:1,(anonymous_8)
FNDA:2,(anonymous_9)
FNDA:1,(anonymous_10)
DA:10,4
DA:11,66
DA:12,66
DA:15,66
DA:16,66
DA:19,65
DA:20,65
DA:23,65
DA:32,65
DA:33,65
DA:36,65
DA:38,65
DA:49,1
DA:54,4
DA:55,2
DA:56,2
DA:57,2
DA:59,2
DA:60,2
DA:62,2
DA:63,1
DA:64,1
DA:65,1
DA:68,1
DA:69,1
DA:71,1
DA:72,1
DA:73,1
DA:77,4
DA:78,53
DA:79,53
DA:80,53
DA:82,53
DA:83,1
DA:86,52
DA:87,52
DA:89,52
DA:90,1
DA:94,4
DA:95,1
DA:96,1
DA:97,1
DA:98,0
DA:102,4
DA:103,53
DA:104,53
DA:105,53
DA:107,53
DA:109,52
DA:117,52
DA:118,52
DA:121,1
DA:124,53
DA:125,0
DA:129,4
DA:130,1
DA:131,1
DA:132,0
DA:134,0
DA:135,0
DA:137,0
DA:138,1
DA:142,4
DA:143,1
DA:144,1
DA:145,1
DA:146,0
DA:150,4
DA:151,2
DA:152,2
DA:153,2
DA:155,1
DA:156,1
DA:158,1
DA:159,1
DA:163,4
DA:164,1
DA:166,1
DA:170,1
DA:175,0
DA:180,4
DA:181,2
DA:182,2
DA:183,2
DA:184,1
DA:186,1
DA:188,2
DA:189,2
DA:190,0
DA:194,4
DA:195,1
DA:196,1
DA:198,1
DA:206,1
DA:207,1
DA:208,0
LF:96
LH:86
BRDA:16,0,0,1
BRDA:16,0,1,65
BRDA:59,1,0,0
BRDA:59,1,1,2
BRDA:60,2,0,0
BRDA:60,2,1,2
BRDA:62,3,0,1
BRDA:62,3,1,1
BRDA:82,4,0,1
BRDA:82,4,1,52
BRDA:82,5,0,53
BRDA:82,5,1,53
BRDA:107,6,0,52
BRDA:107,6,1,1
BRDA:109,7,0,0
BRDA:109,7,1,52
BRDA:131,8,0,1
BRDA:131,8,1,0
BRDA:132,9,0,0
BRDA:132,9,1,0
BRDA:153,10,0,1
BRDA:153,10,1,1
BRDA:183,11,0,1
BRDA:183,11,1,1
BRF:24
BRH:18
end_of_record
TN:
SF:src\middleware\auth.middleware.js
FN:6,(anonymous_0)
FNF:1
FNH:1
FNDA:239,(anonymous_0)
DA:6,5
DA:7,239
DA:10,239
DA:11,234
DA:14,239
DA:15,5
DA:19,234
DA:22,232
DA:24,232
DA:25,0
DA:29,232
DA:30,232
DA:32,2
LF:13
LH:12
BRDA:10,0,0,234
BRDA:10,0,1,5
BRDA:14,1,0,5
BRDA:14,1,1,234
BRDA:24,2,0,0
BRDA:24,2,1,232
BRF:6
BRH:5
end_of_record
TN:
SF:src\middleware\error-handler.js
FN:3,(anonymous_0)
FN:11,(anonymous_1)
FNF:2
FNH:1
FNDA:30,(anonymous_0)
FNDA:0,(anonymous_1)
DA:3,5
DA:4,30
DA:5,30
DA:8,30
DA:11,30
DA:12,0
DA:15,30
LF:7
LH:6
BRDA:4,0,0,30
BRDA:4,0,1,1
BRDA:5,1,0,30
BRDA:5,1,1,1
BRDA:19,2,0,30
BRDA:19,2,1,0
BRF:6
BRH:5
end_of_record
TN:
SF:src\middleware\role.middleware.js
FN:3,(anonymous_0)
FN:4,(anonymous_1)
FNF:2
FNH:2
FNDA:6,(anonymous_0)
FNDA:3,(anonymous_1)
DA:3,5
DA:4,6
DA:6,3
DA:7,1
DA:9,2
LF:5
LH:5
BRDA:6,0,0,1
BRDA:6,0,1,2
BRF:2
BRH:2
end_of_record
TN:
SF:src\middleware\upload.js
FN:5,(anonymous_0)
FN:8,(anonymous_1)
FN:14,(anonymous_2)
FNF:3
FNH:1
FNDA:0,(anonymous_0)
FNDA:0,(anonymous_1)
FNDA:2,(anonymous_2)
DA:4,5
DA:6,0
DA:9,0
DA:10,0
DA:14,5
DA:15,2
DA:16,1
DA:18,1
DA:22,5
LF:9
LH:6
BRDA:15,0,0,1
BRDA:15,0,1,1
BRF:2
BRH:2
end_of_record
TN:
SF:src\middleware\validate.js
FN:3,(anonymous_0)
FN:3,(anonymous_1)
FN:9,(anonymous_2)
FNF:3
FNH:3
FNDA:46,(anonymous_0)
FNDA:308,(anonymous_1)
FNDA:17,(anonymous_2)
DA:3,46
DA:4,308
DA:6,308
DA:8,8
DA:9,17
DA:12,8
DA:17,300
DA:18,300
LF:8
LH:8
BRDA:6,0,0,8
BRDA:6,0,1,300
BRF:2
BRH:2
end_of_record
TN:
SF:src\models\Client.js
FNF:0
FNH:0
DA:3,4
DA:82,4
LF:2
LH:2
BRF:0
BRH:0
end_of_record
TN:
SF:src\models\Company.js
FNF:0
FNH:0
DA:3,4
DA:86,4
LF:2
LH:2
BRF:0
BRH:0
end_of_record
TN:
SF:src\models\DeliveryNote.js
FN:47,(anonymous_0)
FN:54,(anonymous_1)
FN:61,(anonymous_2)
FN:68,(anonymous_3)
FN:86,(anonymous_4)
FNF:5
FNH:5
FNDA:25,(anonymous_0)
FNDA:25,(anonymous_1)
FNDA:25,(anonymous_2)
FNDA:25,(anonymous_3)
FNDA:25,(anonymous_4)
DA:3,4
DA:48,25
DA:55,25
DA:62,25
DA:69,25
DA:87,25
DA:119,4
LF:7
LH:7
BRF:0
BRH:0
end_of_record
TN:
SF:src\models\Project.js
FNF:0
FNH:0
DA:3,4
DA:94,4
LF:2
LH:2
BRF:0
BRH:0
end_of_record
TN:
SF:src\models\User.js
FN:116,(anonymous_0)
FNF:1
FNH:1
FNDA:65,(anonymous_0)
DA:4,5
DA:116,5
DA:117,65
DA:120,5
DA:121,5
DA:122,5
DA:123,5
DA:125,5
DA:127,5
LF:9
LH:9
BRF:0
BRH:0
end_of_record
TN:
SF:src\routes\client.routes.js
FNF:0
FNH:0
DA:7,4
DA:9,4
DA:11,4
DA:12,4
DA:13,4
DA:14,4
DA:15,4
DA:16,4
DA:17,4
LF:9
LH:9
BRF:0
BRH:0
end_of_record
TN:
SF:src\routes\deliverynote.routes.js
FNF:0
FNH:0
DA:7,4
DA:9,4
DA:11,4
DA:12,4
DA:13,4
DA:14,4
DA:15,4
DA:16,4
LF:8
LH:8
BRF:0
BRH:0
end_of_record
TN:
SF:src\routes\project.routes.js
FNF:0
FNH:0
DA:7,4
DA:9,4
DA:11,4
DA:12,4
DA:13,4
DA:14,4
DA:15,4
DA:16,4
DA:17,4
LF:9
LH:9
BRF:0
BRH:0
end_of_record
TN:
SF:src\routes\user.routes.js
FNF:0
FNH:0
DA:9,4
DA:12,4
DA:13,4
DA:14,4
DA:17,4
DA:19,4
DA:20,4
DA:21,4
DA:22,4
DA:23,4
DA:24,4
DA:25,4
DA:26,4
DA:29,4
LF:14
LH:14
BRF:0
BRH:0
end_of_record
TN:
SF:src\services\logger.service.js
FN:3,(anonymous_0)
FN:22,(anonymous_1)
FN:41,(anonymous_2)
FNF:3
FNH:2
FNDA:0,(anonymous_0)
FNDA:3,(anonymous_1)
FNDA:31,(anonymous_2)
DA:1,5
DA:3,5
DA:4,0
DA:5,0
DA:6,0
DA:7,0
DA:8,0
DA:10,0
DA:22,5
DA:23,3
DA:24,3
DA:27,0
DA:28,0
DA:29,0
DA:32,0
DA:34,0
DA:41,5
DA:42,31
DA:43,2
DA:44,2
DA:46,0
LF:21
LH:9
BRDA:6,0,0,0
BRDA:6,0,1,0
BRDA:7,1,0,0
BRDA:7,1,1,0
BRDA:8,2,0,0
BRDA:8,2,1,0
BRDA:23,3,0,3
BRDA:23,3,1,0
BRDA:27,4,0,0
BRDA:27,4,1,0
BRDA:27,5,0,0
BRDA:27,5,1,0
BRDA:27,5,2,0
BRDA:42,6,0,2
BRDA:42,6,1,29
BRF:15
BRH:3
end_of_record
TN:
SF:src\services\mail.service.js
FN:3,(anonymous_0)
FN:30,(anonymous_1)
FN:35,(anonymous_2)
FN:55,(anonymous_3)
FN:63,(anonymous_4)
FN:71,(anonymous_5)
FNF:6
FNH:4
FNDA:2,(anonymous_0)
FNDA:2,(anonymous_1)
FNDA:3,(anonymous_2)
FNDA:1,(anonymous_3)
FNDA:0,(anonymous_4)
FNDA:0,(anonymous_5)
DA:3,5
DA:4,2
DA:5,2
DA:6,2
DA:7,2
DA:8,2
DA:9,2
DA:11,2
DA:12,1
DA:15,1
DA:16,1
DA:22,0
DA:30,5
DA:31,2
DA:32,1
DA:35,5
DA:36,3
DA:37,1
DA:40,2
DA:41,1
DA:43,1
DA:51,1
DA:52,0
DA:55,5
DA:56,1
DA:57,1
DA:58,1
DA:60,1
DA:63,5
DA:64,0
DA:65,0
DA:66,0
DA:68,0
DA:71,5
DA:72,0
DA:73,0
DA:74,0
DA:76,0
LF:38
LH:28
BRDA:7,0,0,2
BRDA:7,0,1,2
BRDA:8,1,0,0
BRDA:8,1,1,2
BRDA:9,2,0,0
BRDA:9,2,1,2
BRDA:11,3,0,1
BRDA:11,3,1,1
BRDA:11,4,0,2
BRDA:11,4,1,1
BRDA:15,5,0,1
BRDA:15,5,1,0
BRDA:36,6,0,1
BRDA:36,6,1,2
BRDA:41,7,0,1
BRDA:41,7,1,1
BRF:16
BRH:13
end_of_record
TN:
SF:src\services\notification.service.js
FN:11,(anonymous_0)
FN:25,(anonymous_1)
FN:30,(anonymous_2)
FN:35,(anonymous_3)
FN:40,(anonymous_4)
FNF:5
FNH:5
FNDA:72,(anonymous_0)
FNDA:67,(anonymous_1)
FNDA:3,(anonymous_2)
FNDA:2,(anonymous_3)
FNDA:3,(anonymous_4)
DA:8,5
DA:9,5
DA:11,5
DA:12,72
DA:13,72
DA:14,72
DA:17,0
DA:18,0
DA:20,0
DA:25,5
DA:26,67
DA:27,67
DA:30,5
DA:31,3
DA:32,3
DA:35,5
DA:36,2
DA:37,2
DA:40,5
DA:41,3
LF:20
LH:17
BRDA:9,0,0,5
BRDA:9,0,1,0
BRDA:12,1,0,72
BRDA:12,1,1,0
BRF:4
BRH:2
end_of_record
TN:
SF:src\services\pdf.service.js
FN:5,(anonymous_0)
FN:9,(anonymous_1)
FN:15,(anonymous_2)
FN:53,(anonymous_3)
FN:79,(anonymous_4)
FNF:5
FNH:5
FNDA:7,(anonymous_0)
FNDA:7,(anonymous_1)
FNDA:7,(anonymous_2)
FNDA:2,(anonymous_3)
FNDA:7,(anonymous_4)
DA:5,5
DA:6,7
DA:9,5
DA:10,7
DA:11,7
DA:12,7
DA:15,5
DA:16,7
DA:17,7
DA:18,7
DA:19,7
DA:21,7
DA:23,7
DA:24,7
DA:26,7
DA:27,7
DA:28,7
DA:29,7
DA:30,7
DA:31,7
DA:32,7
DA:34,7
DA:35,7
DA:36,7
DA:38,7
DA:39,5
DA:40,5
DA:41,5
DA:42,5
DA:45,7
DA:46,2
DA:47,2
DA:48,2
DA:50,2
DA:51,1
DA:52,1
DA:53,1
DA:54,2
DA:59,7
DA:60,7
DA:61,7
DA:62,5
DA:65,7
DA:66,5
DA:67,5
DA:68,5
DA:69,5
DA:70,5
DA:72,0
DA:73,0
DA:77,7
DA:79,7
DA:80,7
DA:81,7
DA:84,7
LF:55
LH:53
BRDA:27,0,0,7
BRDA:27,0,1,0
BRDA:28,1,0,7
BRDA:28,1,1,0
BRDA:29,2,0,7
BRDA:29,2,1,2
BRDA:29,2,2,0
BRDA:35,3,0,7
BRDA:35,3,1,0
BRDA:38,4,0,5
BRDA:38,4,1,2
BRDA:40,5,0,5
BRDA:40,5,1,0
BRDA:41,6,0,5
BRDA:41,6,1,0
BRDA:42,7,0,5
BRDA:42,7,1,0
BRDA:45,8,0,2
BRDA:45,8,1,5
BRDA:47,9,0,2
BRDA:47,9,1,0
BRDA:50,10,0,1
BRDA:50,10,1,1
BRDA:50,11,0,2
BRDA:50,11,1,2
BRDA:60,12,0,5
BRDA:60,12,1,2
BRDA:61,13,0,5
BRDA:61,13,1,2
BRDA:61,14,0,7
BRDA:61,14,1,5
BRDA:65,15,0,5
BRDA:65,15,1,2
BRDA:65,16,0,7
BRDA:65,16,1,5
BRF:35
BRH:27
end_of_record
TN:
SF:src\utils\AppError.js
FN:2,(anonymous_0)
FN:12,(anonymous_1)
FN:13,(anonymous_2)
FN:14,(anonymous_3)
FN:15,(anonymous_4)
FN:16,(anonymous_5)
FNF:6
FNH:6
FNDA:49,(anonymous_0)
FNDA:2,(anonymous_1)
FNDA:2,(anonymous_2)
FNDA:2,(anonymous_3)
FNDA:3,(anonymous_4)
FNDA:2,(anonymous_5)
DA:3,49
DA:4,49
DA:5,49
DA:6,49
DA:8,49
DA:12,2
DA:13,2
DA:14,2
DA:15,3
DA:16,2
LF:10
LH:10
BRDA:5,0,0,48
BRDA:5,0,1,1
BRDA:12,1,0,2
BRDA:12,1,1,0
BRDA:13,2,0,2
BRDA:13,2,1,0
BRDA:14,3,0,2
BRDA:14,3,1,0
BRDA:15,4,0,3
BRDA:15,4,1,0
BRDA:16,5,0,2
BRDA:16,5,1,0
BRF:12
BRH:7
end_of_record
TN:
SF:src\validators\client.validator.js
FNF:0
FNH:0
DA:3,4
DA:11,4
DA:19,4
LF:3
LH:3
BRF:0
BRH:0
end_of_record
TN:
SF:src\validators\deliverynote.validator.js
FN:13,(anonymous_0)
FN:21,(anonymous_1)
FNF:2
FNH:2
FNDA:25,(anonymous_0)
FNDA:25,(anonymous_1)
DA:3,4
DA:8,4
DA:13,25
DA:22,25
DA:23,22
DA:24,2
DA:31,25
DA:32,3
DA:33,1
DA:38,3
DA:39,1
DA:47,4
LF:12
LH:12
BRDA:22,0,0,22
BRDA:22,0,1,3
BRDA:23,1,0,2
BRDA:23,1,1,20
BRDA:23,2,0,22
BRDA:23,2,1,21
BRDA:23,2,2,20
BRDA:31,3,0,3
BRDA:31,3,1,22
BRDA:32,4,0,1
BRDA:32,4,1,2
BRDA:38,5,0,1
BRDA:38,5,1,2
BRDA:38,6,0,3
BRDA:38,6,1,2
BRF:15
BRH:15
end_of_record
TN:
SF:src\validators\project.validator.js
FNF:0
FNH:0
DA:3,4
DA:11,4
DA:19,4
LF:3
LH:3
BRF:0
BRH:0
end_of_record
TN:
SF:src\validators\user.validator.js
FN:4,(anonymous_0)
FNF:1
FNH:1
FNDA:66,(anonymous_0)
DA:3,4
DA:4,66
DA:8,4
DA:13,4
DA:18,4
DA:24,4
LF:6
LH:6
BRF:0
BRH:0
end_of_record
